#
# There is insufficient memory for the Java Runtime Environment to continue.
# Native memory allocation (malloc) failed to allocate 1748400 bytes. Error detail: Chunk::new
# Possible reasons:
#   The system is out of physical RAM or swap space
#   This process is running with CompressedOops enabled, and the Java Heap may be blocking the growth of the native heap
# Possible solutions:
#   Reduce memory load on the system
#   Increase physical memory or swap space
#   Check if swap backing store is full
#   Decrease Java heap size (-Xmx/-Xms)
#   Decrease number of Java threads
#   Decrease Java thread stack sizes (-Xss)
#   Set larger code cache with -XX:ReservedCodeCacheSize=
#   JVM is running with Unscaled Compressed Oops mode in which the Java heap is
#     placed in the first 4GB address space. The Java Heap base address is the
#     maximum limit for the native heap growth. Please use -XX:HeapBaseMinAddress
#     to set the Java Heap base and to place the Java Heap above 4GB virtual address.
# This output file may be truncated or incomplete.
#
#  Out of Memory Error (arena.cpp:191), pid=9180, tid=132
#
# JRE version: OpenJDK Runtime Environment Temurin-17.0.13+11 (17.0.13+11) (build 17.0.13+11)
# Java VM: OpenJDK 64-Bit Server VM Temurin-17.0.13+11 (17.0.13+11, mixed mode, tiered, compressed oops, compressed class ptrs, parallel gc, windows-amd64)
# No core dump will be written. Minidumps are not enabled by default on client versions of Windows
#

---------------  S U M M A R Y ------------

Command Line: --add-modules=ALL-SYSTEM --add-opens=java.base/java.util=ALL-UNNAMED --add-opens=java.base/java.lang=ALL-UNNAMED --add-opens=java.base/sun.nio.fs=ALL-UNNAMED -Declipse.application=org.eclipse.jdt.ls.core.id1 -Dosgi.bundles.defaultStartLevel=4 -Declipse.product=org.eclipse.jdt.ls.core.product -Djava.import.generatesMetadataFilesAtProjectRoot=false -DDetectVMInstallationsJob.disabled=true -Dfile.encoding=utf8 -XX:+UseParallelGC -XX:GCTimeRatio=4 -XX:AdaptiveSizePolicyWeight=90 -Dsun.zip.disableMemoryMapping=true -Xmx1G -Xms100m -Xlog:disable -javaagent:c:\Users\dilee\.vscode\extensions\redhat.java-1.38.0-win32-x64\lombok\lombok-1.18.34.jar -XX:+HeapDumpOnOutOfMemoryError -XX:HeapDumpPath=c:\Users\dilee\AppData\Roaming\Code\User\workspaceStorage\59530ec292aceb0c47c04ba6be4cce8c\redhat.java -Daether.dependencyCollector.impl=bf c:\Users\dilee\.vscode\extensions\redhat.java-1.38.0-win32-x64\server\plugins\org.eclipse.equinox.launcher_1.6.900.v20240613-2009.jar -configuration c:\Users\dilee\AppData\Roaming\Code\User\globalStorage\redhat.java\1.38.0\config_win -data c:\Users\dilee\AppData\Roaming\Code\User\workspaceStorage\59530ec292aceb0c47c04ba6be4cce8c\redhat.java\jdt_ws --pipe=\\.\pipe\lsp-c0002ea08b2d7922c3ff75156920f095-sock

Host: 12th Gen Intel(R) Core(TM) i5-12450H, 12 cores, 15G,  Windows 11 , 64 bit Build 26100 (10.0.26100.2454)
Time: Sun Jan  5 17:08:57 2025 India Standard Time elapsed time: 6.544298 seconds (0d 0h 0m 6s)

---------------  T H R E A D  ---------------

Current thread (0x00000182d582b000):  JavaThread "C2 CompilerThread0" daemon [_thread_in_native, id=132, stack(0x0000005c47700000,0x0000005c47800000)]


Current CompileTask:
C2:   6544 4773       4       org.eclipse.core.internal.watson.ElementTreeIterator::doIteration (114 bytes)

Stack: [0x0000005c47700000,0x0000005c47800000]
Native frames: (J=compiled Java code, j=interpreted, Vv=VM code, C=native code)
V  [jvm.dll+0x682a19]
V  [jvm.dll+0x839538]
V  [jvm.dll+0x83afe3]
V  [jvm.dll+0x83b653]
V  [jvm.dll+0x24704f]
V  [jvm.dll+0xace34]
V  [jvm.dll+0xad4cc]
V  [jvm.dll+0x36597e]
V  [jvm.dll+0x1ba793]
V  [jvm.dll+0x2181a7]
V  [jvm.dll+0x21748f]
V  [jvm.dll+0x1a3070]
V  [jvm.dll+0x22788c]
V  [jvm.dll+0x2259eb]
V  [jvm.dll+0x7eec98]
V  [jvm.dll+0x7e8ffc]
V  [jvm.dll+0x6818f7]
C  [ucrtbase.dll+0x14ea0]
C  [KERNEL32.DLL+0x2e8d7]
C  [ntdll.dll+0xdfbcc]


---------------  P R O C E S S  ---------------

Threads class SMR info:
_java_thread_list=0x00000182d8f07350, length=45, elements={
0x00000182bc8afa20, 0x00000182d0735020, 0x00000182bc95ba80, 0x00000182d073d2e0,
0x00000182d073dcb0, 0x00000182d073e780, 0x00000182d582a400, 0x00000182d582b000,
0x00000182d583a7d0, 0x00000182d586f740, 0x00000182d5967f10, 0x00000182d5b77550,
0x00000182d798bfc0, 0x00000182d7b465b0, 0x00000182d7b7b970, 0x00000182d78f94b0,
0x00000182d7b15bf0, 0x00000182d81c9f20, 0x00000182d81c9500, 0x00000182d81c7bb0,
0x00000182d81c8ae0, 0x00000182d81c8ff0, 0x00000182d81c80c0, 0x00000182d81c9a10,
0x00000182d85f7150, 0x00000182d85ef060, 0x00000182d81c6770, 0x00000182d81c85d0,
0x00000182dab5a2b0, 0x00000182dab5b1e0, 0x00000182dab5d040, 0x00000182dab5c620,
0x00000182dab5c110, 0x00000182dab5cb30, 0x00000182dab5d550, 0x00000182dab5b6f0,
0x00000182dab5a7c0, 0x00000182dab5acd0, 0x00000182dab59da0, 0x00000182dab5da60,
0x00000182dab5f3b0, 0x00000182dab5e990, 0x00000182dab5eea0, 0x00000182dab5df70,
0x00000182dab5bc00
}

Java Threads: ( => current thread )
  0x00000182bc8afa20 JavaThread "main" [_thread_in_vm, id=9888, stack(0x0000005c46e00000,0x0000005c46f00000)]
  0x00000182d0735020 JavaThread "Reference Handler" daemon [_thread_blocked, id=18956, stack(0x0000005c47100000,0x0000005c47200000)]
  0x00000182bc95ba80 JavaThread "Finalizer" daemon [_thread_blocked, id=16000, stack(0x0000005c47200000,0x0000005c47300000)]
  0x00000182d073d2e0 JavaThread "Signal Dispatcher" daemon [_thread_blocked, id=4012, stack(0x0000005c47300000,0x0000005c47400000)]
  0x00000182d073dcb0 JavaThread "Attach Listener" daemon [_thread_blocked, id=14252, stack(0x0000005c47400000,0x0000005c47500000)]
  0x00000182d073e780 JavaThread "Service Thread" daemon [_thread_blocked, id=14372, stack(0x0000005c47500000,0x0000005c47600000)]
  0x00000182d582a400 JavaThread "Monitor Deflation Thread" daemon [_thread_blocked, id=2332, stack(0x0000005c47600000,0x0000005c47700000)]
=>0x00000182d582b000 JavaThread "C2 CompilerThread0" daemon [_thread_in_native, id=132, stack(0x0000005c47700000,0x0000005c47800000)]
  0x00000182d583a7d0 JavaThread "C1 CompilerThread0" daemon [_thread_in_native, id=16768, stack(0x0000005c47800000,0x0000005c47900000)]
  0x00000182d586f740 JavaThread "Sweeper thread" daemon [_thread_blocked, id=10664, stack(0x0000005c47900000,0x0000005c47a00000)]
  0x00000182d5967f10 JavaThread "Common-Cleaner" daemon [_thread_blocked, id=7076, stack(0x0000005c47a00000,0x0000005c47b00000)]
  0x00000182d5b77550 JavaThread "Notification Thread" daemon [_thread_blocked, id=7720, stack(0x0000005c47c00000,0x0000005c47d00000)]
  0x00000182d798bfc0 JavaThread "Active Thread: Equinox Container: 24f297cc-9e2b-4c2e-a444-fd0f9794411e" [_thread_blocked, id=10100, stack(0x0000005c48500000,0x0000005c48600000)]
  0x00000182d7b465b0 JavaThread "Refresh Thread: Equinox Container: 24f297cc-9e2b-4c2e-a444-fd0f9794411e" daemon [_thread_blocked, id=12408, stack(0x0000005c48600000,0x0000005c48700000)]
  0x00000182d7b7b970 JavaThread "Framework Event Dispatcher: Equinox Container: 24f297cc-9e2b-4c2e-a444-fd0f9794411e" daemon [_thread_blocked, id=12640, stack(0x0000005c48700000,0x0000005c48800000)]
  0x00000182d78f94b0 JavaThread "Start Level: Equinox Container: 24f297cc-9e2b-4c2e-a444-fd0f9794411e" daemon [_thread_blocked, id=11428, stack(0x0000005c48800000,0x0000005c48900000)]
  0x00000182d7b15bf0 JavaThread "Bundle File Closer" daemon [_thread_blocked, id=14420, stack(0x0000005c48a00000,0x0000005c48b00000)]
  0x00000182d81c9f20 JavaThread "SCR Component Actor" daemon [_thread_blocked, id=5080, stack(0x0000005c48d00000,0x0000005c48e00000)]
  0x00000182d81c9500 JavaThread "SCR Component Registry" daemon [_thread_blocked, id=16624, stack(0x0000005c48e00000,0x0000005c48f00000)]
  0x00000182d81c7bb0 JavaThread "Worker-JM" [_thread_blocked, id=7144, stack(0x0000005c47e00000,0x0000005c47f00000)]
  0x00000182d81c8ae0 JavaThread "JNA Cleaner" daemon [_thread_blocked, id=6392, stack(0x0000005c49000000,0x0000005c49100000)]
  0x00000182d81c8ff0 JavaThread "Worker-0: Repository registry initialization" [_thread_in_vm, id=17804, stack(0x0000005c48f00000,0x0000005c49000000)]
  0x00000182d81c80c0 JavaThread "Worker-1: Updating Maven Dependencies" [_thread_in_vm, id=9636, stack(0x0000005c49100000,0x0000005c49200000)]
  0x00000182d81c9a10 JavaThread "Worker-2: Initialize After Load" [_thread_in_Java, id=5944, stack(0x0000005c49200000,0x0000005c49300000)]
  0x00000182d85f7150 JavaThread "C2 CompilerThread1" daemon [_thread_in_native, id=19336, stack(0x0000005c47b00000,0x0000005c47c00000)]
  0x00000182d85ef060 JavaThread "C2 CompilerThread2" daemon [_thread_in_native, id=17572, stack(0x0000005c49300000,0x0000005c49400000)]
  0x00000182d81c6770 JavaThread "Java indexing" daemon [_thread_blocked, id=8216, stack(0x0000005c49400000,0x0000005c49500000)]
  0x00000182d81c85d0 JavaThread "Worker-3" [_thread_blocked, id=10500, stack(0x0000005c49700000,0x0000005c49800000)]
  0x00000182dab5a2b0 JavaThread "Worker-4" [_thread_blocked, id=16688, stack(0x0000005c49800000,0x0000005c49900000)]
  0x00000182dab5b1e0 JavaThread "Thread-2" daemon [_thread_in_native, id=18808, stack(0x0000005c49900000,0x0000005c49a00000)]
  0x00000182dab5d040 JavaThread "Thread-3" daemon [_thread_in_native, id=7176, stack(0x0000005c49a00000,0x0000005c49b00000)]
  0x00000182dab5c620 JavaThread "Thread-4" daemon [_thread_in_native, id=17328, stack(0x0000005c49b00000,0x0000005c49c00000)]
  0x00000182dab5c110 JavaThread "Thread-5" daemon [_thread_in_native, id=9600, stack(0x0000005c49c00000,0x0000005c49d00000)]
  0x00000182dab5cb30 JavaThread "Thread-6" daemon [_thread_in_native, id=8756, stack(0x0000005c49d00000,0x0000005c49e00000)]
  0x00000182dab5d550 JavaThread "Thread-7" daemon [_thread_in_native, id=13536, stack(0x0000005c49e00000,0x0000005c49f00000)]
  0x00000182dab5b6f0 JavaThread "Thread-8" daemon [_thread_in_native, id=8600, stack(0x0000005c49f00000,0x0000005c4a000000)]
  0x00000182dab5a7c0 JavaThread "Thread-9" daemon [_thread_in_native, id=18128, stack(0x0000005c4a000000,0x0000005c4a100000)]
  0x00000182dab5acd0 JavaThread "Thread-10" daemon [_thread_in_native, id=18992, stack(0x0000005c4a100000,0x0000005c4a200000)]
  0x00000182dab59da0 JavaThread "Thread-11" daemon [_thread_in_native, id=3684, stack(0x0000005c4a200000,0x0000005c4a300000)]
  0x00000182dab5da60 JavaThread "Thread-12" daemon [_thread_in_native, id=16376, stack(0x0000005c4a300000,0x0000005c4a400000)]
  0x00000182dab5f3b0 JavaThread "Thread-13" daemon [_thread_in_native, id=8176, stack(0x0000005c4a400000,0x0000005c4a500000)]
  0x00000182dab5e990 JavaThread "Thread-14" daemon [_thread_in_native, id=13512, stack(0x0000005c4a500000,0x0000005c4a600000)]
  0x00000182dab5eea0 JavaThread "pool-2-thread-1" [_thread_blocked, id=15872, stack(0x0000005c4a600000,0x0000005c4a700000)]
  0x00000182dab5df70 JavaThread "WorkspaceEventsHandler" [_thread_blocked, id=472, stack(0x0000005c4a700000,0x0000005c4a800000)]
  0x00000182dab5bc00 JavaThread "pool-1-thread-1" [_thread_in_vm, id=7748, stack(0x0000005c4a800000,0x0000005c4a900000)]

Other Threads:
  0x00000182ba61ec20 VMThread "VM Thread" [stack: 0x0000005c47000000,0x0000005c47100000] [id=7740]
  0x00000182d5b77a30 WatcherThread [stack: 0x0000005c47d00000,0x0000005c47e00000] [id=10136]
  0x00000182bc8c4d10 GCTaskThread "GC Thread#0" [stack: 0x0000005c46f00000,0x0000005c47000000] [id=2844]
  0x00000182d77ca2b0 GCTaskThread "GC Thread#1" [stack: 0x0000005c47f00000,0x0000005c48000000] [id=5832]
  0x00000182d7811dc0 GCTaskThread "GC Thread#2" [stack: 0x0000005c48000000,0x0000005c48100000] [id=18828]
  0x00000182d77abeb0 GCTaskThread "GC Thread#3" [stack: 0x0000005c48100000,0x0000005c48200000] [id=1980]
  0x00000182d780ae70 GCTaskThread "GC Thread#4" [stack: 0x0000005c48200000,0x0000005c48300000] [id=15856]
  0x00000182d780b130 GCTaskThread "GC Thread#5" [stack: 0x0000005c48300000,0x0000005c48400000] [id=9592]
  0x00000182d780b7f0 GCTaskThread "GC Thread#6" [stack: 0x0000005c48400000,0x0000005c48500000] [id=14548]
  0x00000182d7d18ce0 GCTaskThread "GC Thread#7" [stack: 0x0000005c48900000,0x0000005c48a00000] [id=9504]
  0x00000182d8218470 GCTaskThread "GC Thread#8" [stack: 0x0000005c48b00000,0x0000005c48c00000] [id=18384]
  0x00000182d8218730 GCTaskThread "GC Thread#9" [stack: 0x0000005c48c00000,0x0000005c48d00000] [id=808]

Threads with active compile tasks:
C2 CompilerThread0     6573 4773       4       org.eclipse.core.internal.watson.ElementTreeIterator::doIteration (114 bytes)
C1 CompilerThread0     6574 5381       2       sun.nio.fs.WindowsPathParser::normalize (233 bytes)
C2 CompilerThread1     6576 5208       4       com.sun.org.apache.xerces.internal.parsers.XIncludeAwareParserConfiguration::getFeatureState (40 bytes)
C2 CompilerThread2     6577 5249       4       com.sun.org.apache.xerces.internal.util.ParserConfigurationSettings::getFeatureState (46 bytes)

VM state: not at safepoint (normal execution)

VM Mutex/Monitor currently owned by a thread: None

Heap address: 0x00000000c0000000, size: 1024 MB, Compressed Oops mode: 32-bit

CDS archive(s) not mapped
Compressed class space mapped at: 0x0000000100000000-0x0000000140000000, reserved size: 1073741824
Narrow klass base: 0x0000000000000000, Narrow klass shift: 3, Narrow klass range: 0x140000000

GC Precious Log:
 CPUs: 12 total, 12 available
 Memory: 16092M
 Large Page Support: Disabled
 NUMA Support: Disabled
 Compressed Oops: Enabled (32-bit)
 Alignments: Space 512K, Generation 512K, Heap 2M
 Heap Min Capacity: 100M
 Heap Initial Capacity: 100M
 Heap Max Capacity: 1G
 Pre-touch: Disabled
 Parallel Workers: 10

Heap:
 PSYoungGen      total 23552K, used 12814K [0x00000000eab00000, 0x00000000ec680000, 0x0000000100000000)
  eden space 22016K, 51% used [0x00000000eab00000,0x00000000eb603858,0x00000000ec080000)
  from space 1536K, 100% used [0x00000000ec400000,0x00000000ec580000,0x00000000ec580000)
  to   space 3072K, 0% used [0x00000000ec080000,0x00000000ec080000,0x00000000ec380000)
 ParOldGen       total 68608K, used 24566K [0x00000000c0000000, 0x00000000c4300000, 0x00000000eab00000)
  object space 68608K, 35% used [0x00000000c0000000,0x00000000c17fd960,0x00000000c4300000)
 Metaspace       used 48609K, committed 49600K, reserved 1114112K
  class space    used 5156K, committed 5568K, reserved 1048576K

Card table byte_map: [0x00000182bc240000,0x00000182bc450000] _byte_map_base: 0x00000182bbc40000

Marking Bits: (ParMarkBitMap*) 0x00007ffe36086940
 Begin Bits: [0x00000182ce540000, 0x00000182cf540000)
 End Bits:   [0x00000182cf540000, 0x00000182d0540000)

Polling page: 0x00000182ba510000

Metaspace:

Usage:
  Non-class:     42.43 MB used.
      Class:      5.04 MB used.
       Both:     47.47 MB used.

Virtual space:
  Non-class space:       64.00 MB reserved,      43.00 MB ( 67%) committed,  1 nodes.
      Class space:        1.00 GB reserved,       5.44 MB ( <1%) committed,  1 nodes.
             Both:        1.06 GB reserved,      48.44 MB (  4%) committed. 

Chunk freelists:
   Non-Class:  4.72 MB
       Class:  10.53 MB
        Both:  15.24 MB

MaxMetaspaceSize: unlimited
CompressedClassSpaceSize: 1.00 GB
Initial GC threshold: 21.00 MB
Current GC threshold: 58.38 MB
CDS: off
MetaspaceReclaimPolicy: balanced
 - commit_granule_bytes: 65536.
 - commit_granule_words: 8192.
 - virtual_space_node_default_size: 8388608.
 - enlarge_chunks_in_place: 1.
 - new_chunks_are_fully_committed: 0.
 - uncommit_free_chunks: 1.
 - use_allocation_guard: 0.
 - handle_deallocations: 1.


Internal statistics:

num_allocs_failed_limit: 6.
num_arena_births: 520.
num_arena_deaths: 14.
num_vsnodes_births: 2.
num_vsnodes_deaths: 0.
num_space_committed: 775.
num_space_uncommitted: 0.
num_chunks_returned_to_freelist: 20.
num_chunks_taken_from_freelist: 2462.
num_chunk_merges: 11.
num_chunk_splits: 1436.
num_chunks_enlarged: 734.
num_inconsistent_stats: 0.

CodeHeap 'non-profiled nmethods': size=120000Kb used=2223Kb max_used=2657Kb free=117776Kb
 bounds [0x00000182c7010000, 0x00000182c72b0000, 0x00000182ce540000]
CodeHeap 'profiled nmethods': size=120000Kb used=8584Kb max_used=10702Kb free=111415Kb
 bounds [0x00000182bf540000, 0x00000182bffc0000, 0x00000182c6a70000]
CodeHeap 'non-nmethods': size=5760Kb used=1294Kb max_used=1329Kb free=4465Kb
 bounds [0x00000182c6a70000, 0x00000182c6ce0000, 0x00000182c7010000]
 total_blobs=5183 nmethods=4554 adapters=542
 compilation: enabled
              stopped_count=0, restarted_count=0
 full_count=0

Compilation events (20 events):
Event: 5.540 Thread 0x00000182d583a7d0 nmethod 5360 0x00000182bf8aed10 code [0x00000182bf8aeea0, 0x00000182bf8aefc8]
Event: 5.540 Thread 0x00000182d583a7d0 5361       2       java.time.temporal.ValueRange::checkValidValue (24 bytes)
Event: 5.540 Thread 0x00000182d583a7d0 nmethod 5361 0x00000182bf95af10 code [0x00000182bf95b0c0, 0x00000182bf95b298]
Event: 5.540 Thread 0x00000182d583a7d0 5355       1       java.time.LocalDateTime::toLocalDate (5 bytes)
Event: 5.540 Thread 0x00000182d583a7d0 nmethod 5355 0x00000182c7071190 code [0x00000182c7071320, 0x00000182c70713f8]
Event: 5.540 Thread 0x00000182d583a7d0 5362       2       java.time.format.DateTimeParseContext::currentParsed (20 bytes)
Event: 5.540 Thread 0x00000182d583a7d0 nmethod 5362 0x00000182bfb6f490 code [0x00000182bfb6f640, 0x00000182bfb6f808]
Event: 5.540 Thread 0x00000182d583a7d0 5364       2       java.time.temporal.ValueRange::isIntValue (28 bytes)
Event: 5.540 Thread 0x00000182d583a7d0 nmethod 5364 0x00000182bfb7bb90 code [0x00000182bfb7bd20, 0x00000182bfb7be58]
Event: 5.541 Thread 0x00000182d583a7d0 5367       2       java.math.BigDecimal::<init> (27 bytes)
Event: 5.541 Thread 0x00000182d583a7d0 nmethod 5367 0x00000182bfc85d90 code [0x00000182bfc85f20, 0x00000182bfc86058]
Event: 5.541 Thread 0x00000182d583a7d0 5369       2       java.time.temporal.ChronoField::checkValidIntValue (10 bytes)
Event: 5.541 Thread 0x00000182d583a7d0 nmethod 5369 0x00000182bfd65190 code [0x00000182bfd65320, 0x00000182bfd65448]
Event: 5.541 Thread 0x00000182d583a7d0 5368       2       java.util.Collections$SingletonList::get (41 bytes)
Event: 5.541 Thread 0x00000182d583a7d0 nmethod 5368 0x00000182bfeadf10 code [0x00000182bfeae100, 0x00000182bfeae468]
Event: 5.541 Thread 0x00000182d583a7d0 5377       3       java.lang.Character::digit (6 bytes)
Event: 5.542 Thread 0x00000182d583a7d0 nmethod 5377 0x00000182bfadb310 code [0x00000182bfadb4c0, 0x00000182bfadb6f8]
Event: 5.542 Thread 0x00000182d583a7d0 5378       3       java.time.format.DateTimeParseContext::getDecimalStyle (8 bytes)
Event: 5.542 Thread 0x00000182d583a7d0 nmethod 5378 0x00000182bfd6c190 code [0x00000182bfd6c320, 0x00000182bfd6c458]
Event: 5.542 Thread 0x00000182d583a7d0 5380       2       java.time.format.DateTimeFormatterBuilder$NumberPrinterParser::parse (609 bytes)

GC Heap History (20 events):
Event: 4.877 GC heap before
{Heap before GC invocations=11 (full 1):
 PSYoungGen      total 25088K, used 25061K [0x00000000eab00000, 0x00000000eca80000, 0x0000000100000000)
  eden space 22016K, 100% used [0x00000000eab00000,0x00000000ec080000,0x00000000ec080000)
  from space 3072K, 99% used [0x00000000ec100000,0x00000000ec3f97e8,0x00000000ec400000)
  to   space 5120K, 0% used [0x00000000ec580000,0x00000000ec580000,0x00000000eca80000)
 ParOldGen       total 68608K, used 16394K [0x00000000c0000000, 0x00000000c4300000, 0x00000000eab00000)
  object space 68608K, 23% used [0x00000000c0000000,0x00000000c10029c8,0x00000000c4300000)
 Metaspace       used 34983K, committed 35712K, reserved 1114112K
  class space    used 3544K, committed 3840K, reserved 1048576K
}
Event: 4.880 GC heap after
{Heap after GC invocations=11 (full 1):
 PSYoungGen      total 23040K, used 778K [0x00000000eab00000, 0x00000000ec680000, 0x0000000100000000)
  eden space 22016K, 0% used [0x00000000eab00000,0x00000000eab00000,0x00000000ec080000)
  from space 1024K, 76% used [0x00000000ec580000,0x00000000ec642a30,0x00000000ec680000)
  to   space 2048K, 0% used [0x00000000ec280000,0x00000000ec280000,0x00000000ec480000)
 ParOldGen       total 68608K, used 19062K [0x00000000c0000000, 0x00000000c4300000, 0x00000000eab00000)
  object space 68608K, 27% used [0x00000000c0000000,0x00000000c129db90,0x00000000c4300000)
 Metaspace       used 34983K, committed 35712K, reserved 1114112K
  class space    used 3544K, committed 3840K, reserved 1048576K
}
Event: 4.891 GC heap before
{Heap before GC invocations=12 (full 1):
 PSYoungGen      total 23040K, used 2548K [0x00000000eab00000, 0x00000000ec680000, 0x0000000100000000)
  eden space 22016K, 8% used [0x00000000eab00000,0x00000000eacba8e8,0x00000000ec080000)
  from space 1024K, 76% used [0x00000000ec580000,0x00000000ec642a30,0x00000000ec680000)
  to   space 2048K, 0% used [0x00000000ec280000,0x00000000ec280000,0x00000000ec480000)
 ParOldGen       total 68608K, used 19062K [0x00000000c0000000, 0x00000000c4300000, 0x00000000eab00000)
  object space 68608K, 27% used [0x00000000c0000000,0x00000000c129db90,0x00000000c4300000)
 Metaspace       used 35203K, committed 35840K, reserved 1114112K
  class space    used 3568K, committed 3840K, reserved 1048576K
}
Event: 4.892 GC heap after
{Heap after GC invocations=12 (full 1):
 PSYoungGen      total 24064K, used 320K [0x00000000eab00000, 0x00000000ec600000, 0x0000000100000000)
  eden space 22016K, 0% used [0x00000000eab00000,0x00000000eab00000,0x00000000ec080000)
  from space 2048K, 15% used [0x00000000ec280000,0x00000000ec2d0000,0x00000000ec480000)
  to   space 1024K, 0% used [0x00000000ec500000,0x00000000ec500000,0x00000000ec600000)
 ParOldGen       total 68608K, used 19626K [0x00000000c0000000, 0x00000000c4300000, 0x00000000eab00000)
  object space 68608K, 28% used [0x00000000c0000000,0x00000000c132a928,0x00000000c4300000)
 Metaspace       used 35203K, committed 35840K, reserved 1114112K
  class space    used 3568K, committed 3840K, reserved 1048576K
}
Event: 4.892 GC heap before
{Heap before GC invocations=13 (full 2):
 PSYoungGen      total 24064K, used 320K [0x00000000eab00000, 0x00000000ec600000, 0x0000000100000000)
  eden space 22016K, 0% used [0x00000000eab00000,0x00000000eab00000,0x00000000ec080000)
  from space 2048K, 15% used [0x00000000ec280000,0x00000000ec2d0000,0x00000000ec480000)
  to   space 1024K, 0% used [0x00000000ec500000,0x00000000ec500000,0x00000000ec600000)
 ParOldGen       total 68608K, used 19626K [0x00000000c0000000, 0x00000000c4300000, 0x00000000eab00000)
  object space 68608K, 28% used [0x00000000c0000000,0x00000000c132a928,0x00000000c4300000)
 Metaspace       used 35203K, committed 35840K, reserved 1114112K
  class space    used 3568K, committed 3840K, reserved 1048576K
}
Event: 4.913 GC heap after
{Heap after GC invocations=13 (full 2):
 PSYoungGen      total 24064K, used 0K [0x00000000eab00000, 0x00000000ec600000, 0x0000000100000000)
  eden space 22016K, 0% used [0x00000000eab00000,0x00000000eab00000,0x00000000ec080000)
  from space 2048K, 0% used [0x00000000ec280000,0x00000000ec280000,0x00000000ec480000)
  to   space 1024K, 0% used [0x00000000ec500000,0x00000000ec500000,0x00000000ec600000)
 ParOldGen       total 68608K, used 17891K [0x00000000c0000000, 0x00000000c4300000, 0x00000000eab00000)
  object space 68608K, 26% used [0x00000000c0000000,0x00000000c1178c00,0x00000000c4300000)
 Metaspace       used 35190K, committed 35840K, reserved 1114112K
  class space    used 3564K, committed 3840K, reserved 1048576K
}
Event: 4.980 GC heap before
{Heap before GC invocations=14 (full 2):
 PSYoungGen      total 24064K, used 22016K [0x00000000eab00000, 0x00000000ec600000, 0x0000000100000000)
  eden space 22016K, 100% used [0x00000000eab00000,0x00000000ec080000,0x00000000ec080000)
  from space 2048K, 0% used [0x00000000ec280000,0x00000000ec280000,0x00000000ec480000)
  to   space 1024K, 0% used [0x00000000ec500000,0x00000000ec500000,0x00000000ec600000)
 ParOldGen       total 68608K, used 17891K [0x00000000c0000000, 0x00000000c4300000, 0x00000000eab00000)
  object space 68608K, 26% used [0x00000000c0000000,0x00000000c1178c00,0x00000000c4300000)
 Metaspace       used 36706K, committed 37440K, reserved 1114112K
  class space    used 3705K, committed 4032K, reserved 1048576K
}
Event: 4.981 GC heap after
{Heap after GC invocations=14 (full 2):
 PSYoungGen      total 23040K, used 622K [0x00000000eab00000, 0x00000000ec600000, 0x0000000100000000)
  eden space 22016K, 0% used [0x00000000eab00000,0x00000000eab00000,0x00000000ec080000)
  from space 1024K, 60% used [0x00000000ec500000,0x00000000ec59b890,0x00000000ec600000)
  to   space 1024K, 0% used [0x00000000ec400000,0x00000000ec400000,0x00000000ec500000)
 ParOldGen       total 68608K, used 19461K [0x00000000c0000000, 0x00000000c4300000, 0x00000000eab00000)
  object space 68608K, 28% used [0x00000000c0000000,0x00000000c1301620,0x00000000c4300000)
 Metaspace       used 36706K, committed 37440K, reserved 1114112K
  class space    used 3705K, committed 4032K, reserved 1048576K
}
Event: 5.053 GC heap before
{Heap before GC invocations=15 (full 2):
 PSYoungGen      total 23040K, used 22638K [0x00000000eab00000, 0x00000000ec600000, 0x0000000100000000)
  eden space 22016K, 100% used [0x00000000eab00000,0x00000000ec080000,0x00000000ec080000)
  from space 1024K, 60% used [0x00000000ec500000,0x00000000ec59b890,0x00000000ec600000)
  to   space 1024K, 0% used [0x00000000ec400000,0x00000000ec400000,0x00000000ec500000)
 ParOldGen       total 68608K, used 19461K [0x00000000c0000000, 0x00000000c4300000, 0x00000000eab00000)
  object space 68608K, 28% used [0x00000000c0000000,0x00000000c1301620,0x00000000c4300000)
 Metaspace       used 37803K, committed 38592K, reserved 1114112K
  class space    used 3812K, committed 4160K, reserved 1048576K
}
Event: 5.053 GC heap after
{Heap after GC invocations=15 (full 2):
 PSYoungGen      total 23040K, used 576K [0x00000000eab00000, 0x00000000ec580000, 0x0000000100000000)
  eden space 22016K, 0% used [0x00000000eab00000,0x00000000eab00000,0x00000000ec080000)
  from space 1024K, 56% used [0x00000000ec400000,0x00000000ec490000,0x00000000ec500000)
  to   space 512K, 0% used [0x00000000ec500000,0x00000000ec500000,0x00000000ec580000)
 ParOldGen       total 68608K, used 19871K [0x00000000c0000000, 0x00000000c4300000, 0x00000000eab00000)
  object space 68608K, 28% used [0x00000000c0000000,0x00000000c1367e10,0x00000000c4300000)
 Metaspace       used 37803K, committed 38592K, reserved 1114112K
  class space    used 3812K, committed 4160K, reserved 1048576K
}
Event: 5.168 GC heap before
{Heap before GC invocations=16 (full 2):
 PSYoungGen      total 23040K, used 22592K [0x00000000eab00000, 0x00000000ec580000, 0x0000000100000000)
  eden space 22016K, 100% used [0x00000000eab00000,0x00000000ec080000,0x00000000ec080000)
  from space 1024K, 56% used [0x00000000ec400000,0x00000000ec490000,0x00000000ec500000)
  to   space 512K, 0% used [0x00000000ec500000,0x00000000ec500000,0x00000000ec580000)
 ParOldGen       total 68608K, used 19871K [0x00000000c0000000, 0x00000000c4300000, 0x00000000eab00000)
  object space 68608K, 28% used [0x00000000c0000000,0x00000000c1367e10,0x00000000c4300000)
 Metaspace       used 40460K, committed 41280K, reserved 1114112K
  class space    used 4110K, committed 4416K, reserved 1048576K
}
Event: 5.169 GC heap after
{Heap after GC invocations=16 (full 2):
 PSYoungGen      total 22528K, used 492K [0x00000000eab00000, 0x00000000ec580000, 0x0000000100000000)
  eden space 22016K, 0% used [0x00000000eab00000,0x00000000eab00000,0x00000000ec080000)
  from space 512K, 96% used [0x00000000ec500000,0x00000000ec57b330,0x00000000ec580000)
  to   space 2048K, 0% used [0x00000000ec180000,0x00000000ec180000,0x00000000ec380000)
 ParOldGen       total 68608K, used 20834K [0x00000000c0000000, 0x00000000c4300000, 0x00000000eab00000)
  object space 68608K, 30% used [0x00000000c0000000,0x00000000c14588f8,0x00000000c4300000)
 Metaspace       used 40460K, committed 41280K, reserved 1114112K
  class space    used 4110K, committed 4416K, reserved 1048576K
}
Event: 5.290 GC heap before
{Heap before GC invocations=17 (full 2):
 PSYoungGen      total 22528K, used 22508K [0x00000000eab00000, 0x00000000ec580000, 0x0000000100000000)
  eden space 22016K, 100% used [0x00000000eab00000,0x00000000ec080000,0x00000000ec080000)
  from space 512K, 96% used [0x00000000ec500000,0x00000000ec57b330,0x00000000ec580000)
  to   space 2048K, 0% used [0x00000000ec180000,0x00000000ec180000,0x00000000ec380000)
 ParOldGen       total 68608K, used 20834K [0x00000000c0000000, 0x00000000c4300000, 0x00000000eab00000)
  object space 68608K, 30% used [0x00000000c0000000,0x00000000c14588f8,0x00000000c4300000)
 Metaspace       used 43042K, committed 43904K, reserved 1114112K
  class space    used 4454K, committed 4800K, reserved 1048576K
}
Event: 5.291 GC heap after
{Heap after GC invocations=17 (full 2):
 PSYoungGen      total 24064K, used 1276K [0x00000000eab00000, 0x00000000ec580000, 0x0000000100000000)
  eden space 22016K, 0% used [0x00000000eab00000,0x00000000eab00000,0x00000000ec080000)
  from space 2048K, 62% used [0x00000000ec180000,0x00000000ec2bf1a0,0x00000000ec380000)
  to   space 1536K, 0% used [0x00000000ec400000,0x00000000ec400000,0x00000000ec580000)
 ParOldGen       total 68608K, used 21321K [0x00000000c0000000, 0x00000000c4300000, 0x00000000eab00000)
  object space 68608K, 31% used [0x00000000c0000000,0x00000000c14d24b0,0x00000000c4300000)
 Metaspace       used 43042K, committed 43904K, reserved 1114112K
  class space    used 4454K, committed 4800K, reserved 1048576K
}
Event: 5.362 GC heap before
{Heap before GC invocations=18 (full 2):
 PSYoungGen      total 24064K, used 23292K [0x00000000eab00000, 0x00000000ec580000, 0x0000000100000000)
  eden space 22016K, 100% used [0x00000000eab00000,0x00000000ec080000,0x00000000ec080000)
  from space 2048K, 62% used [0x00000000ec180000,0x00000000ec2bf1a0,0x00000000ec380000)
  to   space 1536K, 0% used [0x00000000ec400000,0x00000000ec400000,0x00000000ec580000)
 ParOldGen       total 68608K, used 21321K [0x00000000c0000000, 0x00000000c4300000, 0x00000000eab00000)
  object space 68608K, 31% used [0x00000000c0000000,0x00000000c14d24b0,0x00000000c4300000)
 Metaspace       used 44648K, committed 45568K, reserved 1114112K
  class space    used 4675K, committed 5120K, reserved 1048576K
}
Event: 5.363 GC heap after
{Heap after GC invocations=18 (full 2):
 PSYoungGen      total 23040K, used 720K [0x00000000eab00000, 0x00000000ec500000, 0x0000000100000000)
  eden space 22016K, 0% used [0x00000000eab00000,0x00000000eab00000,0x00000000ec080000)
  from space 1024K, 70% used [0x00000000ec400000,0x00000000ec4b4010,0x00000000ec500000)
  to   space 1024K, 0% used [0x00000000ec300000,0x00000000ec300000,0x00000000ec400000)
 ParOldGen       total 68608K, used 22330K [0x00000000c0000000, 0x00000000c4300000, 0x00000000eab00000)
  object space 68608K, 32% used [0x00000000c0000000,0x00000000c15ce9c8,0x00000000c4300000)
 Metaspace       used 44648K, committed 45568K, reserved 1114112K
  class space    used 4675K, committed 5120K, reserved 1048576K
}
Event: 5.424 GC heap before
{Heap before GC invocations=19 (full 2):
 PSYoungGen      total 23040K, used 22736K [0x00000000eab00000, 0x00000000ec500000, 0x0000000100000000)
  eden space 22016K, 100% used [0x00000000eab00000,0x00000000ec080000,0x00000000ec080000)
  from space 1024K, 70% used [0x00000000ec400000,0x00000000ec4b4010,0x00000000ec500000)
  to   space 1024K, 0% used [0x00000000ec300000,0x00000000ec300000,0x00000000ec400000)
 ParOldGen       total 68608K, used 22330K [0x00000000c0000000, 0x00000000c4300000, 0x00000000eab00000)
  object space 68608K, 32% used [0x00000000c0000000,0x00000000c15ce9c8,0x00000000c4300000)
 Metaspace       used 46504K, committed 47424K, reserved 1114112K
  class space    used 4914K, committed 5312K, reserved 1048576K
}
Event: 5.425 GC heap after
{Heap after GC invocations=19 (full 2):
 PSYoungGen      total 23040K, used 992K [0x00000000eab00000, 0x00000000ec580000, 0x0000000100000000)
  eden space 22016K, 0% used [0x00000000eab00000,0x00000000eab00000,0x00000000ec080000)
  from space 1024K, 96% used [0x00000000ec300000,0x00000000ec3f81d0,0x00000000ec400000)
  to   space 1536K, 0% used [0x00000000ec400000,0x00000000ec400000,0x00000000ec580000)
 ParOldGen       total 68608K, used 23585K [0x00000000c0000000, 0x00000000c4300000, 0x00000000eab00000)
  object space 68608K, 34% used [0x00000000c0000000,0x00000000c1708630,0x00000000c4300000)
 Metaspace       used 46504K, committed 47424K, reserved 1114112K
  class space    used 4914K, committed 5312K, reserved 1048576K
}
Event: 5.497 GC heap before
{Heap before GC invocations=20 (full 2):
 PSYoungGen      total 23040K, used 23008K [0x00000000eab00000, 0x00000000ec580000, 0x0000000100000000)
  eden space 22016K, 100% used [0x00000000eab00000,0x00000000ec080000,0x00000000ec080000)
  from space 1024K, 96% used [0x00000000ec300000,0x00000000ec3f81d0,0x00000000ec400000)
  to   space 1536K, 0% used [0x00000000ec400000,0x00000000ec400000,0x00000000ec580000)
 ParOldGen       total 68608K, used 23585K [0x00000000c0000000, 0x00000000c4300000, 0x00000000eab00000)
  object space 68608K, 34% used [0x00000000c0000000,0x00000000c1708630,0x00000000c4300000)
 Metaspace       used 47741K, committed 48768K, reserved 1114112K
  class space    used 5057K, committed 5504K, reserved 1048576K
}
Event: 5.498 GC heap after
{Heap after GC invocations=20 (full 2):
 PSYoungGen      total 23552K, used 1536K [0x00000000eab00000, 0x00000000ec680000, 0x0000000100000000)
  eden space 22016K, 0% used [0x00000000eab00000,0x00000000eab00000,0x00000000ec080000)
  from space 1536K, 100% used [0x00000000ec400000,0x00000000ec580000,0x00000000ec580000)
  to   space 3072K, 0% used [0x00000000ec080000,0x00000000ec080000,0x00000000ec380000)
 ParOldGen       total 68608K, used 24566K [0x00000000c0000000, 0x00000000c4300000, 0x00000000eab00000)
  object space 68608K, 35% used [0x00000000c0000000,0x00000000c17fd960,0x00000000c4300000)
 Metaspace       used 47741K, committed 48768K, reserved 1114112K
  class space    used 5057K, committed 5504K, reserved 1048576K
}

Dll operation events (10 events):
Event: 0.008 Loaded shared library c:\Users\dilee\.vscode\extensions\redhat.java-1.38.0-win32-x64\jre\17.0.13-win32-x86_64\bin\java.dll
Event: 0.093 Loaded shared library c:\Users\dilee\.vscode\extensions\redhat.java-1.38.0-win32-x64\jre\17.0.13-win32-x86_64\bin\zip.dll
Event: 0.094 Loaded shared library C:\Users\dilee\.vscode\extensions\redhat.java-1.38.0-win32-x64\jre\17.0.13-win32-x86_64\bin\instrument.dll
Event: 0.101 Loaded shared library C:\Users\dilee\.vscode\extensions\redhat.java-1.38.0-win32-x64\jre\17.0.13-win32-x86_64\bin\net.dll
Event: 0.102 Loaded shared library C:\Users\dilee\.vscode\extensions\redhat.java-1.38.0-win32-x64\jre\17.0.13-win32-x86_64\bin\nio.dll
Event: 0.107 Loaded shared library C:\Users\dilee\.vscode\extensions\redhat.java-1.38.0-win32-x64\jre\17.0.13-win32-x86_64\bin\zip.dll
Event: 0.118 Loaded shared library C:\Users\dilee\.vscode\extensions\redhat.java-1.38.0-win32-x64\jre\17.0.13-win32-x86_64\bin\jimage.dll
Event: 0.152 Loaded shared library c:\Users\dilee\.vscode\extensions\redhat.java-1.38.0-win32-x64\jre\17.0.13-win32-x86_64\bin\verify.dll
Event: 0.807 Loaded shared library C:\Users\dilee\AppData\Roaming\Code\User\globalStorage\redhat.java\1.38.0\config_win\org.eclipse.equinox.launcher\org.eclipse.equinox.launcher.win32.win32.x86_64_1.2.1100.v20240722-2106\eclipse_11904.dll
Event: 2.051 Loaded shared library C:\Users\dilee\AppData\Local\Temp\jna-95587175\jna1399723547667569930.dll

Deoptimization events (20 events):
Event: 5.499 Thread 0x00000182d81c80c0 Uncommon trap: trap_request=0xffffff45 fr.pc=0x00000182c70a6e9c relative=0x000000000000125c
Event: 5.499 Thread 0x00000182d81c80c0 Uncommon trap: reason=unstable_if action=reinterpret pc=0x00000182c70a6e9c method=lombok.patcher.ScriptManager$OurClassFileTransformer.transform(Ljava/lang/ClassLoader;Ljava/lang/String;Ljava/lang/Class;Ljava/security/ProtectionDomain;[B)[B @ 1 c2
Event: 5.499 Thread 0x00000182d81c80c0 DEOPT PACKING pc=0x00000182c70a6e9c sp=0x0000005c491fc3b0
Event: 5.499 Thread 0x00000182d81c80c0 DEOPT UNPACKING pc=0x00000182c6ac66a3 sp=0x0000005c491fc338 mode 2
Event: 5.501 Thread 0x00000182d81c80c0 Uncommon trap: trap_request=0xffffff45 fr.pc=0x00000182c7034d38 relative=0x0000000000000038
Event: 5.501 Thread 0x00000182d81c80c0 Uncommon trap: reason=unstable_if action=reinterpret pc=0x00000182c7034d38 method=java.lang.StringLatin1.canEncode(I)Z @ 4 c2
Event: 5.501 Thread 0x00000182d81c80c0 DEOPT PACKING pc=0x00000182c7034d38 sp=0x0000005c491fd9f0
Event: 5.501 Thread 0x00000182d81c80c0 DEOPT UNPACKING pc=0x00000182c6ac66a3 sp=0x0000005c491fd980 mode 2
Event: 5.512 Thread 0x00000182bc8afa20 Uncommon trap: trap_request=0xffffff45 fr.pc=0x00000182c7144064 relative=0x00000000000000c4
Event: 5.512 Thread 0x00000182bc8afa20 Uncommon trap: reason=unstable_if action=reinterpret pc=0x00000182c7144064 method=java.lang.CharacterDataLatin1.digit(II)I @ 7 c2
Event: 5.512 Thread 0x00000182bc8afa20 DEOPT PACKING pc=0x00000182c7144064 sp=0x0000005c46efe0d0
Event: 5.512 Thread 0x00000182bc8afa20 DEOPT UNPACKING pc=0x00000182c6ac66a3 sp=0x0000005c46efdf90 mode 2
Event: 5.512 Thread 0x00000182bc8afa20 Uncommon trap: trap_request=0xffffff45 fr.pc=0x00000182c703e334 relative=0x0000000000000094
Event: 5.512 Thread 0x00000182bc8afa20 Uncommon trap: reason=unstable_if action=reinterpret pc=0x00000182c703e334 method=java.lang.CharacterDataLatin1.digit(II)I @ 7 c2
Event: 5.512 Thread 0x00000182bc8afa20 DEOPT PACKING pc=0x00000182c703e334 sp=0x0000005c46efe030
Event: 5.512 Thread 0x00000182bc8afa20 DEOPT UNPACKING pc=0x00000182c6ac66a3 sp=0x0000005c46efdfb0 mode 2
Event: 5.531 Thread 0x00000182dab5bc00 Uncommon trap: trap_request=0xffffff45 fr.pc=0x00000182c7085b84 relative=0x0000000000001164
Event: 5.531 Thread 0x00000182dab5bc00 Uncommon trap: reason=unstable_if action=reinterpret pc=0x00000182c7085b84 method=com.google.gson.stream.JsonReader.nextQuotedValue(C)Ljava/lang/String; @ 120 c2
Event: 5.531 Thread 0x00000182dab5bc00 DEOPT PACKING pc=0x00000182c7085b84 sp=0x0000005c4a8fe710
Event: 5.531 Thread 0x00000182dab5bc00 DEOPT UNPACKING pc=0x00000182c6ac66a3 sp=0x0000005c4a8fe6f8 mode 2

Classes loaded (20 events):
Event: 5.512 Loading class java/text/CalendarBuilder
Event: 5.512 Loading class java/text/CalendarBuilder done
Event: 5.513 Loading class java/util/spi/CalendarNameProvider
Event: 5.513 Loading class java/util/spi/CalendarNameProvider done
Event: 5.513 Loading class sun/util/locale/provider/CalendarDataUtility$CalendarFieldValueNamesMapGetter
Event: 5.513 Loading class sun/util/locale/provider/CalendarDataUtility$CalendarFieldValueNamesMapGetter done
Event: 5.514 Loading class sun/util/cldr/CLDRCalendarNameProviderImpl
Event: 5.514 Loading class sun/util/locale/provider/CalendarNameProviderImpl
Event: 5.514 Loading class sun/util/locale/provider/CalendarNameProviderImpl done
Event: 5.514 Loading class sun/util/cldr/CLDRCalendarNameProviderImpl done
Event: 5.515 Loading class sun/util/locale/provider/BaseLocaleDataMetaInfo
Event: 5.515 Loading class sun/util/locale/provider/BaseLocaleDataMetaInfo done
Event: 5.517 Loading class sun/util/locale/provider/CalendarNameProviderImpl$LengthBasedComparator
Event: 5.517 Loading class sun/util/locale/provider/CalendarNameProviderImpl$LengthBasedComparator done
Event: 5.534 Loading class java/time/format/DateTimeParseContext
Event: 5.535 Loading class java/time/format/DateTimeParseContext done
Event: 5.535 Loading class java/time/format/Parsed
Event: 5.535 Loading class java/time/format/Parsed done
Event: 5.541 Loading class java/io/DataOutputStream
Event: 5.541 Loading class java/io/DataOutputStream done

Classes unloaded (7 events):
Event: 4.896 Thread 0x00000182ba61ec20 Unloading class 0x0000000100252000 'java/lang/invoke/LambdaForm$MH+0x0000000100252000'
Event: 4.896 Thread 0x00000182ba61ec20 Unloading class 0x0000000100251c00 'java/lang/invoke/LambdaForm$MH+0x0000000100251c00'
Event: 4.896 Thread 0x00000182ba61ec20 Unloading class 0x0000000100251800 'java/lang/invoke/LambdaForm$MH+0x0000000100251800'
Event: 4.896 Thread 0x00000182ba61ec20 Unloading class 0x0000000100251400 'java/lang/invoke/LambdaForm$MH+0x0000000100251400'
Event: 4.896 Thread 0x00000182ba61ec20 Unloading class 0x0000000100251000 'java/lang/invoke/LambdaForm$BMH+0x0000000100251000'
Event: 4.896 Thread 0x00000182ba61ec20 Unloading class 0x0000000100250c00 'java/lang/invoke/LambdaForm$DMH+0x0000000100250c00'
Event: 4.896 Thread 0x00000182ba61ec20 Unloading class 0x000000010024c400 'java/lang/invoke/LambdaForm$DMH+0x000000010024c400'

Classes redefined (0 events):
No events

Internal exceptions (20 events):
Event: 5.415 Thread 0x00000182d81c9a10 Exception <a 'sun/nio/fs/WindowsException'{0x00000000ebd88430}> (0x00000000ebd88430) 
thrown [s\src\hotspot\share\prims\jni.cpp, line 516]
Event: 5.415 Thread 0x00000182d81c9a10 Exception <a 'sun/nio/fs/WindowsException'{0x00000000ebd88d10}> (0x00000000ebd88d10) 
thrown [s\src\hotspot\share\prims\jni.cpp, line 516]
Event: 5.416 Thread 0x00000182d81c9a10 Exception <a 'sun/nio/fs/WindowsException'{0x00000000ebe4c770}> (0x00000000ebe4c770) 
thrown [s\src\hotspot\share\prims\jni.cpp, line 516]
Event: 5.416 Thread 0x00000182d81c9a10 Exception <a 'sun/nio/fs/WindowsException'{0x00000000ebe4d050}> (0x00000000ebe4d050) 
thrown [s\src\hotspot\share\prims\jni.cpp, line 516]
Event: 5.419 Thread 0x00000182d81c9a10 Exception <a 'java/lang/NoSuchMethodError'{0x00000000ebf13d10}: 'void java.lang.invoke.DirectMethodHandle$Holder.invokeVirtual(java.lang.Object, java.lang.Object, java.lang.Object, java.lang.Object)'> (0x00000000ebf13d10) 
thrown [s\src\hotspot\share\interpreter\linkResolver.cpp, line 759]
Event: 5.426 Thread 0x00000182d81c9a10 Exception <a 'sun/nio/fs/WindowsException'{0x00000000eab39480}> (0x00000000eab39480) 
thrown [s\src\hotspot\share\prims\jni.cpp, line 516]
Event: 5.426 Thread 0x00000182d81c9a10 Exception <a 'sun/nio/fs/WindowsException'{0x00000000eab39d60}> (0x00000000eab39d60) 
thrown [s\src\hotspot\share\prims\jni.cpp, line 516]
Event: 5.427 Thread 0x00000182d81c9a10 Exception <a 'sun/nio/fs/WindowsException'{0x00000000eab45258}> (0x00000000eab45258) 
thrown [s\src\hotspot\share\prims\jni.cpp, line 516]
Event: 5.427 Thread 0x00000182d81c9a10 Exception <a 'sun/nio/fs/WindowsException'{0x00000000eab45890}> (0x00000000eab45890) 
thrown [s\src\hotspot\share\prims\jni.cpp, line 516]
Event: 5.465 Thread 0x00000182d81c80c0 Exception <a 'java/lang/NoSuchMethodError'{0x00000000eb6abce0}: 'void java.lang.invoke.DirectMethodHandle$Holder.invokeStaticInit(java.lang.Object, java.lang.Object, java.lang.Object)'> (0x00000000eb6abce0) 
thrown [s\src\hotspot\share\interpreter\linkResolver.cpp, line 759]
Event: 5.469 Thread 0x00000182d81c80c0 Exception <a 'java/lang/ExceptionInInitializerError'{0x00000000eb839068}> (0x00000000eb839068) 
thrown [s\src\hotspot\share\oops\instanceKlass.cpp, line 1218]
Event: 5.482 Thread 0x00000182bc8afa20 Exception <a 'java/lang/NoSuchMethodError'{0x00000000ebd18c60}: 'void java.lang.invoke.DirectMethodHandle$Holder.invokeSpecial(java.lang.Object, java.lang.Object, java.lang.Object, java.lang.Object, java.lang.Object, java.lang.Object)'> (0x00000000ebd18c60) 
thrown [s\src\hotspot\share\interpreter\linkResolver.cpp, line 759]
Event: 5.483 Thread 0x00000182bc8afa20 Exception <a 'java/lang/IncompatibleClassChangeError'{0x00000000ebd89a10}: Found class java.lang.Object, but interface was expected> (0x00000000ebd89a10) 
thrown [s\src\hotspot\share\interpreter\linkResolver.cpp, line 826]
Event: 5.499 Thread 0x00000182d81c80c0 Implicit null exception at 0x00000182c71342af to 0x00000182c713443c
Event: 5.499 Thread 0x00000182d81c80c0 Implicit null exception at 0x00000182c70a5c89 to 0x00000182c70a6e7c
Event: 5.501 Thread 0x00000182d81c80c0 Exception <a 'java/lang/NoSuchMethodError'{0x00000000eab2aea8}: 'java.lang.Object java.lang.invoke.Invokers$Holder.invokeExact_MT(java.lang.Object, int, java.lang.Object)'> (0x00000000eab2aea8) 
thrown [s\src\hotspot\share\interpreter\linkResolver.cpp, line 759]
Event: 5.538 Thread 0x00000182d81c9a10 Exception <a 'sun/nio/fs/WindowsException'{0x00000000eb28e4c8}> (0x00000000eb28e4c8) 
thrown [s\src\hotspot\share\prims\jni.cpp, line 516]
Event: 5.538 Thread 0x00000182d81c9a10 Exception <a 'sun/nio/fs/WindowsException'{0x00000000eb28eb00}> (0x00000000eb28eb00) 
thrown [s\src\hotspot\share\prims\jni.cpp, line 516]
Event: 5.542 Thread 0x00000182d81c9a10 Exception <a 'sun/nio/fs/WindowsException'{0x00000000eb397500}> (0x00000000eb397500) 
thrown [s\src\hotspot\share\prims\jni.cpp, line 516]
Event: 5.542 Thread 0x00000182d81c9a10 Exception <a 'sun/nio/fs/WindowsException'{0x00000000eb397b38}> (0x00000000eb397b38) 
thrown [s\src\hotspot\share\prims\jni.cpp, line 516]

VM Operations (20 events):
Event: 5.224 Executing VM operation: HandshakeAllThreads done
Event: 5.290 Executing VM operation: ParallelGCFailedAllocation
Event: 5.291 Executing VM operation: ParallelGCFailedAllocation done
Event: 5.300 Executing VM operation: HandshakeAllThreads
Event: 5.300 Executing VM operation: HandshakeAllThreads done
Event: 5.362 Executing VM operation: ParallelGCFailedAllocation
Event: 5.363 Executing VM operation: ParallelGCFailedAllocation done
Event: 5.398 Executing VM operation: HandshakeAllThreads
Event: 5.398 Executing VM operation: HandshakeAllThreads done
Event: 5.424 Executing VM operation: ParallelGCFailedAllocation
Event: 5.425 Executing VM operation: ParallelGCFailedAllocation done
Event: 5.445 Executing VM operation: HandshakeAllThreads
Event: 5.445 Executing VM operation: HandshakeAllThreads done
Event: 5.455 Executing VM operation: HandshakeAllThreads
Event: 5.455 Executing VM operation: HandshakeAllThreads done
Event: 5.471 Executing VM operation: HandshakeAllThreads
Event: 5.471 Executing VM operation: HandshakeAllThreads done
Event: 5.497 Executing VM operation: ParallelGCFailedAllocation
Event: 5.498 Executing VM operation: ParallelGCFailedAllocation done
Event: 5.543 Executing VM operation: HandshakeAllThreads

Memory protections (0 events):
No events

Nmethod flushes (20 events):
Event: 5.476 Thread 0x00000182d586f740 flushing  nmethod 0x00000182bfdc0e10
Event: 5.476 Thread 0x00000182d586f740 flushing  nmethod 0x00000182bfdc7090
Event: 5.476 Thread 0x00000182d586f740 flushing  nmethod 0x00000182bfdd3290
Event: 5.476 Thread 0x00000182d586f740 flushing  nmethod 0x00000182bfdd8390
Event: 5.476 Thread 0x00000182d586f740 flushing  nmethod 0x00000182bfde7090
Event: 5.476 Thread 0x00000182d586f740 flushing  nmethod 0x00000182bfdfd890
Event: 5.476 Thread 0x00000182d586f740 flushing  nmethod 0x00000182bfe2b490
Event: 5.476 Thread 0x00000182d586f740 flushing  nmethod 0x00000182bfe31a90
Event: 5.476 Thread 0x00000182d586f740 flushing  nmethod 0x00000182bfe56c10
Event: 5.477 Thread 0x00000182d586f740 flushing  nmethod 0x00000182bfe6b010
Event: 5.477 Thread 0x00000182d586f740 flushing  nmethod 0x00000182bfe6bf10
Event: 5.477 Thread 0x00000182d586f740 flushing  nmethod 0x00000182bfe6d090
Event: 5.477 Thread 0x00000182d586f740 flushing  nmethod 0x00000182bfe6de10
Event: 5.477 Thread 0x00000182d586f740 flushing  nmethod 0x00000182bfe6e210
Event: 5.477 Thread 0x00000182d586f740 flushing  nmethod 0x00000182bfe74710
Event: 5.477 Thread 0x00000182d586f740 flushing  nmethod 0x00000182bfeadf10
Event: 5.477 Thread 0x00000182d586f740 flushing  nmethod 0x00000182bfeea390
Event: 5.477 Thread 0x00000182d586f740 flushing  nmethod 0x00000182bfeec590
Event: 5.477 Thread 0x00000182d586f740 flushing  nmethod 0x00000182bff04510
Event: 5.477 Thread 0x00000182d586f740 flushing  nmethod 0x00000182bff9b810

Events (20 events):
Event: 4.726 Thread 0x00000182d583a7d0 Thread added: 0x00000182d85ef060
Event: 5.091 Thread 0x00000182d78f94b0 Thread added: 0x00000182d81c6770
Event: 5.263 Thread 0x00000182d81c8ff0 Thread added: 0x00000182d81c85d0
Event: 5.308 Thread 0x00000182d81c85d0 Thread added: 0x00000182dab5a2b0
Event: 5.328 Thread 0x00000182bc8afa20 Thread added: 0x00000182dab5b1e0
Event: 5.328 Thread 0x00000182bc8afa20 Thread added: 0x00000182dab5d040
Event: 5.328 Thread 0x00000182bc8afa20 Thread added: 0x00000182dab5c620
Event: 5.328 Thread 0x00000182bc8afa20 Thread added: 0x00000182dab5c110
Event: 5.328 Thread 0x00000182bc8afa20 Thread added: 0x00000182dab5cb30
Event: 5.328 Thread 0x00000182bc8afa20 Thread added: 0x00000182dab5d550
Event: 5.328 Thread 0x00000182bc8afa20 Thread added: 0x00000182dab5b6f0
Event: 5.328 Thread 0x00000182bc8afa20 Thread added: 0x00000182dab5a7c0
Event: 5.328 Thread 0x00000182bc8afa20 Thread added: 0x00000182dab5acd0
Event: 5.329 Thread 0x00000182bc8afa20 Thread added: 0x00000182dab59da0
Event: 5.329 Thread 0x00000182bc8afa20 Thread added: 0x00000182dab5da60
Event: 5.329 Thread 0x00000182bc8afa20 Thread added: 0x00000182dab5f3b0
Event: 5.329 Thread 0x00000182bc8afa20 Thread added: 0x00000182dab5e990
Event: 5.342 Thread 0x00000182bc8afa20 Thread added: 0x00000182dab5eea0
Event: 5.510 Thread 0x00000182bc8afa20 Thread added: 0x00000182dab5df70
Event: 5.510 Thread 0x00000182bc8afa20 Thread added: 0x00000182dab5bc00


Dynamic libraries:
0x00007ff6e1a90000 - 0x00007ff6e1a9e000 	c:\Users\dilee\.vscode\extensions\redhat.java-1.38.0-win32-x64\jre\17.0.13-win32-x86_64\bin\java.exe
0x00007ffea90a0000 - 0x00007ffea9303000 	C:\WINDOWS\SYSTEM32\ntdll.dll
0x00007ffea7420000 - 0x00007ffea74e8000 	C:\WINDOWS\System32\KERNEL32.DLL
0x00007ffea65f0000 - 0x00007ffea69a2000 	C:\WINDOWS\System32\KERNELBASE.dll
0x00007ffea6470000 - 0x00007ffea65bb000 	C:\WINDOWS\System32\ucrtbase.dll
0x00007ffe47dd0000 - 0x00007ffe47de7000 	c:\Users\dilee\.vscode\extensions\redhat.java-1.38.0-win32-x64\jre\17.0.13-win32-x86_64\bin\jli.dll
0x00007ffea8e60000 - 0x00007ffea9028000 	C:\WINDOWS\System32\USER32.dll
0x00007ffea65c0000 - 0x00007ffea65e7000 	C:\WINDOWS\System32\win32u.dll
0x00007ffea9030000 - 0x00007ffea905a000 	C:\WINDOWS\System32\GDI32.dll
0x00007ffea6c70000 - 0x00007ffea6d9b000 	C:\WINDOWS\System32\gdi32full.dll
0x00007ffea6b30000 - 0x00007ffea6bd3000 	C:\WINDOWS\System32\msvcp_win.dll
0x00007ffe47db0000 - 0x00007ffe47dce000 	c:\Users\dilee\.vscode\extensions\redhat.java-1.38.0-win32-x64\jre\17.0.13-win32-x86_64\bin\VCRUNTIME140.dll
0x00007ffe87f30000 - 0x00007ffe881c0000 	C:\WINDOWS\WinSxS\amd64_microsoft.windows.common-controls_6595b64144ccf1df_6.0.26100.2454_none_3e0b68a2e331ad60\COMCTL32.dll
0x00007ffea7f70000 - 0x00007ffea8019000 	C:\WINDOWS\System32\msvcrt.dll
0x00007ffea7650000 - 0x00007ffea767f000 	C:\WINDOWS\System32\IMM32.DLL
0x00007ffe9c800000 - 0x00007ffe9c80c000 	c:\Users\dilee\.vscode\extensions\redhat.java-1.38.0-win32-x64\jre\17.0.13-win32-x86_64\bin\vcruntime140_1.dll
0x00007ffe473b0000 - 0x00007ffe4743d000 	c:\Users\dilee\.vscode\extensions\redhat.java-1.38.0-win32-x64\jre\17.0.13-win32-x86_64\bin\msvcp140.dll
0x00007ffe354e0000 - 0x00007ffe3614b000 	c:\Users\dilee\.vscode\extensions\redhat.java-1.38.0-win32-x64\jre\17.0.13-win32-x86_64\bin\server\jvm.dll
0x00007ffea7eb0000 - 0x00007ffea7f64000 	C:\WINDOWS\System32\ADVAPI32.dll
0x00007ffea87b0000 - 0x00007ffea8856000 	C:\WINDOWS\System32\sechost.dll
0x00007ffea78e0000 - 0x00007ffea79f6000 	C:\WINDOWS\System32\RPCRT4.dll
0x00007ffea7860000 - 0x00007ffea78d4000 	C:\WINDOWS\System32\WS2_32.dll
0x00007ffea5140000 - 0x00007ffea518e000 	C:\WINDOWS\SYSTEM32\POWRPROF.dll
0x00007ffe98e90000 - 0x00007ffe98ec6000 	C:\WINDOWS\SYSTEM32\WINMM.dll
0x00007ffe90e70000 - 0x00007ffe90e7b000 	C:\WINDOWS\SYSTEM32\VERSION.dll
0x00007ffea5120000 - 0x00007ffea5134000 	C:\WINDOWS\SYSTEM32\UMPDC.dll
0x00007ffea53c0000 - 0x00007ffea53da000 	C:\WINDOWS\SYSTEM32\kernel.appcore.dll
0x00007ffe8a870000 - 0x00007ffe8a87a000 	c:\Users\dilee\.vscode\extensions\redhat.java-1.38.0-win32-x64\jre\17.0.13-win32-x86_64\bin\jimage.dll
0x00007ffea3d30000 - 0x00007ffea3f71000 	C:\WINDOWS\SYSTEM32\DBGHELP.DLL
0x00007ffea8ad0000 - 0x00007ffea8e4e000 	C:\WINDOWS\System32\combase.dll
0x00007ffea8890000 - 0x00007ffea8966000 	C:\WINDOWS\System32\OLEAUT32.dll
0x00007ffe8d500000 - 0x00007ffe8d539000 	C:\WINDOWS\SYSTEM32\dbgcore.DLL
0x00007ffea6da0000 - 0x00007ffea6e39000 	C:\WINDOWS\System32\bcryptPrimitives.dll
0x00007ffe7f660000 - 0x00007ffe7f66e000 	c:\Users\dilee\.vscode\extensions\redhat.java-1.38.0-win32-x64\jre\17.0.13-win32-x86_64\bin\instrument.dll
0x00007ffe47380000 - 0x00007ffe473a5000 	c:\Users\dilee\.vscode\extensions\redhat.java-1.38.0-win32-x64\jre\17.0.13-win32-x86_64\bin\java.dll
0x00007ffe47360000 - 0x00007ffe47378000 	c:\Users\dilee\.vscode\extensions\redhat.java-1.38.0-win32-x64\jre\17.0.13-win32-x86_64\bin\zip.dll
0x00007ffea80a0000 - 0x00007ffea87a0000 	C:\WINDOWS\System32\SHELL32.dll
0x00007ffea41c0000 - 0x00007ffea49f1000 	C:\WINDOWS\SYSTEM32\windows.storage.dll
0x00007ffea8970000 - 0x00007ffea8a4a000 	C:\WINDOWS\System32\SHCORE.dll
0x00007ffea7200000 - 0x00007ffea725d000 	C:\WINDOWS\System32\shlwapi.dll
0x00007ffea6380000 - 0x00007ffea63ae000 	C:\WINDOWS\SYSTEM32\profapi.dll
0x00007ffe46d80000 - 0x00007ffe46d99000 	C:\Users\dilee\.vscode\extensions\redhat.java-1.38.0-win32-x64\jre\17.0.13-win32-x86_64\bin\net.dll
0x00007ffe9e110000 - 0x00007ffe9e236000 	C:\WINDOWS\SYSTEM32\WINHTTP.dll
0x00007ffea58c0000 - 0x00007ffea5928000 	C:\WINDOWS\system32\mswsock.dll
0x00007ffe46d60000 - 0x00007ffe46d76000 	C:\Users\dilee\.vscode\extensions\redhat.java-1.38.0-win32-x64\jre\17.0.13-win32-x86_64\bin\nio.dll
0x00007ffe7f4d0000 - 0x00007ffe7f4e0000 	c:\Users\dilee\.vscode\extensions\redhat.java-1.38.0-win32-x64\jre\17.0.13-win32-x86_64\bin\verify.dll
0x00007ffe2f790000 - 0x00007ffe2f7d5000 	C:\Users\dilee\AppData\Roaming\Code\User\globalStorage\redhat.java\1.38.0\config_win\org.eclipse.equinox.launcher\org.eclipse.equinox.launcher.win32.win32.x86_64_1.2.1100.v20240722-2106\eclipse_11904.dll
0x00007ffea7280000 - 0x00007ffea7419000 	C:\WINDOWS\System32\ole32.dll
0x00007ffea5b60000 - 0x00007ffea5b7c000 	C:\WINDOWS\SYSTEM32\CRYPTSP.dll
0x00007ffea5320000 - 0x00007ffea5358000 	C:\WINDOWS\system32\rsaenh.dll
0x00007ffea5960000 - 0x00007ffea598b000 	C:\WINDOWS\SYSTEM32\USERENV.dll
0x00007ffea5da0000 - 0x00007ffea5dc6000 	C:\WINDOWS\SYSTEM32\bcrypt.dll
0x00007ffea5b80000 - 0x00007ffea5b8c000 	C:\WINDOWS\SYSTEM32\CRYPTBASE.dll
0x00007ffea4dd0000 - 0x00007ffea4e02000 	C:\WINDOWS\SYSTEM32\IPHLPAPI.DLL
0x00007ffea7260000 - 0x00007ffea726a000 	C:\WINDOWS\System32\NSI.dll
0x00007ffe9e5c0000 - 0x00007ffe9e5de000 	C:\WINDOWS\SYSTEM32\dhcpcsvc6.DLL
0x00007ffe9e590000 - 0x00007ffe9e5b5000 	C:\WINDOWS\SYSTEM32\dhcpcsvc.DLL
0x00007ffea4e70000 - 0x00007ffea4f95000 	C:\WINDOWS\SYSTEM32\DNSAPI.dll
0x00007ffe7d120000 - 0x00007ffe7d169000 	C:\Users\dilee\AppData\Local\Temp\jna-95587175\jna1399723547667569930.dll
0x00007ffea7ea0000 - 0x00007ffea7ea8000 	C:\WINDOWS\System32\PSAPI.DLL

dbghelp: loaded successfully - version: 4.0.5 - missing functions: none
symbol engine: initialized successfully - sym options: 0x614 - pdb path: .;c:\Users\dilee\.vscode\extensions\redhat.java-1.38.0-win32-x64\jre\17.0.13-win32-x86_64\bin;C:\WINDOWS\SYSTEM32;C:\WINDOWS\WinSxS\amd64_microsoft.windows.common-controls_6595b64144ccf1df_6.0.26100.2454_none_3e0b68a2e331ad60;c:\Users\dilee\.vscode\extensions\redhat.java-1.38.0-win32-x64\jre\17.0.13-win32-x86_64\bin\server;C:\Users\dilee\AppData\Roaming\Code\User\globalStorage\redhat.java\1.38.0\config_win\org.eclipse.equinox.launcher\org.eclipse.equinox.launcher.win32.win32.x86_64_1.2.1100.v20240722-2106;C:\Users\dilee\AppData\Local\Temp\jna-95587175

VM Arguments:
jvm_args: --add-modules=ALL-SYSTEM --add-opens=java.base/java.util=ALL-UNNAMED --add-opens=java.base/java.lang=ALL-UNNAMED --add-opens=java.base/sun.nio.fs=ALL-UNNAMED -Declipse.application=org.eclipse.jdt.ls.core.id1 -Dosgi.bundles.defaultStartLevel=4 -Declipse.product=org.eclipse.jdt.ls.core.product -Djava.import.generatesMetadataFilesAtProjectRoot=false -DDetectVMInstallationsJob.disabled=true -Dfile.encoding=utf8 -XX:+UseParallelGC -XX:GCTimeRatio=4 -XX:AdaptiveSizePolicyWeight=90 -Dsun.zip.disableMemoryMapping=true -Xmx1G -Xms100m -Xlog:disable -javaagent:c:\Users\dilee\.vscode\extensions\redhat.java-1.38.0-win32-x64\lombok\lombok-1.18.34.jar -XX:+HeapDumpOnOutOfMemoryError -XX:HeapDumpPath=c:\Users\dilee\AppData\Roaming\Code\User\workspaceStorage\59530ec292aceb0c47c04ba6be4cce8c\redhat.java -Daether.dependencyCollector.impl=bf 
java_command: c:\Users\dilee\.vscode\extensions\redhat.java-1.38.0-win32-x64\server\plugins\org.eclipse.equinox.launcher_1.6.900.v20240613-2009.jar -configuration c:\Users\dilee\AppData\Roaming\Code\User\globalStorage\redhat.java\1.38.0\config_win -data c:\Users\dilee\AppData\Roaming\Code\User\workspaceStorage\59530ec292aceb0c47c04ba6be4cce8c\redhat.java\jdt_ws --pipe=\\.\pipe\lsp-c0002ea08b2d7922c3ff75156920f095-sock
java_class_path (initial): c:\Users\dilee\.vscode\extensions\redhat.java-1.38.0-win32-x64\server\plugins\org.eclipse.equinox.launcher_1.6.900.v20240613-2009.jar
Launcher Type: SUN_STANDARD

[Global flags]
    uintx AdaptiveSizePolicyWeight                 = 90                                        {product} {command line}
     intx CICompilerCount                          = 4                                         {product} {ergonomic}
    uintx GCTimeRatio                              = 4                                         {product} {command line}
     bool HeapDumpOnOutOfMemoryError               = true                                   {manageable} {command line}
    ccstr HeapDumpPath                             = c:\Users\dilee\AppData\Roaming\Code\User\workspaceStorage\59530ec292aceb0c47c04ba6be4cce8c\redhat.java         {manageable} {command line}
   size_t InitialHeapSize                          = 104857600                                 {product} {command line}
   size_t MaxHeapSize                              = 1073741824                                {product} {command line}
   size_t MaxNewSize                               = 357564416                                 {product} {ergonomic}
   size_t MinHeapDeltaBytes                        = 524288                                    {product} {ergonomic}
   size_t MinHeapSize                              = 104857600                                 {product} {command line}
   size_t NewSize                                  = 34603008                                  {product} {ergonomic}
    uintx NonNMethodCodeHeapSize                   = 5839372                                {pd product} {ergonomic}
    uintx NonProfiledCodeHeapSize                  = 122909434                              {pd product} {ergonomic}
   size_t OldSize                                  = 70254592                                  {product} {ergonomic}
    uintx ProfiledCodeHeapSize                     = 122909434                              {pd product} {ergonomic}
    uintx ReservedCodeCacheSize                    = 251658240                              {pd product} {ergonomic}
     bool SegmentedCodeCache                       = true                                      {product} {ergonomic}
   size_t SoftMaxHeapSize                          = 1073741824                             {manageable} {ergonomic}
     bool UseCompressedClassPointers               = true                           {product lp64_product} {ergonomic}
     bool UseCompressedOops                        = true                           {product lp64_product} {ergonomic}
     bool UseLargePagesIndividualAllocation        = false                                  {pd product} {ergonomic}
     bool UseParallelGC                            = true                                      {product} {command line}

Logging:
Log output configuration:
 #0: stdout all=off uptime,level,tags
 #1: stderr all=off uptime,level,tags

Environment Variables:
JAVA_HOME=C:\Program Files\Java\jdk-17
PATH=C:\Program Files\Common Files\Oracle\Java\javapath;C:\WINDOWS\system32;C:\WINDOWS;C:\WINDOWS\System32\Wbem;C:\WINDOWS\System32\WindowsPowerShell\v1.0\;C:\WINDOWS\System32\OpenSSH\;C:\Program Files\nodejs\;C:\ProgramData\chocolatey\bin;C:\Users\dilee\AppData\Local\Microsoft\WindowsApps;C:\Users\dilee\AppData\Local\Programs\Microsoft VS Code\bin;C:\Users\dilee\AppData\Roaming\npm;C:\Program Files\Java\jdk-17\bin;D:\Users\dilee\AppData\Local\Android\Sdk;D:\Users\dilee\AppData\Local\Android\Sdk\platform-tools;D:\Users\dilee\AppData\Local\Android\Sdk\platforms;D:\Users\dilee\AppData\Local\Android\Sdk\emulator;
USERNAME=dilee
OS=Windows_NT
PROCESSOR_IDENTIFIER=Intel64 Family 6 Model 154 Stepping 3, GenuineIntel
TMP=C:\Users\dilee\AppData\Local\Temp
TEMP=C:\Users\dilee\AppData\Local\Temp



Periodic native trim disabled


---------------  S Y S T E M  ---------------

OS:
 Windows 11 , 64 bit Build 26100 (10.0.26100.2454)
OS uptime: 0 days 4:22 hours

CPU: total 12 (initial active 12) (6 cores per cpu, 2 threads per core) family 6 model 154 stepping 3 microcode 0x423, cx8, cmov, fxsr, ht, mmx, 3dnowpref, sse, sse2, sse3, ssse3, sse4.1, sse4.2, popcnt, lzcnt, tsc, tscinvbit, avx, avx2, aes, erms, clmul, bmi1, bmi2, adx, sha, fma, vzeroupper, clflush, clflushopt, clwb
Processor Information for processor 0
  Max Mhz: 2000, Current Mhz: 2000, Mhz Limit: 2000
Processor Information for processor 1
  Max Mhz: 2000, Current Mhz: 2000, Mhz Limit: 2000
Processor Information for processor 2
  Max Mhz: 2000, Current Mhz: 2000, Mhz Limit: 2000
Processor Information for processor 3
  Max Mhz: 2000, Current Mhz: 2000, Mhz Limit: 2000
Processor Information for processor 4
  Max Mhz: 2000, Current Mhz: 2000, Mhz Limit: 2000
Processor Information for processor 5
  Max Mhz: 2000, Current Mhz: 1520, Mhz Limit: 2000
Processor Information for processor 6
  Max Mhz: 2000, Current Mhz: 2000, Mhz Limit: 2000
Processor Information for processor 7
  Max Mhz: 2000, Current Mhz: 2000, Mhz Limit: 2000
Processor Information for processor 8
  Max Mhz: 2000, Current Mhz: 2000, Mhz Limit: 2000
Processor Information for processor 9
  Max Mhz: 2000, Current Mhz: 2000, Mhz Limit: 2000
Processor Information for processor 10
  Max Mhz: 2000, Current Mhz: 1466, Mhz Limit: 2000
Processor Information for processor 11
  Max Mhz: 2000, Current Mhz: 1466, Mhz Limit: 2000

Memory: 4k page, system-wide physical 16092M (1212M free)
TotalPageFile size 31452M (AvailPageFile size 4M)
current process WorkingSet (physical memory assigned to process): 219M, peak: 221M
current process commit charge ("private bytes"): 312M, peak: 314M

vm_info: OpenJDK 64-Bit Server VM (17.0.13+11) for windows-amd64 JRE (17.0.13+11), built on Oct 16 2024 00:10:08 by "admin" with MS VC++ 17.7 (VS2022)

END.
