#
# There is insufficient memory for the Java Runtime Environment to continue.
# Native memory allocation (malloc) failed to allocate 1161776 bytes. Error detail: Chunk::new
# Possible reasons:
#   The system is out of physical RAM or swap space
#   This process is running with CompressedOops enabled, and the Java Heap may be blocking the growth of the native heap
# Possible solutions:
#   Reduce memory load on the system
#   Increase physical memory or swap space
#   Check if swap backing store is full
#   Decrease Java heap size (-Xmx/-Xms)
#   Decrease number of Java threads
#   Decrease Java thread stack sizes (-Xss)
#   Set larger code cache with -XX:ReservedCodeCacheSize=
#   JVM is running with Unscaled Compressed Oops mode in which the Java heap is
#     placed in the first 4GB address space. The Java Heap base address is the
#     maximum limit for the native heap growth. Please use -XX:HeapBaseMinAddress
#     to set the Java Heap base and to place the Java Heap above 4GB virtual address.
# This output file may be truncated or incomplete.
#
#  Out of Memory Error (arena.cpp:191), pid=18528, tid=7880
#
# JRE version: OpenJDK Runtime Environment Temurin-17.0.13+11 (17.0.13+11) (build 17.0.13+11)
# Java VM: OpenJDK 64-Bit Server VM Temurin-17.0.13+11 (17.0.13+11, mixed mode, tiered, compressed oops, compressed class ptrs, parallel gc, windows-amd64)
# No core dump will be written. Minidumps are not enabled by default on client versions of Windows
#

---------------  S U M M A R Y ------------

Command Line: --add-modules=ALL-SYSTEM --add-opens=java.base/java.util=ALL-UNNAMED --add-opens=java.base/java.lang=ALL-UNNAMED --add-opens=java.base/sun.nio.fs=ALL-UNNAMED -Declipse.application=org.eclipse.jdt.ls.core.id1 -Dosgi.bundles.defaultStartLevel=4 -Declipse.product=org.eclipse.jdt.ls.core.product -Djava.import.generatesMetadataFilesAtProjectRoot=false -DDetectVMInstallationsJob.disabled=true -Dfile.encoding=utf8 -XX:+UseParallelGC -XX:GCTimeRatio=4 -XX:AdaptiveSizePolicyWeight=90 -Dsun.zip.disableMemoryMapping=true -Xmx1G -Xms100m -Xlog:disable -javaagent:c:\Users\dilee\.vscode\extensions\redhat.java-1.38.0-win32-x64\lombok\lombok-1.18.34.jar -XX:+HeapDumpOnOutOfMemoryError -XX:HeapDumpPath=c:\Users\dilee\AppData\Roaming\Code\User\workspaceStorage\59530ec292aceb0c47c04ba6be4cce8c\redhat.java -Daether.dependencyCollector.impl=bf c:\Users\dilee\.vscode\extensions\redhat.java-1.38.0-win32-x64\server\plugins\org.eclipse.equinox.launcher_1.6.900.v20240613-2009.jar -configuration c:\Users\dilee\AppData\Roaming\Code\User\globalStorage\redhat.java\1.38.0\config_win -data c:\Users\dilee\AppData\Roaming\Code\User\workspaceStorage\59530ec292aceb0c47c04ba6be4cce8c\redhat.java\jdt_ws --pipe=\\.\pipe\lsp-7d8554366e7be0de0da647037d8581f2-sock

Host: 12th Gen Intel(R) Core(TM) i5-12450H, 12 cores, 15G,  Windows 11 , 64 bit Build 26100 (10.0.26100.2454)
Time: Sun Jan  5 17:08:48 2025 India Standard Time elapsed time: 7.563659 seconds (0d 0h 0m 7s)

---------------  T H R E A D  ---------------

Current thread (0x0000017a6c1c7270):  JavaThread "C2 CompilerThread0" daemon [_thread_in_native, id=7880, stack(0x00000073f3900000,0x00000073f3a00000)]


Current CompileTask:
C2:   7563 6464   !   4       org.eclipse.osgi.internal.loader.BundleLoader::findClass0 (470 bytes)

Stack: [0x00000073f3900000,0x00000073f3a00000]
Native frames: (J=compiled Java code, j=interpreted, Vv=VM code, C=native code)
V  [jvm.dll+0x682a19]
V  [jvm.dll+0x839538]
V  [jvm.dll+0x83afe3]
V  [jvm.dll+0x83b653]
V  [jvm.dll+0x24704f]
V  [jvm.dll+0xace34]
V  [jvm.dll+0xad4cc]
V  [jvm.dll+0x36592f]
V  [jvm.dll+0x1ba793]
V  [jvm.dll+0x2181a7]
V  [jvm.dll+0x21748f]
V  [jvm.dll+0x1a3070]
V  [jvm.dll+0x22788c]
V  [jvm.dll+0x2259eb]
V  [jvm.dll+0x7eec98]
V  [jvm.dll+0x7e8ffc]
V  [jvm.dll+0x6818f7]
C  [ucrtbase.dll+0x14ea0]
C  [KERNEL32.DLL+0x2e8d7]
C  [ntdll.dll+0xdfbcc]


---------------  P R O C E S S  ---------------

Threads class SMR info:
_java_thread_list=0x0000017a7119a170, length=69, elements={
0x0000017a5319b560, 0x0000017a67020030, 0x0000017a670220d0, 0x0000017a67028fa0,
0x0000017a67029870, 0x0000017a6702aeb0, 0x0000017a6702e030, 0x0000017a6c1c7270,
0x0000017a6c1d5060, 0x0000017a6c1d62a0, 0x0000017a53201110, 0x0000017a6c4e8d80,
0x0000017a6e24f920, 0x0000017a6e280fb0, 0x0000017a6e1a85a0, 0x0000017a6e1a9e60,
0x0000017a6e48b6e0, 0x0000017a6e6dff50, 0x0000017a6e6dd1c0, 0x0000017a6e6e0460,
0x0000017a6e6dfa40, 0x0000017a6e6dd6d0, 0x0000017a6e6ddbe0, 0x0000017a6c1d1b40,
0x0000017a6e6de0f0, 0x0000017a6c1d2b30, 0x0000017a6e6dccb0, 0x0000017a6e6df020,
0x0000017a6e6df530, 0x0000017a70155e30, 0x0000017a701544e0, 0x0000017a70153ac0,
0x0000017a701535b0, 0x0000017a70156340, 0x0000017a70153fd0, 0x0000017a70154f00,
0x0000017a701549f0, 0x0000017a70155410, 0x0000017a70155920, 0x0000017a70156850,
0x0000017a70156d60, 0x0000017a6ffb1ee0, 0x0000017a6ffb2e10, 0x0000017a6ffb5180,
0x0000017a6ffb3320, 0x0000017a6ffb4760, 0x0000017a6ffb19d0, 0x0000017a6ffb5690,
0x0000017a6ffb5ba0, 0x0000017a6ffb3830, 0x0000017a6ffb4250, 0x0000017a6ffb23f0,
0x0000017a6ffb60b0, 0x0000017a6ffb2900, 0x0000017a6ffb65c0, 0x0000017a6ffb8930,
0x0000017a6ffb7a00, 0x0000017a6ffb7f10, 0x0000017a6ffb74f0, 0x0000017a6ffb6fe0,
0x0000017a6ffb6ad0, 0x0000017a6ffb8420, 0x0000017a6ffb8e40, 0x0000017a6ffb9350,
0x0000017a6e6de600, 0x0000017a6e6deb10, 0x0000017a6f861f70, 0x0000017a6f862990,
0x0000017a6f861550
}

Java Threads: ( => current thread )
  0x0000017a5319b560 JavaThread "main" [_thread_blocked, id=2452, stack(0x00000073f3000000,0x00000073f3100000)]
  0x0000017a67020030 JavaThread "Reference Handler" daemon [_thread_blocked, id=11276, stack(0x00000073f3300000,0x00000073f3400000)]
  0x0000017a670220d0 JavaThread "Finalizer" daemon [_thread_blocked, id=4072, stack(0x00000073f3400000,0x00000073f3500000)]
  0x0000017a67028fa0 JavaThread "Signal Dispatcher" daemon [_thread_blocked, id=14724, stack(0x00000073f3500000,0x00000073f3600000)]
  0x0000017a67029870 JavaThread "Attach Listener" daemon [_thread_blocked, id=14352, stack(0x00000073f3600000,0x00000073f3700000)]
  0x0000017a6702aeb0 JavaThread "Service Thread" daemon [_thread_blocked, id=220, stack(0x00000073f3700000,0x00000073f3800000)]
  0x0000017a6702e030 JavaThread "Monitor Deflation Thread" daemon [_thread_blocked, id=9844, stack(0x00000073f3800000,0x00000073f3900000)]
=>0x0000017a6c1c7270 JavaThread "C2 CompilerThread0" daemon [_thread_in_native, id=7880, stack(0x00000073f3900000,0x00000073f3a00000)]
  0x0000017a6c1d5060 JavaThread "C1 CompilerThread0" daemon [_thread_blocked, id=17184, stack(0x00000073f3a00000,0x00000073f3b00000)]
  0x0000017a6c1d62a0 JavaThread "Sweeper thread" daemon [_thread_blocked, id=4384, stack(0x00000073f3b00000,0x00000073f3c00000)]
  0x0000017a53201110 JavaThread "Common-Cleaner" daemon [_thread_blocked, id=15272, stack(0x00000073f3c00000,0x00000073f3d00000)]
  0x0000017a6c4e8d80 JavaThread "Notification Thread" daemon [_thread_blocked, id=8424, stack(0x00000073f3e00000,0x00000073f3f00000)]
  0x0000017a6e24f920 JavaThread "Active Thread: Equinox Container: 1c27a1e0-a843-48c1-ac36-e5c0824d1e89" [_thread_blocked, id=16188, stack(0x00000073f4700000,0x00000073f4800000)]
  0x0000017a6e280fb0 JavaThread "Refresh Thread: Equinox Container: 1c27a1e0-a843-48c1-ac36-e5c0824d1e89" daemon [_thread_blocked, id=19136, stack(0x00000073f4800000,0x00000073f4900000)]
  0x0000017a6e1a85a0 JavaThread "Framework Event Dispatcher: Equinox Container: 1c27a1e0-a843-48c1-ac36-e5c0824d1e89" daemon [_thread_blocked, id=8056, stack(0x00000073f4900000,0x00000073f4a00000)]
  0x0000017a6e1a9e60 JavaThread "Start Level: Equinox Container: 1c27a1e0-a843-48c1-ac36-e5c0824d1e89" daemon [_thread_blocked, id=3928, stack(0x00000073f4a00000,0x00000073f4b00000)]
  0x0000017a6e48b6e0 JavaThread "Bundle File Closer" daemon [_thread_blocked, id=1884, stack(0x00000073f4c00000,0x00000073f4d00000)]
  0x0000017a6e6dff50 JavaThread "SCR Component Actor" daemon [_thread_blocked, id=10276, stack(0x00000073f4f00000,0x00000073f5000000)]
  0x0000017a6e6dd1c0 JavaThread "SCR Component Registry" daemon [_thread_blocked, id=18772, stack(0x00000073f5000000,0x00000073f5100000)]
  0x0000017a6e6e0460 JavaThread "Worker-JM" [_thread_blocked, id=12780, stack(0x00000073f4000000,0x00000073f4100000)]
  0x0000017a6e6dfa40 JavaThread "JNA Cleaner" daemon [_thread_blocked, id=14052, stack(0x00000073f5100000,0x00000073f5200000)]
  0x0000017a6e6dd6d0 JavaThread "Worker-0" [_thread_blocked, id=10108, stack(0x00000073f3d00000,0x00000073f3e00000)]
  0x0000017a6e6ddbe0 JavaThread "Worker-1" [_thread_blocked, id=408, stack(0x00000073f5200000,0x00000073f5300000)]
  0x0000017a6c1d1b40 JavaThread "C2 CompilerThread1" daemon [_thread_in_native, id=17144, stack(0x00000073f5300000,0x00000073f5400000)]
  0x0000017a6e6de0f0 JavaThread "Java indexing" daemon [_thread_in_Java, id=1772, stack(0x00000073f5400000,0x00000073f5500000)]
  0x0000017a6c1d2b30 JavaThread "C2 CompilerThread2" daemon [_thread_in_native, id=5412, stack(0x00000073f5500000,0x00000073f5600000)]
  0x0000017a6e6dccb0 JavaThread "Worker-2: Java indexing... " [_thread_blocked, id=10180, stack(0x00000073f5800000,0x00000073f5900000)]
  0x0000017a6e6df020 JavaThread "Worker-3: Building" [_thread_in_vm, id=9336, stack(0x00000073f5900000,0x00000073f5a00000)]
  0x0000017a6e6df530 JavaThread "Thread-2" daemon [_thread_in_native, id=16024, stack(0x00000073f5a00000,0x00000073f5b00000)]
  0x0000017a70155e30 JavaThread "Thread-3" daemon [_thread_in_native, id=13608, stack(0x00000073f5b00000,0x00000073f5c00000)]
  0x0000017a701544e0 JavaThread "Thread-4" daemon [_thread_in_native, id=14492, stack(0x00000073f5c00000,0x00000073f5d00000)]
  0x0000017a70153ac0 JavaThread "Thread-5" daemon [_thread_in_native, id=8636, stack(0x00000073f5d00000,0x00000073f5e00000)]
  0x0000017a701535b0 JavaThread "Thread-6" daemon [_thread_in_native, id=12384, stack(0x00000073f5e00000,0x00000073f5f00000)]
  0x0000017a70156340 JavaThread "Thread-7" daemon [_thread_in_native, id=1956, stack(0x00000073f5f00000,0x00000073f6000000)]
  0x0000017a70153fd0 JavaThread "Thread-8" daemon [_thread_in_native, id=4824, stack(0x00000073f6000000,0x00000073f6100000)]
  0x0000017a70154f00 JavaThread "Thread-9" daemon [_thread_in_native, id=6692, stack(0x00000073f6100000,0x00000073f6200000)]
  0x0000017a701549f0 JavaThread "Thread-10" daemon [_thread_in_native, id=15244, stack(0x00000073f6200000,0x00000073f6300000)]
  0x0000017a70155410 JavaThread "Thread-11" daemon [_thread_in_native, id=18332, stack(0x00000073f6300000,0x00000073f6400000)]
  0x0000017a70155920 JavaThread "Thread-12" daemon [_thread_in_native, id=11148, stack(0x00000073f6400000,0x00000073f6500000)]
  0x0000017a70156850 JavaThread "Thread-13" daemon [_thread_in_native, id=4868, stack(0x00000073f6500000,0x00000073f6600000)]
  0x0000017a70156d60 JavaThread "Thread-14" daemon [_thread_in_native, id=4652, stack(0x00000073f6600000,0x00000073f6700000)]
  0x0000017a6ffb1ee0 JavaThread "pool-2-thread-1" [_thread_blocked, id=12428, stack(0x00000073f6700000,0x00000073f6800000)]
  0x0000017a6ffb2e10 JavaThread "WorkspaceEventsHandler" [_thread_blocked, id=12024, stack(0x00000073f6800000,0x00000073f6900000)]
  0x0000017a6ffb5180 JavaThread "pool-1-thread-1" [_thread_blocked, id=6212, stack(0x00000073f6900000,0x00000073f6a00000)]
  0x0000017a6ffb3320 JavaThread "Worker-4" [_thread_blocked, id=10544, stack(0x00000073f6a00000,0x00000073f6b00000)]
  0x0000017a6ffb4760 JavaThread "Worker-5" [_thread_blocked, id=5216, stack(0x00000073f6b00000,0x00000073f6c00000)]
  0x0000017a6ffb19d0 JavaThread "Worker-6" [_thread_blocked, id=6512, stack(0x00000073f6c00000,0x00000073f6d00000)]
  0x0000017a6ffb5690 JavaThread "LocalFile Deleter" daemon [_thread_blocked, id=6160, stack(0x00000073f6d00000,0x00000073f6e00000)]
  0x0000017a6ffb5ba0 JavaThread "LocalFile Deleter" daemon [_thread_blocked, id=19388, stack(0x00000073f6e00000,0x00000073f6f00000)]
  0x0000017a6ffb3830 JavaThread "LocalFile Deleter" daemon [_thread_blocked, id=7536, stack(0x00000073f6f00000,0x00000073f7000000)]
  0x0000017a6ffb4250 JavaThread "LocalFile Deleter" daemon [_thread_blocked, id=14828, stack(0x00000073f7000000,0x00000073f7100000)]
  0x0000017a6ffb23f0 JavaThread "LocalFile Deleter" daemon [_thread_blocked, id=6116, stack(0x00000073f7100000,0x00000073f7200000)]
  0x0000017a6ffb60b0 JavaThread "LocalFile Deleter" daemon [_thread_blocked, id=12412, stack(0x00000073f7200000,0x00000073f7300000)]
  0x0000017a6ffb2900 JavaThread "LocalFile Deleter" daemon [_thread_blocked, id=2964, stack(0x00000073f7300000,0x00000073f7400000)]
  0x0000017a6ffb65c0 JavaThread "LocalFile Deleter" daemon [_thread_blocked, id=11784, stack(0x00000073f7400000,0x00000073f7500000)]
  0x0000017a6ffb8930 JavaThread "LocalFile Deleter" daemon [_thread_blocked, id=10648, stack(0x00000073f7500000,0x00000073f7600000)]
  0x0000017a6ffb7a00 JavaThread "LocalFile Deleter" daemon [_thread_blocked, id=12908, stack(0x00000073f7600000,0x00000073f7700000)]
  0x0000017a6ffb7f10 JavaThread "LocalFile Deleter" daemon [_thread_blocked, id=3452, stack(0x00000073f7700000,0x00000073f7800000)]
  0x0000017a6ffb74f0 JavaThread "LocalFile Deleter" daemon [_thread_blocked, id=9472, stack(0x00000073f7800000,0x00000073f7900000)]
  0x0000017a6ffb6fe0 JavaThread "Compiler Source File Reader" daemon [_thread_blocked, id=16180, stack(0x00000073f7900000,0x00000073f7a00000)]
  0x0000017a6ffb6ad0 JavaThread "Compiler Source File Reader" daemon [_thread_blocked, id=6808, stack(0x00000073f7a00000,0x00000073f7b00000)]
  0x0000017a6ffb8420 JavaThread "Compiler Source File Reader" daemon [_thread_blocked, id=8892, stack(0x00000073f7b00000,0x00000073f7c00000)]
  0x0000017a6ffb8e40 JavaThread "Compiler Source File Reader" daemon [_thread_blocked, id=816, stack(0x00000073f7c00000,0x00000073f7d00000)]
  0x0000017a6ffb9350 JavaThread "Compiler Source File Reader" daemon [_thread_blocked, id=12220, stack(0x00000073f7d00000,0x00000073f7e00000)]
  0x0000017a6e6de600 JavaThread "Compiler Source File Reader" daemon [_thread_blocked, id=2556, stack(0x00000073f7e00000,0x00000073f7f00000)]
  0x0000017a6e6deb10 JavaThread "Compiler Source File Reader" daemon [_thread_blocked, id=18968, stack(0x00000073f7f00000,0x00000073f8000000)]
  0x0000017a6f861f70 JavaThread "Compiler Source File Reader" daemon [_thread_blocked, id=2344, stack(0x00000073f8000000,0x00000073f8100000)]
  0x0000017a6f862990 JavaThread "Compiler Source File Reader" daemon [_thread_blocked, id=15280, stack(0x00000073f8100000,0x00000073f8200000)]
  0x0000017a6f861550 JavaThread "Compiler Source File Reader" daemon [_thread_blocked, id=18732, stack(0x00000073f8200000,0x00000073f8300000)]

Other Threads:
  0x0000017a6c192860 VMThread "VM Thread" [stack: 0x00000073f3200000,0x00000073f3300000] [id=8024]
  0x0000017a6c3f0af0 WatcherThread [stack: 0x00000073f3f00000,0x00000073f4000000] [id=6884]
  0x0000017a531b2860 GCTaskThread "GC Thread#0" [stack: 0x00000073f3100000,0x00000073f3200000] [id=15696]
  0x0000017a6ddb7800 GCTaskThread "GC Thread#1" [stack: 0x00000073f4100000,0x00000073f4200000] [id=11164]
  0x0000017a6de1c090 GCTaskThread "GC Thread#2" [stack: 0x00000073f4200000,0x00000073f4300000] [id=17808]
  0x0000017a6de1c350 GCTaskThread "GC Thread#3" [stack: 0x00000073f4300000,0x00000073f4400000] [id=13484]
  0x0000017a6e08ac30 GCTaskThread "GC Thread#4" [stack: 0x00000073f4400000,0x00000073f4500000] [id=13592]
  0x0000017a6e08aef0 GCTaskThread "GC Thread#5" [stack: 0x00000073f4500000,0x00000073f4600000] [id=6248]
  0x0000017a6e387640 GCTaskThread "GC Thread#6" [stack: 0x00000073f4600000,0x00000073f4700000] [id=6968]
  0x0000017a6e1cfc80 GCTaskThread "GC Thread#7" [stack: 0x00000073f4b00000,0x00000073f4c00000] [id=6544]
  0x0000017a6e6c46f0 GCTaskThread "GC Thread#8" [stack: 0x00000073f4d00000,0x00000073f4e00000] [id=8676]
  0x0000017a6e4d1ac0 GCTaskThread "GC Thread#9" [stack: 0x00000073f4e00000,0x00000073f4f00000] [id=19084]

Threads with active compile tasks:
C2 CompilerThread0     7584 6464   !   4       org.eclipse.osgi.internal.loader.BundleLoader::findClass0 (470 bytes)
C2 CompilerThread1     7584 7779       4       org.eclipse.core.internal.resources.MarkerManager$$Lambda$419/0x00000001005de340::visitElement (19 bytes)
C2 CompilerThread2     7584 7974       4       jdk.internal.jimage.ImageReader$SharedImageReader::lambda$handleModulesSubTree$1 (43 bytes)

VM state: not at safepoint (normal execution)

VM Mutex/Monitor currently owned by a thread: None

Heap address: 0x00000000c0000000, size: 1024 MB, Compressed Oops mode: 32-bit

CDS archive(s) not mapped
Compressed class space mapped at: 0x0000000100000000-0x0000000140000000, reserved size: 1073741824
Narrow klass base: 0x0000000000000000, Narrow klass shift: 3, Narrow klass range: 0x140000000

GC Precious Log:
 CPUs: 12 total, 12 available
 Memory: 16092M
 Large Page Support: Disabled
 NUMA Support: Disabled
 Compressed Oops: Enabled (32-bit)
 Alignments: Space 512K, Generation 512K, Heap 2M
 Heap Min Capacity: 100M
 Heap Initial Capacity: 100M
 Heap Max Capacity: 1G
 Pre-touch: Disabled
 Parallel Workers: 10

Heap:
 PSYoungGen      total 12288K, used 2976K [0x00000000eab00000, 0x00000000eb980000, 0x0000000100000000)
  eden space 9728K, 7% used [0x00000000eab00000,0x00000000eabc0418,0x00000000eb480000)
  from space 2560K, 86% used [0x00000000eb480000,0x00000000eb6a7c18,0x00000000eb700000)
  to   space 2560K, 0% used [0x00000000eb700000,0x00000000eb700000,0x00000000eb980000)
 ParOldGen       total 115712K, used 90714K [0x00000000c0000000, 0x00000000c7100000, 0x00000000eab00000)
  object space 115712K, 78% used [0x00000000c0000000,0x00000000c5896a98,0x00000000c7100000)
 Metaspace       used 57920K, committed 59008K, reserved 1114112K
  class space    used 6166K, committed 6656K, reserved 1048576K

Card table byte_map: [0x0000017a52b30000,0x0000017a52d40000] _byte_map_base: 0x0000017a52530000

Marking Bits: (ParMarkBitMap*) 0x00007ffe36086940
 Begin Bits: [0x0000017a64e30000, 0x0000017a65e30000)
 End Bits:   [0x0000017a65e30000, 0x0000017a66e30000)

Polling page: 0x0000017a510c0000

Metaspace:

Usage:
  Non-class:     50.54 MB used.
      Class:      6.02 MB used.
       Both:     56.56 MB used.

Virtual space:
  Non-class space:       64.00 MB reserved,      51.12 MB ( 80%) committed,  1 nodes.
      Class space:        1.00 GB reserved,       6.50 MB ( <1%) committed,  1 nodes.
             Both:        1.06 GB reserved,      57.62 MB (  5%) committed. 

Chunk freelists:
   Non-Class:  12.17 MB
       Class:  9.54 MB
        Both:  21.72 MB

MaxMetaspaceSize: unlimited
CompressedClassSpaceSize: 1.00 GB
Initial GC threshold: 21.00 MB
Current GC threshold: 95.62 MB
CDS: off
MetaspaceReclaimPolicy: balanced
 - commit_granule_bytes: 65536.
 - commit_granule_words: 8192.
 - virtual_space_node_default_size: 8388608.
 - enlarge_chunks_in_place: 1.
 - new_chunks_are_fully_committed: 0.
 - uncommit_free_chunks: 1.
 - use_allocation_guard: 0.
 - handle_deallocations: 1.


Internal statistics:

num_allocs_failed_limit: 6.
num_arena_births: 620.
num_arena_deaths: 14.
num_vsnodes_births: 2.
num_vsnodes_deaths: 0.
num_space_committed: 922.
num_space_uncommitted: 0.
num_chunks_returned_to_freelist: 20.
num_chunks_taken_from_freelist: 2862.
num_chunk_merges: 8.
num_chunk_splits: 1778.
num_chunks_enlarged: 1079.
num_inconsistent_stats: 0.

CodeHeap 'non-profiled nmethods': size=120000Kb used=4247Kb max_used=4247Kb free=115752Kb
 bounds [0x0000017a5d900000, 0x0000017a5dd30000, 0x0000017a64e30000]
CodeHeap 'profiled nmethods': size=120000Kb used=14307Kb max_used=14307Kb free=105692Kb
 bounds [0x0000017a55e30000, 0x0000017a56c30000, 0x0000017a5d360000]
CodeHeap 'non-nmethods': size=5760Kb used=1333Kb max_used=1401Kb free=4426Kb
 bounds [0x0000017a5d360000, 0x0000017a5d5d0000, 0x0000017a5d900000]
 total_blobs=7809 nmethods=7140 adapters=581
 compilation: enabled
              stopped_count=0, restarted_count=0
 full_count=0

Compilation events (20 events):
Event: 6.533 Thread 0x0000017a6c1d5060 7963       2       org.eclipse.jdt.ls.core.internal.filesystem.JLSFileSystem::getStore (26 bytes)
Event: 6.534 Thread 0x0000017a6c1d5060 nmethod 7963 0x0000017a56c26390 code [0x0000017a56c265a0, 0x0000017a56c268d8]
Event: 6.534 Thread 0x0000017a6c1d5060 7964       2       org.eclipse.jdt.ls.core.internal.filesystem.JLSFileSystem::filePathFromURI (34 bytes)
Event: 6.534 Thread 0x0000017a6c1d5060 nmethod 7964 0x0000017a56c26b10 code [0x0000017a56c26ce0, 0x0000017a56c26f28]
Event: 6.534 Thread 0x0000017a6c1d5060 7966       2       java.util.HashSet::toArray (16 bytes)
Event: 6.535 Thread 0x0000017a6c1d5060 nmethod 7966 0x0000017a56c27110 code [0x0000017a56c272c0, 0x0000017a56c27418]
Event: 6.535 Thread 0x0000017a6c1d5060 7962       1       java.util.Collections$EmptySet::isEmpty (2 bytes)
Event: 6.535 Thread 0x0000017a6c1d5060 nmethod 7962 0x0000017a5dd19810 code [0x0000017a5dd199a0, 0x0000017a5dd19a78]
Event: 6.544 Thread 0x0000017a6c1d5060 7968       1       java.nio.charset.CharsetDecoder::charset (5 bytes)
Event: 6.544 Thread 0x0000017a6c1d5060 nmethod 7968 0x0000017a5dd19b10 code [0x0000017a5dd19ca0, 0x0000017a5dd19d78]
Event: 6.545 Thread 0x0000017a6c1d2b30 nmethod 7915 0x0000017a5dd19e10 code [0x0000017a5dd1a000, 0x0000017a5dd1ad38]
Event: 6.545 Thread 0x0000017a6c1d2b30 7905       4       jdk.internal.jimage.ImageReader$Resource::create (17 bytes)
Event: 6.546 Thread 0x0000017a6c1d5060 7970       2       sun.nio.ch.ChannelInputStream::read (10 bytes)
Event: 6.546 Thread 0x0000017a6c1d5060 nmethod 7970 0x0000017a56c27510 code [0x0000017a56c276a0, 0x0000017a56c277c8]
Event: 6.546 Thread 0x0000017a6c1d5060 7971       3       org.eclipse.jdt.core.compiler.CharOperation::subarray (47 bytes)
Event: 6.546 Thread 0x0000017a6c1d5060 nmethod 7971 0x0000017a56c27890 code [0x0000017a56c27a60, 0x0000017a56c27e28]
Event: 6.550 Thread 0x0000017a6c1d2b30 nmethod 7905 0x0000017a5dd1b810 code [0x0000017a5dd1b9c0, 0x0000017a5dd1c108]
Event: 6.550 Thread 0x0000017a6c1d2b30 7969  s    4       sun.nio.ch.ChannelInputStream::read (77 bytes)
Event: 6.551 Thread 0x0000017a6c1d1b40 nmethod 7904 0x0000017a5dd1c690 code [0x0000017a5dd1c900, 0x0000017a5dd1e650]
Event: 6.552 Thread 0x0000017a6c1d1b40 7973       4       jdk.internal.jimage.ImageReader$SharedImageReader$$Lambda$321/0x0000000100525718::visit (13 bytes)

GC Heap History (20 events):
Event: 6.228 GC heap before
{Heap before GC invocations=47 (full 3):
 PSYoungGen      total 12288K, used 11967K [0x00000000eab00000, 0x00000000eb980000, 0x0000000100000000)
  eden space 9728K, 99% used [0x00000000eab00000,0x00000000eb4735a8,0x00000000eb480000)
  from space 2560K, 89% used [0x00000000eb700000,0x00000000eb93c7d8,0x00000000eb980000)
  to   space 2560K, 0% used [0x00000000eb480000,0x00000000eb480000,0x00000000eb700000)
 ParOldGen       total 91136K, used 73861K [0x00000000c0000000, 0x00000000c5900000, 0x00000000eab00000)
  object space 91136K, 81% used [0x00000000c0000000,0x00000000c4821458,0x00000000c5900000)
 Metaspace       used 56656K, committed 57664K, reserved 1114112K
  class space    used 6010K, committed 6464K, reserved 1048576K
}
Event: 6.230 GC heap after
{Heap after GC invocations=47 (full 3):
 PSYoungGen      total 12288K, used 1964K [0x00000000eab00000, 0x00000000eb980000, 0x0000000100000000)
  eden space 9728K, 0% used [0x00000000eab00000,0x00000000eab00000,0x00000000eb480000)
  from space 2560K, 76% used [0x00000000eb480000,0x00000000eb66b0f0,0x00000000eb700000)
  to   space 2560K, 0% used [0x00000000eb700000,0x00000000eb700000,0x00000000eb980000)
 ParOldGen       total 91136K, used 75846K [0x00000000c0000000, 0x00000000c5900000, 0x00000000eab00000)
  object space 91136K, 83% used [0x00000000c0000000,0x00000000c4a11838,0x00000000c5900000)
 Metaspace       used 56656K, committed 57664K, reserved 1114112K
  class space    used 6010K, committed 6464K, reserved 1048576K
}
Event: 6.245 GC heap before
{Heap before GC invocations=48 (full 3):
 PSYoungGen      total 12288K, used 11692K [0x00000000eab00000, 0x00000000eb980000, 0x0000000100000000)
  eden space 9728K, 100% used [0x00000000eab00000,0x00000000eb480000,0x00000000eb480000)
  from space 2560K, 76% used [0x00000000eb480000,0x00000000eb66b0f0,0x00000000eb700000)
  to   space 2560K, 0% used [0x00000000eb700000,0x00000000eb700000,0x00000000eb980000)
 ParOldGen       total 91136K, used 75846K [0x00000000c0000000, 0x00000000c5900000, 0x00000000eab00000)
  object space 91136K, 83% used [0x00000000c0000000,0x00000000c4a11838,0x00000000c5900000)
 Metaspace       used 56821K, committed 57856K, reserved 1114112K
  class space    used 6032K, committed 6528K, reserved 1048576K
}
Event: 6.247 GC heap after
{Heap after GC invocations=48 (full 3):
 PSYoungGen      total 12288K, used 2435K [0x00000000eab00000, 0x00000000eb980000, 0x0000000100000000)
  eden space 9728K, 0% used [0x00000000eab00000,0x00000000eab00000,0x00000000eb480000)
  from space 2560K, 95% used [0x00000000eb700000,0x00000000eb960f78,0x00000000eb980000)
  to   space 2560K, 0% used [0x00000000eb480000,0x00000000eb480000,0x00000000eb700000)
 ParOldGen       total 91136K, used 77617K [0x00000000c0000000, 0x00000000c5900000, 0x00000000eab00000)
  object space 91136K, 85% used [0x00000000c0000000,0x00000000c4bcc6a0,0x00000000c5900000)
 Metaspace       used 56821K, committed 57856K, reserved 1114112K
  class space    used 6032K, committed 6528K, reserved 1048576K
}
Event: 6.277 GC heap before
{Heap before GC invocations=49 (full 3):
 PSYoungGen      total 12288K, used 12163K [0x00000000eab00000, 0x00000000eb980000, 0x0000000100000000)
  eden space 9728K, 100% used [0x00000000eab00000,0x00000000eb480000,0x00000000eb480000)
  from space 2560K, 95% used [0x00000000eb700000,0x00000000eb960f78,0x00000000eb980000)
  to   space 2560K, 0% used [0x00000000eb480000,0x00000000eb480000,0x00000000eb700000)
 ParOldGen       total 91136K, used 77617K [0x00000000c0000000, 0x00000000c5900000, 0x00000000eab00000)
  object space 91136K, 85% used [0x00000000c0000000,0x00000000c4bcc6a0,0x00000000c5900000)
 Metaspace       used 57250K, committed 58304K, reserved 1114112K
  class space    used 6090K, committed 6592K, reserved 1048576K
}
Event: 6.278 GC heap after
{Heap after GC invocations=49 (full 3):
 PSYoungGen      total 12288K, used 1912K [0x00000000eab00000, 0x00000000eb980000, 0x0000000100000000)
  eden space 9728K, 0% used [0x00000000eab00000,0x00000000eab00000,0x00000000eb480000)
  from space 2560K, 74% used [0x00000000eb480000,0x00000000eb65e3b8,0x00000000eb700000)
  to   space 2560K, 0% used [0x00000000eb700000,0x00000000eb700000,0x00000000eb980000)
 ParOldGen       total 91136K, used 79843K [0x00000000c0000000, 0x00000000c5900000, 0x00000000eab00000)
  object space 91136K, 87% used [0x00000000c0000000,0x00000000c4df8fb8,0x00000000c5900000)
 Metaspace       used 57250K, committed 58304K, reserved 1114112K
  class space    used 6090K, committed 6592K, reserved 1048576K
}
Event: 6.299 GC heap before
{Heap before GC invocations=50 (full 3):
 PSYoungGen      total 12288K, used 11640K [0x00000000eab00000, 0x00000000eb980000, 0x0000000100000000)
  eden space 9728K, 100% used [0x00000000eab00000,0x00000000eb480000,0x00000000eb480000)
  from space 2560K, 74% used [0x00000000eb480000,0x00000000eb65e3b8,0x00000000eb700000)
  to   space 2560K, 0% used [0x00000000eb700000,0x00000000eb700000,0x00000000eb980000)
 ParOldGen       total 91136K, used 79843K [0x00000000c0000000, 0x00000000c5900000, 0x00000000eab00000)
  object space 91136K, 87% used [0x00000000c0000000,0x00000000c4df8fb8,0x00000000c5900000)
 Metaspace       used 57278K, committed 58368K, reserved 1114112K
  class space    used 6092K, committed 6592K, reserved 1048576K
}
Event: 6.300 GC heap after
{Heap after GC invocations=50 (full 3):
 PSYoungGen      total 12288K, used 2212K [0x00000000eab00000, 0x00000000eb980000, 0x0000000100000000)
  eden space 9728K, 0% used [0x00000000eab00000,0x00000000eab00000,0x00000000eb480000)
  from space 2560K, 86% used [0x00000000eb700000,0x00000000eb9293b0,0x00000000eb980000)
  to   space 2560K, 0% used [0x00000000eb480000,0x00000000eb480000,0x00000000eb700000)
 ParOldGen       total 91136K, used 81499K [0x00000000c0000000, 0x00000000c5900000, 0x00000000eab00000)
  object space 91136K, 89% used [0x00000000c0000000,0x00000000c4f96d70,0x00000000c5900000)
 Metaspace       used 57278K, committed 58368K, reserved 1114112K
  class space    used 6092K, committed 6592K, reserved 1048576K
}
Event: 6.325 GC heap before
{Heap before GC invocations=51 (full 3):
 PSYoungGen      total 12288K, used 11940K [0x00000000eab00000, 0x00000000eb980000, 0x0000000100000000)
  eden space 9728K, 99% used [0x00000000eab00000,0x00000000eb47ff78,0x00000000eb480000)
  from space 2560K, 86% used [0x00000000eb700000,0x00000000eb9293b0,0x00000000eb980000)
  to   space 2560K, 0% used [0x00000000eb480000,0x00000000eb480000,0x00000000eb700000)
 ParOldGen       total 91136K, used 81499K [0x00000000c0000000, 0x00000000c5900000, 0x00000000eab00000)
  object space 91136K, 89% used [0x00000000c0000000,0x00000000c4f96d70,0x00000000c5900000)
 Metaspace       used 57459K, committed 58560K, reserved 1114112K
  class space    used 6116K, committed 6592K, reserved 1048576K
}
Event: 6.327 GC heap after
{Heap after GC invocations=51 (full 3):
 PSYoungGen      total 12288K, used 2126K [0x00000000eab00000, 0x00000000eb980000, 0x0000000100000000)
  eden space 9728K, 0% used [0x00000000eab00000,0x00000000eab00000,0x00000000eb480000)
  from space 2560K, 83% used [0x00000000eb480000,0x00000000eb693890,0x00000000eb700000)
  to   space 2560K, 0% used [0x00000000eb700000,0x00000000eb700000,0x00000000eb980000)
 ParOldGen       total 91136K, used 83473K [0x00000000c0000000, 0x00000000c5900000, 0x00000000eab00000)
  object space 91136K, 91% used [0x00000000c0000000,0x00000000c5184678,0x00000000c5900000)
 Metaspace       used 57459K, committed 58560K, reserved 1114112K
  class space    used 6116K, committed 6592K, reserved 1048576K
}
Event: 6.350 GC heap before
{Heap before GC invocations=52 (full 3):
 PSYoungGen      total 12288K, used 11854K [0x00000000eab00000, 0x00000000eb980000, 0x0000000100000000)
  eden space 9728K, 100% used [0x00000000eab00000,0x00000000eb480000,0x00000000eb480000)
  from space 2560K, 83% used [0x00000000eb480000,0x00000000eb693890,0x00000000eb700000)
  to   space 2560K, 0% used [0x00000000eb700000,0x00000000eb700000,0x00000000eb980000)
 ParOldGen       total 91136K, used 83473K [0x00000000c0000000, 0x00000000c5900000, 0x00000000eab00000)
  object space 91136K, 91% used [0x00000000c0000000,0x00000000c5184678,0x00000000c5900000)
 Metaspace       used 57516K, committed 58560K, reserved 1114112K
  class space    used 6117K, committed 6592K, reserved 1048576K
}
Event: 6.352 GC heap after
{Heap after GC invocations=52 (full 3):
 PSYoungGen      total 12288K, used 2221K [0x00000000eab00000, 0x00000000eb980000, 0x0000000100000000)
  eden space 9728K, 0% used [0x00000000eab00000,0x00000000eab00000,0x00000000eb480000)
  from space 2560K, 86% used [0x00000000eb700000,0x00000000eb92b660,0x00000000eb980000)
  to   space 2560K, 0% used [0x00000000eb480000,0x00000000eb480000,0x00000000eb700000)
 ParOldGen       total 91136K, used 85402K [0x00000000c0000000, 0x00000000c5900000, 0x00000000eab00000)
  object space 91136K, 93% used [0x00000000c0000000,0x00000000c5366890,0x00000000c5900000)
 Metaspace       used 57516K, committed 58560K, reserved 1114112K
  class space    used 6117K, committed 6592K, reserved 1048576K
}
Event: 6.375 GC heap before
{Heap before GC invocations=53 (full 3):
 PSYoungGen      total 12288K, used 11949K [0x00000000eab00000, 0x00000000eb980000, 0x0000000100000000)
  eden space 9728K, 100% used [0x00000000eab00000,0x00000000eb480000,0x00000000eb480000)
  from space 2560K, 86% used [0x00000000eb700000,0x00000000eb92b660,0x00000000eb980000)
  to   space 2560K, 0% used [0x00000000eb480000,0x00000000eb480000,0x00000000eb700000)
 ParOldGen       total 91136K, used 85402K [0x00000000c0000000, 0x00000000c5900000, 0x00000000eab00000)
  object space 91136K, 93% used [0x00000000c0000000,0x00000000c5366890,0x00000000c5900000)
 Metaspace       used 57629K, committed 58688K, reserved 1114112K
  class space    used 6127K, committed 6592K, reserved 1048576K
}
Event: 6.376 GC heap after
{Heap after GC invocations=53 (full 3):
 PSYoungGen      total 12288K, used 2174K [0x00000000eab00000, 0x00000000eb980000, 0x0000000100000000)
  eden space 9728K, 0% used [0x00000000eab00000,0x00000000eab00000,0x00000000eb480000)
  from space 2560K, 84% used [0x00000000eb480000,0x00000000eb69fba0,0x00000000eb700000)
  to   space 2560K, 0% used [0x00000000eb700000,0x00000000eb700000,0x00000000eb980000)
 ParOldGen       total 91136K, used 87534K [0x00000000c0000000, 0x00000000c5900000, 0x00000000eab00000)
  object space 91136K, 96% used [0x00000000c0000000,0x00000000c557b938,0x00000000c5900000)
 Metaspace       used 57629K, committed 58688K, reserved 1114112K
  class space    used 6127K, committed 6592K, reserved 1048576K
}
Event: 6.399 GC heap before
{Heap before GC invocations=54 (full 3):
 PSYoungGen      total 12288K, used 11902K [0x00000000eab00000, 0x00000000eb980000, 0x0000000100000000)
  eden space 9728K, 100% used [0x00000000eab00000,0x00000000eb480000,0x00000000eb480000)
  from space 2560K, 84% used [0x00000000eb480000,0x00000000eb69fba0,0x00000000eb700000)
  to   space 2560K, 0% used [0x00000000eb700000,0x00000000eb700000,0x00000000eb980000)
 ParOldGen       total 91136K, used 87534K [0x00000000c0000000, 0x00000000c5900000, 0x00000000eab00000)
  object space 91136K, 96% used [0x00000000c0000000,0x00000000c557b938,0x00000000c5900000)
 Metaspace       used 57630K, committed 58688K, reserved 1114112K
  class space    used 6127K, committed 6592K, reserved 1048576K
}
Event: 6.401 GC heap after
{Heap after GC invocations=54 (full 3):
 PSYoungGen      total 12288K, used 2279K [0x00000000eab00000, 0x00000000eb980000, 0x0000000100000000)
  eden space 9728K, 0% used [0x00000000eab00000,0x00000000eab00000,0x00000000eb480000)
  from space 2560K, 89% used [0x00000000eb700000,0x00000000eb939dc8,0x00000000eb980000)
  to   space 2560K, 0% used [0x00000000eb480000,0x00000000eb480000,0x00000000eb700000)
 ParOldGen       total 91136K, used 89554K [0x00000000c0000000, 0x00000000c5900000, 0x00000000eab00000)
  object space 91136K, 98% used [0x00000000c0000000,0x00000000c5774830,0x00000000c5900000)
 Metaspace       used 57630K, committed 58688K, reserved 1114112K
  class space    used 6127K, committed 6592K, reserved 1048576K
}
Event: 6.433 GC heap before
{Heap before GC invocations=55 (full 4):
 PSYoungGen      total 12288K, used 12007K [0x00000000eab00000, 0x00000000eb980000, 0x0000000100000000)
  eden space 9728K, 100% used [0x00000000eab00000,0x00000000eb480000,0x00000000eb480000)
  from space 2560K, 89% used [0x00000000eb700000,0x00000000eb939dc8,0x00000000eb980000)
  to   space 2560K, 0% used [0x00000000eb480000,0x00000000eb480000,0x00000000eb700000)
 ParOldGen       total 91136K, used 89554K [0x00000000c0000000, 0x00000000c5900000, 0x00000000eab00000)
  object space 91136K, 98% used [0x00000000c0000000,0x00000000c5774830,0x00000000c5900000)
 Metaspace       used 57721K, committed 58752K, reserved 1114112K
  class space    used 6137K, committed 6592K, reserved 1048576K
}
Event: 6.469 GC heap after
{Heap after GC invocations=55 (full 4):
 PSYoungGen      total 12288K, used 0K [0x00000000eab00000, 0x00000000eb980000, 0x0000000100000000)
  eden space 9728K, 0% used [0x00000000eab00000,0x00000000eab00000,0x00000000eb480000)
  from space 2560K, 0% used [0x00000000eb480000,0x00000000eb480000,0x00000000eb700000)
  to   space 2560K, 0% used [0x00000000eb700000,0x00000000eb700000,0x00000000eb980000)
 ParOldGen       total 115712K, used 88679K [0x00000000c0000000, 0x00000000c7100000, 0x00000000eab00000)
  object space 115712K, 76% used [0x00000000c0000000,0x00000000c5699c30,0x00000000c7100000)
 Metaspace       used 57721K, committed 58752K, reserved 1114112K
  class space    used 6137K, committed 6592K, reserved 1048576K
}
Event: 6.491 GC heap before
{Heap before GC invocations=56 (full 4):
 PSYoungGen      total 12288K, used 9728K [0x00000000eab00000, 0x00000000eb980000, 0x0000000100000000)
  eden space 9728K, 100% used [0x00000000eab00000,0x00000000eb480000,0x00000000eb480000)
  from space 2560K, 0% used [0x00000000eb480000,0x00000000eb480000,0x00000000eb700000)
  to   space 2560K, 0% used [0x00000000eb700000,0x00000000eb700000,0x00000000eb980000)
 ParOldGen       total 115712K, used 88679K [0x00000000c0000000, 0x00000000c7100000, 0x00000000eab00000)
  object space 115712K, 76% used [0x00000000c0000000,0x00000000c5699c30,0x00000000c7100000)
 Metaspace       used 57736K, committed 58752K, reserved 1114112K
  class space    used 6137K, committed 6592K, reserved 1048576K
}
Event: 6.492 GC heap after
{Heap after GC invocations=56 (full 4):
 PSYoungGen      total 12288K, used 2247K [0x00000000eab00000, 0x00000000eb980000, 0x0000000100000000)
  eden space 9728K, 0% used [0x00000000eab00000,0x00000000eab00000,0x00000000eb480000)
  from space 2560K, 87% used [0x00000000eb700000,0x00000000eb931eb8,0x00000000eb980000)
  to   space 2560K, 0% used [0x00000000eb480000,0x00000000eb480000,0x00000000eb700000)
 ParOldGen       total 115712K, used 88679K [0x00000000c0000000, 0x00000000c7100000, 0x00000000eab00000)
  object space 115712K, 76% used [0x00000000c0000000,0x00000000c5699c30,0x00000000c7100000)
 Metaspace       used 57736K, committed 58752K, reserved 1114112K
  class space    used 6137K, committed 6592K, reserved 1048576K
}

Dll operation events (10 events):
Event: 0.007 Loaded shared library c:\Users\dilee\.vscode\extensions\redhat.java-1.38.0-win32-x64\jre\17.0.13-win32-x86_64\bin\java.dll
Event: 0.097 Loaded shared library c:\Users\dilee\.vscode\extensions\redhat.java-1.38.0-win32-x64\jre\17.0.13-win32-x86_64\bin\zip.dll
Event: 0.100 Loaded shared library C:\Users\dilee\.vscode\extensions\redhat.java-1.38.0-win32-x64\jre\17.0.13-win32-x86_64\bin\instrument.dll
Event: 0.110 Loaded shared library C:\Users\dilee\.vscode\extensions\redhat.java-1.38.0-win32-x64\jre\17.0.13-win32-x86_64\bin\net.dll
Event: 0.112 Loaded shared library C:\Users\dilee\.vscode\extensions\redhat.java-1.38.0-win32-x64\jre\17.0.13-win32-x86_64\bin\nio.dll
Event: 0.118 Loaded shared library C:\Users\dilee\.vscode\extensions\redhat.java-1.38.0-win32-x64\jre\17.0.13-win32-x86_64\bin\zip.dll
Event: 0.132 Loaded shared library C:\Users\dilee\.vscode\extensions\redhat.java-1.38.0-win32-x64\jre\17.0.13-win32-x86_64\bin\jimage.dll
Event: 0.184 Loaded shared library c:\Users\dilee\.vscode\extensions\redhat.java-1.38.0-win32-x64\jre\17.0.13-win32-x86_64\bin\verify.dll
Event: 0.962 Loaded shared library C:\Users\dilee\AppData\Roaming\Code\User\globalStorage\redhat.java\1.38.0\config_win\org.eclipse.equinox.launcher\org.eclipse.equinox.launcher.win32.win32.x86_64_1.2.1100.v20240722-2106\eclipse_11904.dll
Event: 2.398 Loaded shared library C:\Users\dilee\AppData\Local\Temp\jna-95587175\jna14456955788883056131.dll

Deoptimization events (20 events):
Event: 6.514 Thread 0x0000017a6ffb9350 Uncommon trap: trap_request=0xffffffde fr.pc=0x0000017a5dd1008c relative=0x00000000000014cc
Event: 6.514 Thread 0x0000017a6ffb9350 Uncommon trap: reason=class_check action=maybe_recompile pc=0x0000017a5dd1008c method=sun.nio.ch.ChannelInputStream.read(Ljava/nio/channels/ReadableByteChannel;Ljava/nio/ByteBuffer;Z)I @ 89 c2
Event: 6.514 Thread 0x0000017a6ffb9350 DEOPT PACKING pc=0x0000017a5dd1008c sp=0x00000073f7dfeed0
Event: 6.514 Thread 0x0000017a6ffb9350 DEOPT UNPACKING pc=0x0000017a5d3b66a3 sp=0x00000073f7dfedd0 mode 2
Event: 6.514 Thread 0x0000017a6ffb9350 Uncommon trap: trap_request=0xffffffde fr.pc=0x0000017a5dd1008c relative=0x00000000000014cc
Event: 6.514 Thread 0x0000017a6ffb9350 Uncommon trap: reason=class_check action=maybe_recompile pc=0x0000017a5dd1008c method=sun.nio.ch.ChannelInputStream.read(Ljava/nio/channels/ReadableByteChannel;Ljava/nio/ByteBuffer;Z)I @ 89 c2
Event: 6.514 Thread 0x0000017a6ffb9350 DEOPT PACKING pc=0x0000017a5dd1008c sp=0x00000073f7dfee60
Event: 6.514 Thread 0x0000017a6ffb9350 DEOPT UNPACKING pc=0x0000017a5d3b66a3 sp=0x00000073f7dfed60 mode 2
Event: 6.517 Thread 0x0000017a6e6de600 Uncommon trap: trap_request=0xffffffde fr.pc=0x0000017a5dd1008c relative=0x00000000000014cc
Event: 6.517 Thread 0x0000017a6e6de600 Uncommon trap: reason=class_check action=maybe_recompile pc=0x0000017a5dd1008c method=sun.nio.ch.ChannelInputStream.read(Ljava/nio/channels/ReadableByteChannel;Ljava/nio/ByteBuffer;Z)I @ 89 c2
Event: 6.517 Thread 0x0000017a6e6de600 DEOPT PACKING pc=0x0000017a5dd1008c sp=0x00000073f7efee50
Event: 6.517 Thread 0x0000017a6e6de600 DEOPT UNPACKING pc=0x0000017a5d3b66a3 sp=0x00000073f7efed50 mode 2
Event: 6.517 Thread 0x0000017a6e6de600 Uncommon trap: trap_request=0xffffffde fr.pc=0x0000017a5dd1008c relative=0x00000000000014cc
Event: 6.517 Thread 0x0000017a6e6de600 Uncommon trap: reason=class_check action=maybe_recompile pc=0x0000017a5dd1008c method=sun.nio.ch.ChannelInputStream.read(Ljava/nio/channels/ReadableByteChannel;Ljava/nio/ByteBuffer;Z)I @ 89 c2
Event: 6.517 Thread 0x0000017a6e6de600 DEOPT PACKING pc=0x0000017a5dd1008c sp=0x00000073f7efede0
Event: 6.517 Thread 0x0000017a6e6de600 DEOPT UNPACKING pc=0x0000017a5d3b66a3 sp=0x00000073f7efece0 mode 2
Event: 6.526 Thread 0x0000017a6e6df020 Uncommon trap: trap_request=0xffffff45 fr.pc=0x0000017a5dc286a4 relative=0x0000000000000184
Event: 6.526 Thread 0x0000017a6e6df020 Uncommon trap: reason=unstable_if action=reinterpret pc=0x0000017a5dc286a4 method=org.eclipse.jdt.core.compiler.CharOperation.subarray([CII)[C @ 2 c2
Event: 6.526 Thread 0x0000017a6e6df020 DEOPT PACKING pc=0x0000017a5dc286a4 sp=0x00000073f59fe510
Event: 6.526 Thread 0x0000017a6e6df020 DEOPT UNPACKING pc=0x0000017a5d3b66a3 sp=0x00000073f59fe4d0 mode 2

Classes loaded (20 events):
Event: 6.361 Loading class java/util/concurrent/ForkJoinTask$AdaptedCallable
Event: 6.361 Loading class java/util/concurrent/ForkJoinTask$AdaptedCallable done
Event: 6.361 Loading class java/util/concurrent/ForkJoinTask$Aux
Event: 6.361 Loading class java/util/concurrent/ForkJoinTask$Aux done
Event: 6.361 Loading class java/util/concurrent/ForkJoinPool$DefaultForkJoinWorkerThreadFactory$1
Event: 6.361 Loading class java/util/concurrent/ForkJoinPool$DefaultForkJoinWorkerThreadFactory$1 done
Event: 6.362 Loading class java/util/concurrent/CountedCompleter
Event: 6.362 Loading class java/util/concurrent/CountedCompleter done
Event: 6.403 Loading class java/util/TreeMap$AscendingSubMap
Event: 6.403 Loading class java/util/TreeMap$NavigableSubMap
Event: 6.403 Loading class java/util/TreeMap$NavigableSubMap done
Event: 6.403 Loading class java/util/TreeMap$AscendingSubMap done
Event: 6.404 Loading class java/util/TreeMap$AscendingSubMap$AscendingEntrySetView
Event: 6.404 Loading class java/util/TreeMap$NavigableSubMap$EntrySetView
Event: 6.404 Loading class java/util/TreeMap$NavigableSubMap$EntrySetView done
Event: 6.404 Loading class java/util/TreeMap$AscendingSubMap$AscendingEntrySetView done
Event: 6.404 Loading class java/util/TreeMap$NavigableSubMap$SubMapEntryIterator
Event: 6.404 Loading class java/util/TreeMap$NavigableSubMap$SubMapIterator
Event: 6.404 Loading class java/util/TreeMap$NavigableSubMap$SubMapIterator done
Event: 6.404 Loading class java/util/TreeMap$NavigableSubMap$SubMapEntryIterator done

Classes unloaded (7 events):
Event: 4.057 Thread 0x0000017a6c192860 Unloading class 0x0000000100252000 'java/lang/invoke/LambdaForm$MH+0x0000000100252000'
Event: 4.057 Thread 0x0000017a6c192860 Unloading class 0x0000000100251c00 'java/lang/invoke/LambdaForm$MH+0x0000000100251c00'
Event: 4.057 Thread 0x0000017a6c192860 Unloading class 0x0000000100251800 'java/lang/invoke/LambdaForm$MH+0x0000000100251800'
Event: 4.057 Thread 0x0000017a6c192860 Unloading class 0x0000000100251400 'java/lang/invoke/LambdaForm$MH+0x0000000100251400'
Event: 4.057 Thread 0x0000017a6c192860 Unloading class 0x0000000100251000 'java/lang/invoke/LambdaForm$BMH+0x0000000100251000'
Event: 4.057 Thread 0x0000017a6c192860 Unloading class 0x0000000100250c00 'java/lang/invoke/LambdaForm$DMH+0x0000000100250c00'
Event: 4.057 Thread 0x0000017a6c192860 Unloading class 0x000000010024c400 'java/lang/invoke/LambdaForm$DMH+0x000000010024c400'

Classes redefined (0 events):
No events

Internal exceptions (20 events):
Event: 6.405 Thread 0x0000017a6ffb3830 Exception <a 'sun/nio/fs/WindowsException'{0x00000000eacc29b8}> (0x00000000eacc29b8) 
thrown [s\src\hotspot\share\prims\jni.cpp, line 516]
Event: 6.405 Thread 0x0000017a6ffb23f0 Exception <a 'sun/nio/fs/WindowsException'{0x00000000eacc8ad8}> (0x00000000eacc8ad8) 
thrown [s\src\hotspot\share\prims\jni.cpp, line 516]
Event: 6.405 Thread 0x0000017a6ffb5690 Exception <a 'sun/nio/fs/WindowsException'{0x00000000eacb6b48}> (0x00000000eacb6b48) 
thrown [s\src\hotspot\share\prims\jni.cpp, line 516]
Event: 6.405 Thread 0x0000017a6ffb5ba0 Exception <a 'sun/nio/fs/WindowsException'{0x00000000eacbc818}> (0x00000000eacbc818) 
thrown [s\src\hotspot\share\prims\jni.cpp, line 516]
Event: 6.406 Thread 0x0000017a6ffb60b0 Exception <a 'sun/nio/fs/WindowsException'{0x00000000eacd5350}> (0x00000000eacd5350) 
thrown [s\src\hotspot\share\prims\jni.cpp, line 516]
Event: 6.406 Thread 0x0000017a6ffb2900 Exception <a 'sun/nio/fs/WindowsException'{0x00000000eaccebf8}> (0x00000000eaccebf8) 
thrown [s\src\hotspot\share\prims\jni.cpp, line 516]
Event: 6.406 Thread 0x0000017a6ffb5ba0 Exception <a 'sun/nio/fs/WindowsException'{0x00000000eacbde00}> (0x00000000eacbde00) 
thrown [s\src\hotspot\share\prims\jni.cpp, line 516]
Event: 6.406 Thread 0x0000017a6ffb74f0 Exception <a 'sun/nio/fs/WindowsException'{0x00000000eacf2318}> (0x00000000eacf2318) 
thrown [s\src\hotspot\share\prims\jni.cpp, line 516]
Event: 6.406 Thread 0x0000017a6ffb2900 Exception <a 'sun/nio/fs/WindowsException'{0x00000000eacd01b0}> (0x00000000eacd01b0) 
thrown [s\src\hotspot\share\prims\jni.cpp, line 516]
Event: 6.406 Thread 0x0000017a6ffb2900 Exception <a 'sun/nio/fs/WindowsException'{0x00000000eacd1840}> (0x00000000eacd1840) 
thrown [s\src\hotspot\share\prims\jni.cpp, line 516]
Event: 6.407 Thread 0x0000017a6ffb2900 Exception <a 'sun/nio/fs/WindowsException'{0x00000000eacd2f28}> (0x00000000eacd2f28) 
thrown [s\src\hotspot\share\prims\jni.cpp, line 516]
Event: 6.411 Thread 0x0000017a6e6df020 Exception <a 'sun/nio/fs/WindowsException'{0x00000000ead78ba0}> (0x00000000ead78ba0) 
thrown [s\src\hotspot\share\prims\jni.cpp, line 516]
Event: 6.411 Thread 0x0000017a6ffb2900 Exception <a 'sun/nio/fs/WindowsException'{0x00000000ead0ee58}> (0x00000000ead0ee58) 
thrown [s\src\hotspot\share\prims\jni.cpp, line 516]
Event: 6.412 Thread 0x0000017a6ffb60b0 Exception <a 'sun/nio/fs/WindowsException'{0x00000000ead05568}> (0x00000000ead05568) 
thrown [s\src\hotspot\share\prims\jni.cpp, line 516]
Event: 6.412 Thread 0x0000017a6ffb3830 Exception <a 'sun/nio/fs/WindowsException'{0x00000000eace1ba0}> (0x00000000eace1ba0) 
thrown [s\src\hotspot\share\prims\jni.cpp, line 516]
Event: 6.412 Thread 0x0000017a6ffb65c0 Exception <a 'sun/nio/fs/WindowsException'{0x00000000eacfa250}> (0x00000000eacfa250) 
thrown [s\src\hotspot\share\prims\jni.cpp, line 516]
Event: 6.412 Thread 0x0000017a6ffb60b0 Exception <a 'sun/nio/fs/WindowsException'{0x00000000ead087b0}> (0x00000000ead087b0) 
thrown [s\src\hotspot\share\prims\jni.cpp, line 516]
Event: 6.412 Thread 0x0000017a6ffb74f0 Exception <a 'sun/nio/fs/WindowsException'{0x00000000eacf5de0}> (0x00000000eacf5de0) 
thrown [s\src\hotspot\share\prims\jni.cpp, line 516]
Event: 6.413 Thread 0x0000017a6ffb23f0 Exception <a 'sun/nio/fs/WindowsException'{0x00000000eaccc508}> (0x00000000eaccc508) 
thrown [s\src\hotspot\share\prims\jni.cpp, line 516]
Event: 6.414 Thread 0x0000017a6ffb4250 Exception <a 'sun/nio/fs/WindowsException'{0x00000000eacddd48}> (0x00000000eacddd48) 
thrown [s\src\hotspot\share\prims\jni.cpp, line 516]

VM Operations (20 events):
Event: 6.300 Executing VM operation: ParallelGCFailedAllocation done
Event: 6.318 Executing VM operation: HandshakeAllThreads
Event: 6.318 Executing VM operation: HandshakeAllThreads done
Event: 6.325 Executing VM operation: ParallelGCFailedAllocation
Event: 6.327 Executing VM operation: ParallelGCFailedAllocation done
Event: 6.342 Executing VM operation: HandshakeAllThreads
Event: 6.342 Executing VM operation: HandshakeAllThreads done
Event: 6.350 Executing VM operation: ParallelGCFailedAllocation
Event: 6.352 Executing VM operation: ParallelGCFailedAllocation done
Event: 6.367 Executing VM operation: HandshakeAllThreads
Event: 6.367 Executing VM operation: HandshakeAllThreads done
Event: 6.375 Executing VM operation: ParallelGCFailedAllocation
Event: 6.376 Executing VM operation: ParallelGCFailedAllocation done
Event: 6.399 Executing VM operation: ParallelGCFailedAllocation
Event: 6.401 Executing VM operation: ParallelGCFailedAllocation done
Event: 6.433 Executing VM operation: ParallelGCFailedAllocation
Event: 6.469 Executing VM operation: ParallelGCFailedAllocation done
Event: 6.491 Executing VM operation: ParallelGCFailedAllocation
Event: 6.492 Executing VM operation: ParallelGCFailedAllocation done
Event: 6.560 Executing VM operation: ParallelGCFailedAllocation

Memory protections (0 events):
No events

Nmethod flushes (20 events):
Event: 4.862 Thread 0x0000017a6c1d62a0 flushing  nmethod 0x0000017a56738f90
Event: 4.862 Thread 0x0000017a6c1d62a0 flushing  nmethod 0x0000017a56739310
Event: 4.862 Thread 0x0000017a6c1d62a0 flushing  nmethod 0x0000017a5673b010
Event: 4.862 Thread 0x0000017a6c1d62a0 flushing  nmethod 0x0000017a56750190
Event: 4.862 Thread 0x0000017a6c1d62a0 flushing  nmethod 0x0000017a56751810
Event: 4.862 Thread 0x0000017a6c1d62a0 flushing  nmethod 0x0000017a56755d90
Event: 4.862 Thread 0x0000017a6c1d62a0 flushing  nmethod 0x0000017a56769710
Event: 4.862 Thread 0x0000017a6c1d62a0 flushing  nmethod 0x0000017a56774110
Event: 4.862 Thread 0x0000017a6c1d62a0 flushing  nmethod 0x0000017a5677b710
Event: 4.862 Thread 0x0000017a6c1d62a0 flushing  nmethod 0x0000017a5679a610
Event: 4.862 Thread 0x0000017a6c1d62a0 flushing  nmethod 0x0000017a567b2f90
Event: 4.862 Thread 0x0000017a6c1d62a0 flushing  nmethod 0x0000017a567bf810
Event: 4.862 Thread 0x0000017a6c1d62a0 flushing  nmethod 0x0000017a567d9a10
Event: 4.862 Thread 0x0000017a6c1d62a0 flushing  nmethod 0x0000017a56814590
Event: 4.862 Thread 0x0000017a6c1d62a0 flushing  nmethod 0x0000017a56817110
Event: 4.862 Thread 0x0000017a6c1d62a0 flushing  nmethod 0x0000017a56824d10
Event: 5.767 Thread 0x0000017a6c1d62a0 flushing  nmethod 0x0000017a56051010
Event: 5.768 Thread 0x0000017a6c1d62a0 flushing  nmethod 0x0000017a561e5a10
Event: 5.768 Thread 0x0000017a6c1d62a0 flushing  nmethod 0x0000017a56226f90
Event: 5.771 Thread 0x0000017a6c1d62a0 flushing  nmethod 0x0000017a567c1f90

Events (20 events):
Event: 6.362 Thread 0x0000017a6ffb5690 Thread added: 0x0000017a6ffb3830
Event: 6.363 Thread 0x0000017a6ffb5ba0 Thread added: 0x0000017a6ffb4250
Event: 6.363 Thread 0x0000017a6ffb3830 Thread added: 0x0000017a6ffb23f0
Event: 6.363 Thread 0x0000017a6ffb5ba0 Thread added: 0x0000017a6ffb60b0
Event: 6.363 Thread 0x0000017a6ffb4250 Thread added: 0x0000017a6ffb2900
Event: 6.363 Thread 0x0000017a6ffb23f0 Thread added: 0x0000017a6ffb65c0
Event: 6.363 Thread 0x0000017a6ffb60b0 Thread added: 0x0000017a6ffb8930
Event: 6.363 Thread 0x0000017a6ffb3830 Thread added: 0x0000017a6ffb7a00
Event: 6.363 Thread 0x0000017a6ffb4250 Thread added: 0x0000017a6ffb7f10
Event: 6.363 Thread 0x0000017a6ffb4250 Thread added: 0x0000017a6ffb74f0
Event: 6.501 Thread 0x0000017a6e6df020 Thread added: 0x0000017a6ffb6fe0
Event: 6.501 Thread 0x0000017a6e6df020 Thread added: 0x0000017a6ffb6ad0
Event: 6.501 Thread 0x0000017a6e6df020 Thread added: 0x0000017a6ffb8420
Event: 6.501 Thread 0x0000017a6e6df020 Thread added: 0x0000017a6ffb8e40
Event: 6.501 Thread 0x0000017a6e6df020 Thread added: 0x0000017a6ffb9350
Event: 6.501 Thread 0x0000017a6ffb6ad0 Thread added: 0x0000017a6e6de600
Event: 6.501 Thread 0x0000017a6ffb9350 Thread added: 0x0000017a6e6deb10
Event: 6.501 Thread 0x0000017a6ffb6fe0 Thread added: 0x0000017a6f861f70
Event: 6.502 Thread 0x0000017a6e6deb10 Thread added: 0x0000017a6f862990
Event: 6.502 Thread 0x0000017a6f861f70 Thread added: 0x0000017a6f861550


Dynamic libraries:
0x00007ff6e1a90000 - 0x00007ff6e1a9e000 	c:\Users\dilee\.vscode\extensions\redhat.java-1.38.0-win32-x64\jre\17.0.13-win32-x86_64\bin\java.exe
0x00007ffea90a0000 - 0x00007ffea9303000 	C:\WINDOWS\SYSTEM32\ntdll.dll
0x00007ffea7420000 - 0x00007ffea74e8000 	C:\WINDOWS\System32\KERNEL32.DLL
0x00007ffea65f0000 - 0x00007ffea69a2000 	C:\WINDOWS\System32\KERNELBASE.dll
0x00007ffea6470000 - 0x00007ffea65bb000 	C:\WINDOWS\System32\ucrtbase.dll
0x00007ffe47dd0000 - 0x00007ffe47de7000 	c:\Users\dilee\.vscode\extensions\redhat.java-1.38.0-win32-x64\jre\17.0.13-win32-x86_64\bin\jli.dll
0x00007ffe47db0000 - 0x00007ffe47dce000 	c:\Users\dilee\.vscode\extensions\redhat.java-1.38.0-win32-x64\jre\17.0.13-win32-x86_64\bin\VCRUNTIME140.dll
0x00007ffea8e60000 - 0x00007ffea9028000 	C:\WINDOWS\System32\USER32.dll
0x00007ffe87f30000 - 0x00007ffe881c0000 	C:\WINDOWS\WinSxS\amd64_microsoft.windows.common-controls_6595b64144ccf1df_6.0.26100.2454_none_3e0b68a2e331ad60\COMCTL32.dll
0x00007ffea65c0000 - 0x00007ffea65e7000 	C:\WINDOWS\System32\win32u.dll
0x00007ffea7f70000 - 0x00007ffea8019000 	C:\WINDOWS\System32\msvcrt.dll
0x00007ffea9030000 - 0x00007ffea905a000 	C:\WINDOWS\System32\GDI32.dll
0x00007ffea6c70000 - 0x00007ffea6d9b000 	C:\WINDOWS\System32\gdi32full.dll
0x00007ffea6b30000 - 0x00007ffea6bd3000 	C:\WINDOWS\System32\msvcp_win.dll
0x00007ffea7650000 - 0x00007ffea767f000 	C:\WINDOWS\System32\IMM32.DLL
0x00007ffe9c800000 - 0x00007ffe9c80c000 	c:\Users\dilee\.vscode\extensions\redhat.java-1.38.0-win32-x64\jre\17.0.13-win32-x86_64\bin\vcruntime140_1.dll
0x00007ffe473b0000 - 0x00007ffe4743d000 	c:\Users\dilee\.vscode\extensions\redhat.java-1.38.0-win32-x64\jre\17.0.13-win32-x86_64\bin\msvcp140.dll
0x00007ffe354e0000 - 0x00007ffe3614b000 	c:\Users\dilee\.vscode\extensions\redhat.java-1.38.0-win32-x64\jre\17.0.13-win32-x86_64\bin\server\jvm.dll
0x00007ffea7eb0000 - 0x00007ffea7f64000 	C:\WINDOWS\System32\ADVAPI32.dll
0x00007ffea87b0000 - 0x00007ffea8856000 	C:\WINDOWS\System32\sechost.dll
0x00007ffea78e0000 - 0x00007ffea79f6000 	C:\WINDOWS\System32\RPCRT4.dll
0x00007ffea7860000 - 0x00007ffea78d4000 	C:\WINDOWS\System32\WS2_32.dll
0x00007ffea5140000 - 0x00007ffea518e000 	C:\WINDOWS\SYSTEM32\POWRPROF.dll
0x00007ffe90e70000 - 0x00007ffe90e7b000 	C:\WINDOWS\SYSTEM32\VERSION.dll
0x00007ffe98e90000 - 0x00007ffe98ec6000 	C:\WINDOWS\SYSTEM32\WINMM.dll
0x00007ffea5120000 - 0x00007ffea5134000 	C:\WINDOWS\SYSTEM32\UMPDC.dll
0x00007ffea53c0000 - 0x00007ffea53da000 	C:\WINDOWS\SYSTEM32\kernel.appcore.dll
0x00007ffe8a870000 - 0x00007ffe8a87a000 	c:\Users\dilee\.vscode\extensions\redhat.java-1.38.0-win32-x64\jre\17.0.13-win32-x86_64\bin\jimage.dll
0x00007ffea3d30000 - 0x00007ffea3f71000 	C:\WINDOWS\SYSTEM32\DBGHELP.DLL
0x00007ffea8ad0000 - 0x00007ffea8e4e000 	C:\WINDOWS\System32\combase.dll
0x00007ffea8890000 - 0x00007ffea8966000 	C:\WINDOWS\System32\OLEAUT32.dll
0x00007ffe8d500000 - 0x00007ffe8d539000 	C:\WINDOWS\SYSTEM32\dbgcore.DLL
0x00007ffea6da0000 - 0x00007ffea6e39000 	C:\WINDOWS\System32\bcryptPrimitives.dll
0x00007ffe7f660000 - 0x00007ffe7f66e000 	c:\Users\dilee\.vscode\extensions\redhat.java-1.38.0-win32-x64\jre\17.0.13-win32-x86_64\bin\instrument.dll
0x00007ffe47380000 - 0x00007ffe473a5000 	c:\Users\dilee\.vscode\extensions\redhat.java-1.38.0-win32-x64\jre\17.0.13-win32-x86_64\bin\java.dll
0x00007ffe47360000 - 0x00007ffe47378000 	c:\Users\dilee\.vscode\extensions\redhat.java-1.38.0-win32-x64\jre\17.0.13-win32-x86_64\bin\zip.dll
0x00007ffea80a0000 - 0x00007ffea87a0000 	C:\WINDOWS\System32\SHELL32.dll
0x00007ffea41c0000 - 0x00007ffea49f1000 	C:\WINDOWS\SYSTEM32\windows.storage.dll
0x00007ffea8970000 - 0x00007ffea8a4a000 	C:\WINDOWS\System32\SHCORE.dll
0x00007ffea7200000 - 0x00007ffea725d000 	C:\WINDOWS\System32\shlwapi.dll
0x00007ffea6380000 - 0x00007ffea63ae000 	C:\WINDOWS\SYSTEM32\profapi.dll
0x00007ffe46d80000 - 0x00007ffe46d99000 	C:\Users\dilee\.vscode\extensions\redhat.java-1.38.0-win32-x64\jre\17.0.13-win32-x86_64\bin\net.dll
0x00007ffe9e110000 - 0x00007ffe9e236000 	C:\WINDOWS\SYSTEM32\WINHTTP.dll
0x00007ffea58c0000 - 0x00007ffea5928000 	C:\WINDOWS\system32\mswsock.dll
0x00007ffe46d60000 - 0x00007ffe46d76000 	C:\Users\dilee\.vscode\extensions\redhat.java-1.38.0-win32-x64\jre\17.0.13-win32-x86_64\bin\nio.dll
0x00007ffe7f4d0000 - 0x00007ffe7f4e0000 	c:\Users\dilee\.vscode\extensions\redhat.java-1.38.0-win32-x64\jre\17.0.13-win32-x86_64\bin\verify.dll
0x00007ffe2f790000 - 0x00007ffe2f7d5000 	C:\Users\dilee\AppData\Roaming\Code\User\globalStorage\redhat.java\1.38.0\config_win\org.eclipse.equinox.launcher\org.eclipse.equinox.launcher.win32.win32.x86_64_1.2.1100.v20240722-2106\eclipse_11904.dll
0x00007ffea7280000 - 0x00007ffea7419000 	C:\WINDOWS\System32\ole32.dll
0x00007ffea5b60000 - 0x00007ffea5b7c000 	C:\WINDOWS\SYSTEM32\CRYPTSP.dll
0x00007ffea5320000 - 0x00007ffea5358000 	C:\WINDOWS\system32\rsaenh.dll
0x00007ffea5960000 - 0x00007ffea598b000 	C:\WINDOWS\SYSTEM32\USERENV.dll
0x00007ffea5da0000 - 0x00007ffea5dc6000 	C:\WINDOWS\SYSTEM32\bcrypt.dll
0x00007ffea5b80000 - 0x00007ffea5b8c000 	C:\WINDOWS\SYSTEM32\CRYPTBASE.dll
0x00007ffea4dd0000 - 0x00007ffea4e02000 	C:\WINDOWS\SYSTEM32\IPHLPAPI.DLL
0x00007ffea7260000 - 0x00007ffea726a000 	C:\WINDOWS\System32\NSI.dll
0x00007ffe9e5c0000 - 0x00007ffe9e5de000 	C:\WINDOWS\SYSTEM32\dhcpcsvc6.DLL
0x00007ffe9e590000 - 0x00007ffe9e5b5000 	C:\WINDOWS\SYSTEM32\dhcpcsvc.DLL
0x00007ffea4e70000 - 0x00007ffea4f95000 	C:\WINDOWS\SYSTEM32\DNSAPI.dll
0x00007ffe7d120000 - 0x00007ffe7d169000 	C:\Users\dilee\AppData\Local\Temp\jna-95587175\jna14456955788883056131.dll
0x00007ffea7ea0000 - 0x00007ffea7ea8000 	C:\WINDOWS\System32\PSAPI.DLL

dbghelp: loaded successfully - version: 4.0.5 - missing functions: none
symbol engine: initialized successfully - sym options: 0x614 - pdb path: .;c:\Users\dilee\.vscode\extensions\redhat.java-1.38.0-win32-x64\jre\17.0.13-win32-x86_64\bin;C:\WINDOWS\SYSTEM32;C:\WINDOWS\WinSxS\amd64_microsoft.windows.common-controls_6595b64144ccf1df_6.0.26100.2454_none_3e0b68a2e331ad60;c:\Users\dilee\.vscode\extensions\redhat.java-1.38.0-win32-x64\jre\17.0.13-win32-x86_64\bin\server;C:\Users\dilee\AppData\Roaming\Code\User\globalStorage\redhat.java\1.38.0\config_win\org.eclipse.equinox.launcher\org.eclipse.equinox.launcher.win32.win32.x86_64_1.2.1100.v20240722-2106;C:\Users\dilee\AppData\Local\Temp\jna-95587175

VM Arguments:
jvm_args: --add-modules=ALL-SYSTEM --add-opens=java.base/java.util=ALL-UNNAMED --add-opens=java.base/java.lang=ALL-UNNAMED --add-opens=java.base/sun.nio.fs=ALL-UNNAMED -Declipse.application=org.eclipse.jdt.ls.core.id1 -Dosgi.bundles.defaultStartLevel=4 -Declipse.product=org.eclipse.jdt.ls.core.product -Djava.import.generatesMetadataFilesAtProjectRoot=false -DDetectVMInstallationsJob.disabled=true -Dfile.encoding=utf8 -XX:+UseParallelGC -XX:GCTimeRatio=4 -XX:AdaptiveSizePolicyWeight=90 -Dsun.zip.disableMemoryMapping=true -Xmx1G -Xms100m -Xlog:disable -javaagent:c:\Users\dilee\.vscode\extensions\redhat.java-1.38.0-win32-x64\lombok\lombok-1.18.34.jar -XX:+HeapDumpOnOutOfMemoryError -XX:HeapDumpPath=c:\Users\dilee\AppData\Roaming\Code\User\workspaceStorage\59530ec292aceb0c47c04ba6be4cce8c\redhat.java -Daether.dependencyCollector.impl=bf 
java_command: c:\Users\dilee\.vscode\extensions\redhat.java-1.38.0-win32-x64\server\plugins\org.eclipse.equinox.launcher_1.6.900.v20240613-2009.jar -configuration c:\Users\dilee\AppData\Roaming\Code\User\globalStorage\redhat.java\1.38.0\config_win -data c:\Users\dilee\AppData\Roaming\Code\User\workspaceStorage\59530ec292aceb0c47c04ba6be4cce8c\redhat.java\jdt_ws --pipe=\\.\pipe\lsp-7d8554366e7be0de0da647037d8581f2-sock
java_class_path (initial): c:\Users\dilee\.vscode\extensions\redhat.java-1.38.0-win32-x64\server\plugins\org.eclipse.equinox.launcher_1.6.900.v20240613-2009.jar
Launcher Type: SUN_STANDARD

[Global flags]
    uintx AdaptiveSizePolicyWeight                 = 90                                        {product} {command line}
     intx CICompilerCount                          = 4                                         {product} {ergonomic}
    uintx GCTimeRatio                              = 4                                         {product} {command line}
     bool HeapDumpOnOutOfMemoryError               = true                                   {manageable} {command line}
    ccstr HeapDumpPath                             = c:\Users\dilee\AppData\Roaming\Code\User\workspaceStorage\59530ec292aceb0c47c04ba6be4cce8c\redhat.java         {manageable} {command line}
   size_t InitialHeapSize                          = 104857600                                 {product} {command line}
   size_t MaxHeapSize                              = 1073741824                                {product} {command line}
   size_t MaxNewSize                               = 357564416                                 {product} {ergonomic}
   size_t MinHeapDeltaBytes                        = 524288                                    {product} {ergonomic}
   size_t MinHeapSize                              = 104857600                                 {product} {command line}
   size_t NewSize                                  = 34603008                                  {product} {ergonomic}
    uintx NonNMethodCodeHeapSize                   = 5839372                                {pd product} {ergonomic}
    uintx NonProfiledCodeHeapSize                  = 122909434                              {pd product} {ergonomic}
   size_t OldSize                                  = 70254592                                  {product} {ergonomic}
    uintx ProfiledCodeHeapSize                     = 122909434                              {pd product} {ergonomic}
    uintx ReservedCodeCacheSize                    = 251658240                              {pd product} {ergonomic}
     bool SegmentedCodeCache                       = true                                      {product} {ergonomic}
   size_t SoftMaxHeapSize                          = 1073741824                             {manageable} {ergonomic}
     bool UseCompressedClassPointers               = true                           {product lp64_product} {ergonomic}
     bool UseCompressedOops                        = true                           {product lp64_product} {ergonomic}
     bool UseLargePagesIndividualAllocation        = false                                  {pd product} {ergonomic}
     bool UseParallelGC                            = true                                      {product} {command line}

Logging:
Log output configuration:
 #0: stdout all=off uptime,level,tags
 #1: stderr all=off uptime,level,tags

Environment Variables:
JAVA_HOME=C:\Program Files\Java\jdk-17
PATH=C:\Program Files\Common Files\Oracle\Java\javapath;C:\WINDOWS\system32;C:\WINDOWS;C:\WINDOWS\System32\Wbem;C:\WINDOWS\System32\WindowsPowerShell\v1.0\;C:\WINDOWS\System32\OpenSSH\;C:\Program Files\nodejs\;C:\ProgramData\chocolatey\bin;C:\Users\dilee\AppData\Local\Microsoft\WindowsApps;C:\Users\dilee\AppData\Local\Programs\Microsoft VS Code\bin;C:\Users\dilee\AppData\Roaming\npm;C:\Program Files\Java\jdk-17\bin;D:\Users\dilee\AppData\Local\Android\Sdk;D:\Users\dilee\AppData\Local\Android\Sdk\platform-tools;D:\Users\dilee\AppData\Local\Android\Sdk\platforms;D:\Users\dilee\AppData\Local\Android\Sdk\emulator;
USERNAME=dilee
OS=Windows_NT
PROCESSOR_IDENTIFIER=Intel64 Family 6 Model 154 Stepping 3, GenuineIntel
TMP=C:\Users\dilee\AppData\Local\Temp
TEMP=C:\Users\dilee\AppData\Local\Temp



Periodic native trim disabled


---------------  S Y S T E M  ---------------

OS:
 Windows 11 , 64 bit Build 26100 (10.0.26100.2454)
OS uptime: 0 days 4:21 hours

CPU: total 12 (initial active 12) (6 cores per cpu, 2 threads per core) family 6 model 154 stepping 3 microcode 0x423, cx8, cmov, fxsr, ht, mmx, 3dnowpref, sse, sse2, sse3, ssse3, sse4.1, sse4.2, popcnt, lzcnt, tsc, tscinvbit, avx, avx2, aes, erms, clmul, bmi1, bmi2, adx, sha, fma, vzeroupper, clflush, clflushopt, clwb
Processor Information for processor 0
  Max Mhz: 2000, Current Mhz: 2000, Mhz Limit: 2000
Processor Information for processor 1
  Max Mhz: 2000, Current Mhz: 2000, Mhz Limit: 2000
Processor Information for processor 2
  Max Mhz: 2000, Current Mhz: 2000, Mhz Limit: 2000
Processor Information for processor 3
  Max Mhz: 2000, Current Mhz: 2000, Mhz Limit: 2000
Processor Information for processor 4
  Max Mhz: 2000, Current Mhz: 2000, Mhz Limit: 2000
Processor Information for processor 5
  Max Mhz: 2000, Current Mhz: 2000, Mhz Limit: 2000
Processor Information for processor 6
  Max Mhz: 2000, Current Mhz: 2000, Mhz Limit: 2000
Processor Information for processor 7
  Max Mhz: 2000, Current Mhz: 1520, Mhz Limit: 2000
Processor Information for processor 8
  Max Mhz: 2000, Current Mhz: 2000, Mhz Limit: 2000
Processor Information for processor 9
  Max Mhz: 2000, Current Mhz: 1466, Mhz Limit: 2000
Processor Information for processor 10
  Max Mhz: 2000, Current Mhz: 2000, Mhz Limit: 2000
Processor Information for processor 11
  Max Mhz: 2000, Current Mhz: 2000, Mhz Limit: 2000

Memory: 4k page, system-wide physical 16092M (1185M free)
TotalPageFile size 31452M (AvailPageFile size 36M)
current process WorkingSet (physical memory assigned to process): 326M, peak: 328M
current process commit charge ("private bytes"): 368M, peak: 371M

vm_info: OpenJDK 64-Bit Server VM (17.0.13+11) for windows-amd64 JRE (17.0.13+11), built on Oct 16 2024 00:10:08 by "admin" with MS VC++ 17.7 (VS2022)

END.
