#
# There is insufficient memory for the Java Runtime Environment to continue.
# Native memory allocation (malloc) failed to allocate 1594736 bytes. Error detail: Chunk::new
# Possible reasons:
#   The system is out of physical RAM or swap space
#   This process is running with CompressedOops enabled, and the Java Heap may be blocking the growth of the native heap
# Possible solutions:
#   Reduce memory load on the system
#   Increase physical memory or swap space
#   Check if swap backing store is full
#   Decrease Java heap size (-Xmx/-Xms)
#   Decrease number of Java threads
#   Decrease Java thread stack sizes (-Xss)
#   Set larger code cache with -XX:ReservedCodeCacheSize=
#   JVM is running with Unscaled Compressed Oops mode in which the Java heap is
#     placed in the first 4GB address space. The Java Heap base address is the
#     maximum limit for the native heap growth. Please use -XX:HeapBaseMinAddress
#     to set the Java Heap base and to place the Java Heap above 4GB virtual address.
# This output file may be truncated or incomplete.
#
#  Out of Memory Error (arena.cpp:191), pid=7572, tid=15952
#
# JRE version: OpenJDK Runtime Environment Temurin-17.0.13+11 (17.0.13+11) (build 17.0.13+11)
# Java VM: OpenJDK 64-Bit Server VM Temurin-17.0.13+11 (17.0.13+11, mixed mode, tiered, compressed oops, compressed class ptrs, parallel gc, windows-amd64)
# No core dump will be written. Minidumps are not enabled by default on client versions of Windows
#

---------------  S U M M A R Y ------------

Command Line: --add-modules=ALL-SYSTEM --add-opens=java.base/java.util=ALL-UNNAMED --add-opens=java.base/java.lang=ALL-UNNAMED --add-opens=java.base/sun.nio.fs=ALL-UNNAMED -Declipse.application=org.eclipse.jdt.ls.core.id1 -Dosgi.bundles.defaultStartLevel=4 -Declipse.product=org.eclipse.jdt.ls.core.product -Djava.import.generatesMetadataFilesAtProjectRoot=false -DDetectVMInstallationsJob.disabled=true -Dfile.encoding=utf8 -XX:+UseParallelGC -XX:GCTimeRatio=4 -XX:AdaptiveSizePolicyWeight=90 -Dsun.zip.disableMemoryMapping=true -Xmx1G -Xms100m -Xlog:disable -javaagent:c:\Users\dilee\.vscode\extensions\redhat.java-1.38.0-win32-x64\lombok\lombok-1.18.34.jar -XX:+HeapDumpOnOutOfMemoryError -XX:HeapDumpPath=c:\Users\dilee\AppData\Roaming\Code\User\workspaceStorage\59530ec292aceb0c47c04ba6be4cce8c\redhat.java -Daether.dependencyCollector.impl=bf c:\Users\dilee\.vscode\extensions\redhat.java-1.38.0-win32-x64\server\plugins\org.eclipse.equinox.launcher_1.6.900.v20240613-2009.jar -configuration c:\Users\dilee\AppData\Roaming\Code\User\globalStorage\redhat.java\1.38.0\config_win -data c:\Users\dilee\AppData\Roaming\Code\User\workspaceStorage\59530ec292aceb0c47c04ba6be4cce8c\redhat.java\jdt_ws --pipe=\\.\pipe\lsp-e005341cce59f87f771ffe7761770bcf-sock

Host: 12th Gen Intel(R) Core(TM) i5-12450H, 12 cores, 15G,  Windows 11 , 64 bit Build 26100 (10.0.26100.2454)
Time: Sun Jan  5 17:09:10 2025 India Standard Time elapsed time: 13.209505 seconds (0d 0h 0m 13s)

---------------  T H R E A D  ---------------

Current thread (0x0000014ff325dec0):  JavaThread "C2 CompilerThread0" daemon [_thread_in_native, id=15952, stack(0x0000003ac3100000,0x0000003ac3200000)]


Current CompileTask:
C2:  13209 5127   !   4       org.eclipse.osgi.internal.loader.classpath.ClasspathManager::findClassImpl (308 bytes)

Stack: [0x0000003ac3100000,0x0000003ac3200000]
Native frames: (J=compiled Java code, j=interpreted, Vv=VM code, C=native code)
V  [jvm.dll+0x682a19]
V  [jvm.dll+0x839538]
V  [jvm.dll+0x83afe3]
V  [jvm.dll+0x83b653]
V  [jvm.dll+0x24704f]
V  [jvm.dll+0xace34]
V  [jvm.dll+0xad4cc]
V  [jvm.dll+0x36592f]
V  [jvm.dll+0x32fbd8]
V  [jvm.dll+0x32f05a]
V  [jvm.dll+0x21804f]
V  [jvm.dll+0x21748f]
V  [jvm.dll+0x1a3070]
V  [jvm.dll+0x22788c]
V  [jvm.dll+0x2259eb]
V  [jvm.dll+0x7eec98]
V  [jvm.dll+0x7e8ffc]
V  [jvm.dll+0x6818f7]
C  [ucrtbase.dll+0x14ea0]
C  [KERNEL32.DLL+0x2e8d7]
C  [ntdll.dll+0xdfbcc]


---------------  P R O C E S S  ---------------

Threads class SMR info:
_java_thread_list=0x0000014ffaa888e0, length=48, elements={
0x0000014fee3cf6b0, 0x0000014ff3255020, 0x0000014ff3257a10, 0x0000014ff3259fa0,
0x0000014ff325aa70, 0x0000014ff325c8f0, 0x0000014ff325d2c0, 0x0000014ff325dec0,
0x0000014ff8433bb0, 0x0000014ff8459ba0, 0x0000014ff8520400, 0x0000014ff9b8a0b0,
0x0000014ffa1bc310, 0x0000014ffa36d660, 0x0000014ffa0e07b0, 0x0000014ffa1367b0,
0x0000014ffa5837a0, 0x0000014ff9f9ce00, 0x0000014ff9f9c8f0, 0x0000014ff9f9d820,
0x0000014ffa8f6120, 0x0000014ffa8f6bc0, 0x0000014ff9f9d310, 0x0000014ff9f9aa90,
0x0000014ff9f9b9c0, 0x0000014ff9f9b4b0, 0x0000014ff9f9afa0, 0x0000014ff9f9bed0,
0x0000014ff9f9c3e0, 0x0000014ffcf191f0, 0x0000014ffcf19700, 0x0000014ffcf1a120,
0x0000014ffcf182c0, 0x0000014ffcf18ce0, 0x0000014ffcf187d0, 0x0000014ffcf1b560,
0x0000014ffcf1a630, 0x0000014ffcf1bf80, 0x0000014ffcf1c490, 0x0000014ffcf1ab40,
0x0000014ffcf1ba70, 0x0000014ffcf1b050, 0x0000014ffcf1ed10, 0x0000014ffcf1c9a0,
0x0000014ffcf1ceb0, 0x0000014ffcf1e800, 0x0000014ffcf1d3c0, 0x0000014ffcf1d8d0
}

Java Threads: ( => current thread )
  0x0000014fee3cf6b0 JavaThread "main" [_thread_blocked, id=5256, stack(0x0000003ac2800000,0x0000003ac2900000)]
  0x0000014ff3255020 JavaThread "Reference Handler" daemon [_thread_blocked, id=4484, stack(0x0000003ac2b00000,0x0000003ac2c00000)]
  0x0000014ff3257a10 JavaThread "Finalizer" daemon [_thread_blocked, id=2564, stack(0x0000003ac2c00000,0x0000003ac2d00000)]
  0x0000014ff3259fa0 JavaThread "Signal Dispatcher" daemon [_thread_blocked, id=10496, stack(0x0000003ac2d00000,0x0000003ac2e00000)]
  0x0000014ff325aa70 JavaThread "Attach Listener" daemon [_thread_blocked, id=13024, stack(0x0000003ac2e00000,0x0000003ac2f00000)]
  0x0000014ff325c8f0 JavaThread "Service Thread" daemon [_thread_blocked, id=11788, stack(0x0000003ac2f00000,0x0000003ac3000000)]
  0x0000014ff325d2c0 JavaThread "Monitor Deflation Thread" daemon [_thread_blocked, id=2808, stack(0x0000003ac3000000,0x0000003ac3100000)]
=>0x0000014ff325dec0 JavaThread "C2 CompilerThread0" daemon [_thread_in_native, id=15952, stack(0x0000003ac3100000,0x0000003ac3200000)]
  0x0000014ff8433bb0 JavaThread "C1 CompilerThread0" daemon [_thread_in_native, id=10336, stack(0x0000003ac3200000,0x0000003ac3300000)]
  0x0000014ff8459ba0 JavaThread "Sweeper thread" daemon [_thread_blocked, id=13852, stack(0x0000003ac3300000,0x0000003ac3400000)]
  0x0000014ff8520400 JavaThread "Common-Cleaner" daemon [_thread_blocked, id=6012, stack(0x0000003ac3400000,0x0000003ac3500000)]
  0x0000014ff9b8a0b0 JavaThread "Notification Thread" daemon [_thread_blocked, id=396, stack(0x0000003ac3600000,0x0000003ac3700000)]
  0x0000014ffa1bc310 JavaThread "Active Thread: Equinox Container: 08fe4e7f-b6cd-4a89-a829-22039f4993e6" [_thread_blocked, id=2448, stack(0x0000003ac3800000,0x0000003ac3900000)]
  0x0000014ffa36d660 JavaThread "Refresh Thread: Equinox Container: 08fe4e7f-b6cd-4a89-a829-22039f4993e6" daemon [_thread_blocked, id=5708, stack(0x0000003ac3f00000,0x0000003ac4000000)]
  0x0000014ffa0e07b0 JavaThread "Framework Event Dispatcher: Equinox Container: 08fe4e7f-b6cd-4a89-a829-22039f4993e6" daemon [_thread_blocked, id=8612, stack(0x0000003ac4000000,0x0000003ac4100000)]
  0x0000014ffa1367b0 JavaThread "Start Level: Equinox Container: 08fe4e7f-b6cd-4a89-a829-22039f4993e6" daemon [_thread_blocked, id=2900, stack(0x0000003ac4100000,0x0000003ac4200000)]
  0x0000014ffa5837a0 JavaThread "Bundle File Closer" daemon [_thread_blocked, id=9096, stack(0x0000003ac4400000,0x0000003ac4500000)]
  0x0000014ff9f9ce00 JavaThread "SCR Component Actor" daemon [_thread_blocked, id=6384, stack(0x0000003ac4300000,0x0000003ac4400000)]
  0x0000014ff9f9c8f0 JavaThread "SCR Component Registry" daemon [_thread_blocked, id=15508, stack(0x0000003ac4700000,0x0000003ac4800000)]
  0x0000014ff9f9d820 JavaThread "Worker-JM" [_thread_blocked, id=2596, stack(0x0000003ac3500000,0x0000003ac3600000)]
  0x0000014ffa8f6120 JavaThread "C2 CompilerThread1" daemon [_thread_in_native, id=11928, stack(0x0000003ac4800000,0x0000003ac4900000)]
  0x0000014ffa8f6bc0 JavaThread "C2 CompilerThread2" daemon [_thread_in_native, id=12376, stack(0x0000003ac4900000,0x0000003ac4a00000)]
  0x0000014ff9f9d310 JavaThread "JNA Cleaner" daemon [_thread_blocked, id=14428, stack(0x0000003ac4a00000,0x0000003ac4b00000)]
  0x0000014ff9f9aa90 JavaThread "Worker-0" [_thread_blocked, id=3052, stack(0x0000003ac4b00000,0x0000003ac4c00000)]
  0x0000014ff9f9b9c0 JavaThread "Worker-1: Initialize After Load" [_thread_in_Java, id=18560, stack(0x0000003ac4c00000,0x0000003ac4d00000)]
  0x0000014ff9f9b4b0 JavaThread "Java indexing" daemon [_thread_in_Java, id=7996, stack(0x0000003ac4d00000,0x0000003ac4e00000)]
  0x0000014ff9f9afa0 JavaThread "Worker-2: Repository registry initialization" [_thread_blocked, id=8584, stack(0x0000003ac5000000,0x0000003ac5100000)]
  0x0000014ff9f9bed0 JavaThread "Worker-3: Updating Maven Dependencies" [_thread_in_vm, id=7852, stack(0x0000003ac5100000,0x0000003ac5200000)]
  0x0000014ff9f9c3e0 JavaThread "Thread-2" daemon [_thread_in_native, id=12508, stack(0x0000003ac5200000,0x0000003ac5300000)]
  0x0000014ffcf191f0 JavaThread "Thread-3" daemon [_thread_in_native, id=13972, stack(0x0000003ac5300000,0x0000003ac5400000)]
  0x0000014ffcf19700 JavaThread "Thread-4" daemon [_thread_in_native, id=11708, stack(0x0000003ac5400000,0x0000003ac5500000)]
  0x0000014ffcf1a120 JavaThread "Thread-5" daemon [_thread_in_native, id=17012, stack(0x0000003ac5500000,0x0000003ac5600000)]
  0x0000014ffcf182c0 JavaThread "Thread-6" daemon [_thread_in_native, id=19036, stack(0x0000003ac5600000,0x0000003ac5700000)]
  0x0000014ffcf18ce0 JavaThread "Thread-7" daemon [_thread_in_native, id=9308, stack(0x0000003ac5700000,0x0000003ac5800000)]
  0x0000014ffcf187d0 JavaThread "Thread-8" daemon [_thread_in_native, id=16976, stack(0x0000003ac5800000,0x0000003ac5900000)]
  0x0000014ffcf1b560 JavaThread "Thread-9" daemon [_thread_in_native, id=15344, stack(0x0000003ac5900000,0x0000003ac5a00000)]
  0x0000014ffcf1a630 JavaThread "Thread-10" daemon [_thread_in_native, id=11244, stack(0x0000003ac5a00000,0x0000003ac5b00000)]
  0x0000014ffcf1bf80 JavaThread "Thread-11" daemon [_thread_in_native, id=16648, stack(0x0000003ac5b00000,0x0000003ac5c00000)]
  0x0000014ffcf1c490 JavaThread "Thread-12" daemon [_thread_in_native, id=17484, stack(0x0000003ac5c00000,0x0000003ac5d00000)]
  0x0000014ffcf1ab40 JavaThread "Thread-13" daemon [_thread_in_native, id=8708, stack(0x0000003ac5d00000,0x0000003ac5e00000)]
  0x0000014ffcf1ba70 JavaThread "Thread-14" daemon [_thread_in_native, id=18452, stack(0x0000003ac5e00000,0x0000003ac5f00000)]
  0x0000014ffcf1b050 JavaThread "pool-2-thread-1" [_thread_blocked, id=7440, stack(0x0000003ac5f00000,0x0000003ac6000000)]
  0x0000014ffcf1ed10 JavaThread "WorkspaceEventsHandler" [_thread_blocked, id=13812, stack(0x0000003ac6000000,0x0000003ac6100000)]
  0x0000014ffcf1c9a0 JavaThread "pool-1-thread-1" [_thread_blocked, id=3024, stack(0x0000003ac6100000,0x0000003ac6200000)]
  0x0000014ffcf1ceb0 JavaThread "Worker-4: Java indexing... " [_thread_blocked, id=13108, stack(0x0000003ac6200000,0x0000003ac6300000)]
  0x0000014ffcf1e800 JavaThread "Worker-5" [_thread_blocked, id=9124, stack(0x0000003ac6300000,0x0000003ac6400000)]
  0x0000014ffcf1d3c0 JavaThread "Worker-6" [_thread_blocked, id=17848, stack(0x0000003ac6400000,0x0000003ac6500000)]
  0x0000014ffcf1d8d0 JavaThread "Worker-7" [_thread_blocked, id=4184, stack(0x0000003ac6500000,0x0000003ac6600000)]

Other Threads:
  0x0000014ff83b3870 VMThread "VM Thread" [stack: 0x0000003ac2a00000,0x0000003ac2b00000] [id=8652]
  0x0000014ff86ee990 WatcherThread [stack: 0x0000003ac3700000,0x0000003ac3800000] [id=16184]
  0x0000014fee3e3180 GCTaskThread "GC Thread#0" [stack: 0x0000003ac2900000,0x0000003ac2a00000] [id=6324]
  0x0000014ffa161de0 GCTaskThread "GC Thread#1" [stack: 0x0000003ac3900000,0x0000003ac3a00000] [id=19004]
  0x0000014ffa161860 GCTaskThread "GC Thread#2" [stack: 0x0000003ac3a00000,0x0000003ac3b00000] [id=12440]
  0x0000014ffa1620a0 GCTaskThread "GC Thread#3" [stack: 0x0000003ac3b00000,0x0000003ac3c00000] [id=12216]
  0x0000014ffa162360 GCTaskThread "GC Thread#4" [stack: 0x0000003ac3c00000,0x0000003ac3d00000] [id=9456]
  0x0000014ffa161020 GCTaskThread "GC Thread#5" [stack: 0x0000003ac3d00000,0x0000003ac3e00000] [id=5532]
  0x0000014ffa1607e0 GCTaskThread "GC Thread#6" [stack: 0x0000003ac3e00000,0x0000003ac3f00000] [id=12176]
  0x0000014ffa160aa0 GCTaskThread "GC Thread#7" [stack: 0x0000003ac4200000,0x0000003ac4300000] [id=14360]
  0x0000014ffa160d60 GCTaskThread "GC Thread#8" [stack: 0x0000003ac4500000,0x0000003ac4600000] [id=11352]
  0x0000014ffab886b0 GCTaskThread "GC Thread#9" [stack: 0x0000003ac4600000,0x0000003ac4700000] [id=12620]

Threads with active compile tasks:
C2 CompilerThread0    13219 5127   !   4       org.eclipse.osgi.internal.loader.classpath.ClasspathManager::findClassImpl (308 bytes)
C1 CompilerThread0    13219 5713       2       org.codehaus.plexus.util.xml.pull.MXParser::parseStartTag (1190 bytes)
C2 CompilerThread1    13219 5365       4       jdk.internal.org.objectweb.asm.Frame::execute (2318 bytes)
C2 CompilerThread2    13219 5494       4       jdk.internal.jimage.ImageLocation::decompress (116 bytes)

VM state: not at safepoint (normal execution)

VM Mutex/Monitor currently owned by a thread: None

Heap address: 0x00000000c0000000, size: 1024 MB, Compressed Oops mode: 32-bit

CDS archive(s) not mapped
Compressed class space mapped at: 0x0000000100000000-0x0000000140000000, reserved size: 1073741824
Narrow klass base: 0x0000000000000000, Narrow klass shift: 3, Narrow klass range: 0x140000000

GC Precious Log:
 CPUs: 12 total, 12 available
 Memory: 16092M
 Large Page Support: Disabled
 NUMA Support: Disabled
 Compressed Oops: Enabled (32-bit)
 Alignments: Space 512K, Generation 512K, Heap 2M
 Heap Min Capacity: 100M
 Heap Initial Capacity: 100M
 Heap Max Capacity: 1G
 Pre-touch: Disabled
 Parallel Workers: 10

Heap:
 PSYoungGen      total 22528K, used 21972K [0x00000000eab00000, 0x00000000ec500000, 0x0000000100000000)
  eden space 19968K, 97% used [0x00000000eab00000,0x00000000ebe18650,0x00000000ebe80000)
  from space 2560K, 94% used [0x00000000ec180000,0x00000000ec3dcc38,0x00000000ec400000)
  to   space 3072K, 0% used [0x00000000ebe80000,0x00000000ebe80000,0x00000000ec180000)
 ParOldGen       total 68608K, used 27669K [0x00000000c0000000, 0x00000000c4300000, 0x00000000eab00000)
  object space 68608K, 40% used [0x00000000c0000000,0x00000000c1b05658,0x00000000c4300000)
 Metaspace       used 46657K, committed 47680K, reserved 1114112K
  class space    used 4804K, committed 5184K, reserved 1048576K

Card table byte_map: [0x0000014fedd60000,0x0000014fedf70000] _byte_map_base: 0x0000014fed760000

Marking Bits: (ParMarkBitMap*) 0x00007ffe36086940
 Begin Bits: [0x0000014ff1060000, 0x0000014ff2060000)
 End Bits:   [0x0000014ff2060000, 0x0000014ff3060000)

Polling page: 0x0000014fec0f0000

Metaspace:

Usage:
  Non-class:     40.87 MB used.
      Class:      4.69 MB used.
       Both:     45.56 MB used.

Virtual space:
  Non-class space:       64.00 MB reserved,      41.50 MB ( 65%) committed,  1 nodes.
      Class space:        1.00 GB reserved,       5.06 MB ( <1%) committed,  1 nodes.
             Both:        1.06 GB reserved,      46.56 MB (  4%) committed. 

Chunk freelists:
   Non-Class:  5.92 MB
       Class:  10.88 MB
        Both:  16.80 MB

MaxMetaspaceSize: unlimited
CompressedClassSpaceSize: 1.00 GB
Initial GC threshold: 21.00 MB
Current GC threshold: 58.38 MB
CDS: off
MetaspaceReclaimPolicy: balanced
 - commit_granule_bytes: 65536.
 - commit_granule_words: 8192.
 - virtual_space_node_default_size: 8388608.
 - enlarge_chunks_in_place: 1.
 - new_chunks_are_fully_committed: 0.
 - uncommit_free_chunks: 1.
 - use_allocation_guard: 0.
 - handle_deallocations: 1.


Internal statistics:

num_allocs_failed_limit: 6.
num_arena_births: 586.
num_arena_deaths: 14.
num_vsnodes_births: 2.
num_vsnodes_deaths: 0.
num_space_committed: 745.
num_space_uncommitted: 0.
num_chunks_returned_to_freelist: 20.
num_chunks_taken_from_freelist: 2295.
num_chunk_merges: 11.
num_chunk_splits: 1428.
num_chunks_enlarged: 866.
num_inconsistent_stats: 0.

CodeHeap 'non-profiled nmethods': size=120000Kb used=2332Kb max_used=2878Kb free=117668Kb
 bounds [0x0000014f87ad0000, 0x0000014f87da0000, 0x0000014f8f000000]
CodeHeap 'profiled nmethods': size=120000Kb used=8754Kb max_used=11253Kb free=111245Kb
 bounds [0x0000014f80000000, 0x0000014f80b00000, 0x0000014f87530000]
CodeHeap 'non-nmethods': size=5760Kb used=1308Kb max_used=1340Kb free=4451Kb
 bounds [0x0000014f87530000, 0x0000014f877a0000, 0x0000014f87ad0000]
 total_blobs=5417 nmethods=4772 adapters=558
 compilation: enabled
              stopped_count=0, restarted_count=0
 full_count=0

Compilation events (20 events):
Event: 12.205 Thread 0x0000014ff8433bb0 nmethod 5653 0x0000014f80048690 code [0x0000014f80048840, 0x0000014f80048a08]
Event: 12.205 Thread 0x0000014ff8433bb0 5652       2       java.nio.CharBuffer::<init> (24 bytes)
Event: 12.205 Thread 0x0000014ff8433bb0 nmethod 5652 0x0000014f80043090 code [0x0000014f80043220, 0x0000014f80043388]
Event: 12.205 Thread 0x0000014ff8433bb0 5648       2       sun.nio.cs.UTF_8$Decoder::decodeLoop (28 bytes)
Event: 12.205 Thread 0x0000014ff8433bb0 nmethod 5648 0x0000014f8018d390 code [0x0000014f8018d540, 0x0000014f8018d718]
Event: 12.205 Thread 0x0000014ff8433bb0 5649       2       sun.nio.cs.UTF_8$Decoder::decodeArrayLoop (688 bytes)
Event: 12.207 Thread 0x0000014ff8433bb0 nmethod 5649 0x0000014f805bcf10 code [0x0000014f805bd480, 0x0000014f805bed38]
Event: 12.207 Thread 0x0000014ff8433bb0 5683       2       org.codehaus.plexus.util.xml.pull.MXParser::isS (30 bytes)
Event: 12.207 Thread 0x0000014ff8433bb0 nmethod 5683 0x0000014f80125b90 code [0x0000014f80125d20, 0x0000014f80125e38]
Event: 12.207 Thread 0x0000014ff8433bb0 5684       2       sun.nio.fs.WindowsPath::elementAsString (62 bytes)
Event: 12.207 Thread 0x0000014ff8433bb0 nmethod 5684 0x0000014f80028290 code [0x0000014f80028460, 0x0000014f80028708]
Event: 12.207 Thread 0x0000014ff8433bb0 5685       3       org.eclipse.jdt.internal.core.util.SimpleWordSet::<init> (41 bytes)
Event: 12.207 Thread 0x0000014ff8433bb0 nmethod 5685 0x0000014f80002b90 code [0x0000014f80002d60, 0x0000014f80002fd8]
Event: 12.207 Thread 0x0000014ff8433bb0 5658       2       java.lang.System$2::decodeASCII (11 bytes)
Event: 12.208 Thread 0x0000014ff8433bb0 nmethod 5658 0x0000014f801fbb90 code [0x0000014f801fbd20, 0x0000014f801fbe48]
Event: 12.208 Thread 0x0000014ff8433bb0 5659       2       java.lang.String::decodeASCII (64 bytes)
Event: 12.208 Thread 0x0000014ff8433bb0 nmethod 5659 0x0000014f80140010 code [0x0000014f801401c0, 0x0000014f80140438]
Event: 12.208 Thread 0x0000014ff8433bb0 5660       2       sun.nio.cs.UTF_8$Decoder::xflow (31 bytes)
Event: 12.208 Thread 0x0000014ff8433bb0 nmethod 5660 0x0000014f80090110 code [0x0000014f800902e0, 0x0000014f800904f8]
Event: 12.208 Thread 0x0000014ff8433bb0 5671   !   2       sun.nio.cs.StreamDecoder::read0 (116 bytes)

GC Heap History (20 events):
Event: 11.349 GC heap before
{Heap before GC invocations=11 (full 1):
 PSYoungGen      total 25088K, used 24886K [0x00000000eab00000, 0x00000000eca80000, 0x0000000100000000)
  eden space 22016K, 100% used [0x00000000eab00000,0x00000000ec080000,0x00000000ec080000)
  from space 3072K, 93% used [0x00000000ec080000,0x00000000ec34d840,0x00000000ec380000)
  to   space 5120K, 0% used [0x00000000ec580000,0x00000000ec580000,0x00000000eca80000)
 ParOldGen       total 68608K, used 16366K [0x00000000c0000000, 0x00000000c4300000, 0x00000000eab00000)
  object space 68608K, 23% used [0x00000000c0000000,0x00000000c0ffbb10,0x00000000c4300000)
 Metaspace       used 33330K, committed 34048K, reserved 1114112K
  class space    used 3247K, committed 3520K, reserved 1048576K
}
Event: 11.351 GC heap after
{Heap after GC invocations=11 (full 1):
 PSYoungGen      total 24576K, used 2120K [0x00000000eab00000, 0x00000000ec800000, 0x0000000100000000)
  eden space 22016K, 0% used [0x00000000eab00000,0x00000000eab00000,0x00000000ec080000)
  from space 2560K, 82% used [0x00000000ec580000,0x00000000ec7922b0,0x00000000ec800000)
  to   space 3072K, 0% used [0x00000000ec200000,0x00000000ec200000,0x00000000ec500000)
 ParOldGen       total 68608K, used 18811K [0x00000000c0000000, 0x00000000c4300000, 0x00000000eab00000)
  object space 68608K, 27% used [0x00000000c0000000,0x00000000c125ee60,0x00000000c4300000)
 Metaspace       used 33330K, committed 34048K, reserved 1114112K
  class space    used 3247K, committed 3520K, reserved 1048576K
}
Event: 11.494 GC heap before
{Heap before GC invocations=12 (full 1):
 PSYoungGen      total 24576K, used 17618K [0x00000000eab00000, 0x00000000ec800000, 0x0000000100000000)
  eden space 22016K, 70% used [0x00000000eab00000,0x00000000eba22700,0x00000000ec080000)
  from space 2560K, 82% used [0x00000000ec580000,0x00000000ec7922b0,0x00000000ec800000)
  to   space 3072K, 0% used [0x00000000ec200000,0x00000000ec200000,0x00000000ec500000)
 ParOldGen       total 68608K, used 18811K [0x00000000c0000000, 0x00000000c4300000, 0x00000000eab00000)
  object space 68608K, 27% used [0x00000000c0000000,0x00000000c125ee60,0x00000000c4300000)
 Metaspace       used 35172K, committed 35840K, reserved 1114112K
  class space    used 3403K, committed 3712K, reserved 1048576K
}
Event: 11.495 GC heap after
{Heap after GC invocations=12 (full 1):
 PSYoungGen      total 23552K, used 1025K [0x00000000eab00000, 0x00000000ec600000, 0x0000000100000000)
  eden space 22016K, 0% used [0x00000000eab00000,0x00000000eab00000,0x00000000ec080000)
  from space 1536K, 66% used [0x00000000ec200000,0x00000000ec300650,0x00000000ec380000)
  to   space 1536K, 0% used [0x00000000ec480000,0x00000000ec480000,0x00000000ec600000)
 ParOldGen       total 68608K, used 20786K [0x00000000c0000000, 0x00000000c4300000, 0x00000000eab00000)
  object space 68608K, 30% used [0x00000000c0000000,0x00000000c144ca18,0x00000000c4300000)
 Metaspace       used 35172K, committed 35840K, reserved 1114112K
  class space    used 3403K, committed 3712K, reserved 1048576K
}
Event: 11.495 GC heap before
{Heap before GC invocations=13 (full 2):
 PSYoungGen      total 23552K, used 1025K [0x00000000eab00000, 0x00000000ec600000, 0x0000000100000000)
  eden space 22016K, 0% used [0x00000000eab00000,0x00000000eab00000,0x00000000ec080000)
  from space 1536K, 66% used [0x00000000ec200000,0x00000000ec300650,0x00000000ec380000)
  to   space 1536K, 0% used [0x00000000ec480000,0x00000000ec480000,0x00000000ec600000)
 ParOldGen       total 68608K, used 20786K [0x00000000c0000000, 0x00000000c4300000, 0x00000000eab00000)
  object space 68608K, 30% used [0x00000000c0000000,0x00000000c144ca18,0x00000000c4300000)
 Metaspace       used 35172K, committed 35840K, reserved 1114112K
  class space    used 3403K, committed 3712K, reserved 1048576K
}
Event: 11.514 GC heap after
{Heap after GC invocations=13 (full 2):
 PSYoungGen      total 23552K, used 0K [0x00000000eab00000, 0x00000000ec600000, 0x0000000100000000)
  eden space 22016K, 0% used [0x00000000eab00000,0x00000000eab00000,0x00000000ec080000)
  from space 1536K, 0% used [0x00000000ec200000,0x00000000ec200000,0x00000000ec380000)
  to   space 1536K, 0% used [0x00000000ec480000,0x00000000ec480000,0x00000000ec600000)
 ParOldGen       total 68608K, used 19797K [0x00000000c0000000, 0x00000000c4300000, 0x00000000eab00000)
  object space 68608K, 28% used [0x00000000c0000000,0x00000000c1355528,0x00000000c4300000)
 Metaspace       used 35158K, committed 35840K, reserved 1114112K
  class space    used 3400K, committed 3712K, reserved 1048576K
}
Event: 11.680 GC heap before
{Heap before GC invocations=14 (full 2):
 PSYoungGen      total 23552K, used 22016K [0x00000000eab00000, 0x00000000ec600000, 0x0000000100000000)
  eden space 22016K, 100% used [0x00000000eab00000,0x00000000ec080000,0x00000000ec080000)
  from space 1536K, 0% used [0x00000000ec200000,0x00000000ec200000,0x00000000ec380000)
  to   space 1536K, 0% used [0x00000000ec480000,0x00000000ec480000,0x00000000ec600000)
 ParOldGen       total 68608K, used 19797K [0x00000000c0000000, 0x00000000c4300000, 0x00000000eab00000)
  object space 68608K, 28% used [0x00000000c0000000,0x00000000c1355528,0x00000000c4300000)
 Metaspace       used 37166K, committed 38016K, reserved 1114112K
  class space    used 3646K, committed 4032K, reserved 1048576K
}
Event: 11.682 GC heap after
{Heap after GC invocations=14 (full 2):
 PSYoungGen      total 23040K, used 978K [0x00000000eab00000, 0x00000000ec580000, 0x0000000100000000)
  eden space 22016K, 0% used [0x00000000eab00000,0x00000000eab00000,0x00000000ec080000)
  from space 1024K, 95% used [0x00000000ec480000,0x00000000ec574be0,0x00000000ec580000)
  to   space 1536K, 0% used [0x00000000ec280000,0x00000000ec280000,0x00000000ec400000)
 ParOldGen       total 68608K, used 19805K [0x00000000c0000000, 0x00000000c4300000, 0x00000000eab00000)
  object space 68608K, 28% used [0x00000000c0000000,0x00000000c1357528,0x00000000c4300000)
 Metaspace       used 37166K, committed 38016K, reserved 1114112K
  class space    used 3646K, committed 4032K, reserved 1048576K
}
Event: 11.789 GC heap before
{Heap before GC invocations=15 (full 2):
 PSYoungGen      total 23040K, used 22994K [0x00000000eab00000, 0x00000000ec580000, 0x0000000100000000)
  eden space 22016K, 100% used [0x00000000eab00000,0x00000000ec080000,0x00000000ec080000)
  from space 1024K, 95% used [0x00000000ec480000,0x00000000ec574be0,0x00000000ec580000)
  to   space 1536K, 0% used [0x00000000ec280000,0x00000000ec280000,0x00000000ec400000)
 ParOldGen       total 68608K, used 19805K [0x00000000c0000000, 0x00000000c4300000, 0x00000000eab00000)
  object space 68608K, 28% used [0x00000000c0000000,0x00000000c1357528,0x00000000c4300000)
 Metaspace       used 39410K, committed 40256K, reserved 1114112K
  class space    used 3946K, committed 4352K, reserved 1048576K
}
Event: 11.790 GC heap after
{Heap after GC invocations=15 (full 2):
 PSYoungGen      total 23552K, used 1373K [0x00000000eab00000, 0x00000000ec500000, 0x0000000100000000)
  eden space 22016K, 0% used [0x00000000eab00000,0x00000000eab00000,0x00000000ec080000)
  from space 1536K, 89% used [0x00000000ec280000,0x00000000ec3d77a8,0x00000000ec400000)
  to   space 1024K, 0% used [0x00000000ec400000,0x00000000ec400000,0x00000000ec500000)
 ParOldGen       total 68608K, used 20573K [0x00000000c0000000, 0x00000000c4300000, 0x00000000eab00000)
  object space 68608K, 29% used [0x00000000c0000000,0x00000000c1417640,0x00000000c4300000)
 Metaspace       used 39410K, committed 40256K, reserved 1114112K
  class space    used 3946K, committed 4352K, reserved 1048576K
}
Event: 11.842 GC heap before
{Heap before GC invocations=16 (full 2):
 PSYoungGen      total 23552K, used 23389K [0x00000000eab00000, 0x00000000ec500000, 0x0000000100000000)
  eden space 22016K, 100% used [0x00000000eab00000,0x00000000ec080000,0x00000000ec080000)
  from space 1536K, 89% used [0x00000000ec280000,0x00000000ec3d77a8,0x00000000ec400000)
  to   space 1024K, 0% used [0x00000000ec400000,0x00000000ec400000,0x00000000ec500000)
 ParOldGen       total 68608K, used 20573K [0x00000000c0000000, 0x00000000c4300000, 0x00000000eab00000)
  object space 68608K, 29% used [0x00000000c0000000,0x00000000c1417640,0x00000000c4300000)
 Metaspace       used 40534K, committed 41408K, reserved 1114112K
  class space    used 4077K, committed 4416K, reserved 1048576K
}
Event: 11.844 GC heap after
{Heap after GC invocations=16 (full 2):
 PSYoungGen      total 23040K, used 1010K [0x00000000eab00000, 0x00000000ec680000, 0x0000000100000000)
  eden space 22016K, 0% used [0x00000000eab00000,0x00000000eab00000,0x00000000ec080000)
  from space 1024K, 98% used [0x00000000ec400000,0x00000000ec4fc970,0x00000000ec500000)
  to   space 3072K, 0% used [0x00000000ec080000,0x00000000ec080000,0x00000000ec380000)
 ParOldGen       total 68608K, used 22325K [0x00000000c0000000, 0x00000000c4300000, 0x00000000eab00000)
  object space 68608K, 32% used [0x00000000c0000000,0x00000000c15cd728,0x00000000c4300000)
 Metaspace       used 40534K, committed 41408K, reserved 1114112K
  class space    used 4077K, committed 4416K, reserved 1048576K
}
Event: 11.978 GC heap before
{Heap before GC invocations=17 (full 2):
 PSYoungGen      total 23040K, used 23025K [0x00000000eab00000, 0x00000000ec680000, 0x0000000100000000)
  eden space 22016K, 99% used [0x00000000eab00000,0x00000000ec07fb90,0x00000000ec080000)
  from space 1024K, 98% used [0x00000000ec400000,0x00000000ec4fc970,0x00000000ec500000)
  to   space 3072K, 0% used [0x00000000ec080000,0x00000000ec080000,0x00000000ec380000)
 ParOldGen       total 68608K, used 22325K [0x00000000c0000000, 0x00000000c4300000, 0x00000000eab00000)
  object space 68608K, 32% used [0x00000000c0000000,0x00000000c15cd728,0x00000000c4300000)
 Metaspace       used 42625K, committed 43648K, reserved 1114112K
  class space    used 4303K, committed 4736K, reserved 1048576K
}
Event: 11.979 GC heap after
{Heap after GC invocations=17 (full 2):
 PSYoungGen      total 23552K, used 1152K [0x00000000eab00000, 0x00000000ec480000, 0x0000000100000000)
  eden space 22016K, 0% used [0x00000000eab00000,0x00000000eab00000,0x00000000ec080000)
  from space 1536K, 75% used [0x00000000ec080000,0x00000000ec1a0000,0x00000000ec200000)
  to   space 2048K, 0% used [0x00000000ec280000,0x00000000ec280000,0x00000000ec480000)
 ParOldGen       total 68608K, used 23149K [0x00000000c0000000, 0x00000000c4300000, 0x00000000eab00000)
  object space 68608K, 33% used [0x00000000c0000000,0x00000000c169b748,0x00000000c4300000)
 Metaspace       used 42625K, committed 43648K, reserved 1114112K
  class space    used 4303K, committed 4736K, reserved 1048576K
}
Event: 12.089 GC heap before
{Heap before GC invocations=18 (full 2):
 PSYoungGen      total 23552K, used 23168K [0x00000000eab00000, 0x00000000ec480000, 0x0000000100000000)
  eden space 22016K, 100% used [0x00000000eab00000,0x00000000ec080000,0x00000000ec080000)
  from space 1536K, 75% used [0x00000000ec080000,0x00000000ec1a0000,0x00000000ec200000)
  to   space 2048K, 0% used [0x00000000ec280000,0x00000000ec280000,0x00000000ec480000)
 ParOldGen       total 68608K, used 23149K [0x00000000c0000000, 0x00000000c4300000, 0x00000000eab00000)
  object space 68608K, 33% used [0x00000000c0000000,0x00000000c169b748,0x00000000c4300000)
 Metaspace       used 44251K, committed 45184K, reserved 1114112K
  class space    used 4492K, committed 4864K, reserved 1048576K
}
Event: 12.090 GC heap after
{Heap after GC invocations=18 (full 2):
 PSYoungGen      total 22528K, used 2029K [0x00000000eab00000, 0x00000000ec780000, 0x0000000100000000)
  eden space 20480K, 0% used [0x00000000eab00000,0x00000000eab00000,0x00000000ebf00000)
  from space 2048K, 99% used [0x00000000ec280000,0x00000000ec47b510,0x00000000ec480000)
  to   space 3584K, 0% used [0x00000000ebf00000,0x00000000ebf00000,0x00000000ec280000)
 ParOldGen       total 68608K, used 24325K [0x00000000c0000000, 0x00000000c4300000, 0x00000000eab00000)
  object space 68608K, 35% used [0x00000000c0000000,0x00000000c17c1768,0x00000000c4300000)
 Metaspace       used 44251K, committed 45184K, reserved 1114112K
  class space    used 4492K, committed 4864K, reserved 1048576K
}
Event: 12.143 GC heap before
{Heap before GC invocations=19 (full 2):
 PSYoungGen      total 22528K, used 22509K [0x00000000eab00000, 0x00000000ec780000, 0x0000000100000000)
  eden space 20480K, 100% used [0x00000000eab00000,0x00000000ebf00000,0x00000000ebf00000)
  from space 2048K, 99% used [0x00000000ec280000,0x00000000ec47b510,0x00000000ec480000)
  to   space 3584K, 0% used [0x00000000ebf00000,0x00000000ebf00000,0x00000000ec280000)
 ParOldGen       total 68608K, used 24325K [0x00000000c0000000, 0x00000000c4300000, 0x00000000eab00000)
  object space 68608K, 35% used [0x00000000c0000000,0x00000000c17c1768,0x00000000c4300000)
 Metaspace       used 46014K, committed 46976K, reserved 1114112K
  class space    used 4733K, committed 5120K, reserved 1048576K
}
Event: 12.144 GC heap after
{Heap after GC invocations=19 (full 2):
 PSYoungGen      total 22528K, used 1568K [0x00000000eab00000, 0x00000000ec400000, 0x0000000100000000)
  eden space 20480K, 0% used [0x00000000eab00000,0x00000000eab00000,0x00000000ebf00000)
  from space 2048K, 76% used [0x00000000ebf00000,0x00000000ec088060,0x00000000ec100000)
  to   space 2560K, 0% used [0x00000000ec180000,0x00000000ec180000,0x00000000ec400000)
 ParOldGen       total 68608K, used 26301K [0x00000000c0000000, 0x00000000c4300000, 0x00000000eab00000)
  object space 68608K, 38% used [0x00000000c0000000,0x00000000c19af608,0x00000000c4300000)
 Metaspace       used 46014K, committed 46976K, reserved 1114112K
  class space    used 4733K, committed 5120K, reserved 1048576K
}
Event: 12.182 GC heap before
{Heap before GC invocations=20 (full 2):
 PSYoungGen      total 22528K, used 22048K [0x00000000eab00000, 0x00000000ec400000, 0x0000000100000000)
  eden space 20480K, 100% used [0x00000000eab00000,0x00000000ebf00000,0x00000000ebf00000)
  from space 2048K, 76% used [0x00000000ebf00000,0x00000000ec088060,0x00000000ec100000)
  to   space 2560K, 0% used [0x00000000ec180000,0x00000000ec180000,0x00000000ec400000)
 ParOldGen       total 68608K, used 26301K [0x00000000c0000000, 0x00000000c4300000, 0x00000000eab00000)
  object space 68608K, 38% used [0x00000000c0000000,0x00000000c19af608,0x00000000c4300000)
 Metaspace       used 46456K, committed 47424K, reserved 1114112K
  class space    used 4784K, committed 5184K, reserved 1048576K
}
Event: 12.184 GC heap after
{Heap after GC invocations=20 (full 2):
 PSYoungGen      total 22528K, used 2419K [0x00000000eab00000, 0x00000000ec500000, 0x0000000100000000)
  eden space 19968K, 0% used [0x00000000eab00000,0x00000000eab00000,0x00000000ebe80000)
  from space 2560K, 94% used [0x00000000ec180000,0x00000000ec3dcc38,0x00000000ec400000)
  to   space 3072K, 0% used [0x00000000ebe80000,0x00000000ebe80000,0x00000000ec180000)
 ParOldGen       total 68608K, used 27669K [0x00000000c0000000, 0x00000000c4300000, 0x00000000eab00000)
  object space 68608K, 40% used [0x00000000c0000000,0x00000000c1b05658,0x00000000c4300000)
 Metaspace       used 46456K, committed 47424K, reserved 1114112K
  class space    used 4784K, committed 5184K, reserved 1048576K
}

Dll operation events (10 events):
Event: 0.014 Loaded shared library c:\Users\dilee\.vscode\extensions\redhat.java-1.38.0-win32-x64\jre\17.0.13-win32-x86_64\bin\java.dll
Event: 0.097 Loaded shared library c:\Users\dilee\.vscode\extensions\redhat.java-1.38.0-win32-x64\jre\17.0.13-win32-x86_64\bin\zip.dll
Event: 0.099 Loaded shared library C:\Users\dilee\.vscode\extensions\redhat.java-1.38.0-win32-x64\jre\17.0.13-win32-x86_64\bin\instrument.dll
Event: 0.108 Loaded shared library C:\Users\dilee\.vscode\extensions\redhat.java-1.38.0-win32-x64\jre\17.0.13-win32-x86_64\bin\net.dll
Event: 0.110 Loaded shared library C:\Users\dilee\.vscode\extensions\redhat.java-1.38.0-win32-x64\jre\17.0.13-win32-x86_64\bin\nio.dll
Event: 0.117 Loaded shared library C:\Users\dilee\.vscode\extensions\redhat.java-1.38.0-win32-x64\jre\17.0.13-win32-x86_64\bin\zip.dll
Event: 0.132 Loaded shared library C:\Users\dilee\.vscode\extensions\redhat.java-1.38.0-win32-x64\jre\17.0.13-win32-x86_64\bin\jimage.dll
Event: 0.196 Loaded shared library c:\Users\dilee\.vscode\extensions\redhat.java-1.38.0-win32-x64\jre\17.0.13-win32-x86_64\bin\verify.dll
Event: 8.058 Loaded shared library C:\Users\dilee\AppData\Roaming\Code\User\globalStorage\redhat.java\1.38.0\config_win\org.eclipse.equinox.launcher\org.eclipse.equinox.launcher.win32.win32.x86_64_1.2.1100.v20240722-2106\eclipse_11904.dll
Event: 10.454 Loaded shared library C:\Users\dilee\AppData\Local\Temp\jna-95587175\jna7053480683572669434.dll

Deoptimization events (20 events):
Event: 12.174 Thread 0x0000014ff9f9b4b0 DEOPT UNPACKING pc=0x0000014f87586e43 sp=0x0000003ac4dfe0a8 mode 0
Event: 12.175 Thread 0x0000014ff9f9b9c0 DEOPT PACKING pc=0x0000014f8098342c sp=0x0000003ac4cfd140
Event: 12.175 Thread 0x0000014ff9f9b9c0 DEOPT UNPACKING pc=0x0000014f87586e43 sp=0x0000003ac4cfc6c0 mode 0
Event: 12.176 Thread 0x0000014ff9f9b4b0 DEOPT PACKING pc=0x0000014f80ada708 sp=0x0000003ac4dfedf0
Event: 12.176 Thread 0x0000014ff9f9b4b0 DEOPT UNPACKING pc=0x0000014f87586e43 sp=0x0000003ac4dfe278 mode 0
Event: 12.178 Thread 0x0000014ff9f9b9c0 DEOPT PACKING pc=0x0000014f80aa3f74 sp=0x0000003ac4cfd270
Event: 12.178 Thread 0x0000014ff9f9b9c0 DEOPT UNPACKING pc=0x0000014f87586e43 sp=0x0000003ac4cfc7b8 mode 0
Event: 12.179 Thread 0x0000014ff9f9b4b0 DEOPT PACKING pc=0x0000014f809f545c sp=0x0000003ac4dfe910
Event: 12.179 Thread 0x0000014ff9f9b4b0 DEOPT UNPACKING pc=0x0000014f87586e43 sp=0x0000003ac4dfde08 mode 0
Event: 12.184 Thread 0x0000014ff9f9b4b0 Uncommon trap: trap_request=0xffffff6e fr.pc=0x0000014f87d9f74c relative=0x00000000000003ac
Event: 12.184 Thread 0x0000014ff9f9b4b0 Uncommon trap: reason=loop_limit_check action=maybe_recompile pc=0x0000014f87d9f74c method=org.eclipse.jdt.internal.compiler.classfmt.ClassFileStruct.utf8At(II)[C @ 143 c2
Event: 12.185 Thread 0x0000014ff9f9b4b0 DEOPT PACKING pc=0x0000014f87d9f74c sp=0x0000003ac4dfedf0
Event: 12.185 Thread 0x0000014ff9f9b4b0 DEOPT UNPACKING pc=0x0000014f875866a3 sp=0x0000003ac4dfed88 mode 2
Event: 12.185 Thread 0x0000014ff9f9b4b0 DEOPT PACKING pc=0x0000014f80adfb92 sp=0x0000003ac4dfec10
Event: 12.185 Thread 0x0000014ff9f9b4b0 DEOPT UNPACKING pc=0x0000014f87586e43 sp=0x0000003ac4dfe0b0 mode 0
Event: 12.198 Thread 0x0000014ff9f9b4b0 DEOPT PACKING pc=0x0000014f80afcf76 sp=0x0000003ac4dfed10
Event: 12.198 Thread 0x0000014ff9f9b4b0 DEOPT UNPACKING pc=0x0000014f87586e43 sp=0x0000003ac4dfe140 mode 0
Event: 12.198 Thread 0x0000014ff9f9b4b0 DEOPT PACKING pc=0x0000014f80ae732e sp=0x0000003ac4dfed90
Event: 12.198 Thread 0x0000014ff9f9b4b0 DEOPT UNPACKING pc=0x0000014f87586e43 sp=0x0000003ac4dfe238 mode 0
Event: 12.208 Thread 0x0000014ff9f9b4b0 Uncommon trap: trap_request=0xffffff6e fr.pc=0x0000014f87bb4a70 relative=0x0000000000000e70

Classes loaded (20 events):
Event: 12.093 Loading class java/util/stream/Streams$2
Event: 12.093 Loading class java/util/stream/Streams$2 done
Event: 12.098 Loading class java/nio/channels/Channels$ReadableByteChannelImpl
Event: 12.098 Loading class java/nio/channels/Channels$ReadableByteChannelImpl done
Event: 12.099 Loading class java/util/regex/Pattern$BackRef
Event: 12.099 Loading class java/util/regex/Pattern$BackRef done
Event: 12.099 Loading class java/nio/channels/NonWritableChannelException
Event: 12.099 Loading class java/nio/channels/NonWritableChannelException done
Event: 12.103 Loading class java/lang/invoke/BoundMethodHandle$Species_LLLLLLLLLL
Event: 12.103 Loading class java/lang/invoke/BoundMethodHandle$Species_LLLLLLLLLL done
Event: 12.104 Loading class java/lang/invoke/BoundMethodHandle$Species_LLLLLLLLLLL
Event: 12.104 Loading class java/lang/invoke/BoundMethodHandle$Species_LLLLLLLLLLL done
Event: 12.104 Loading class java/lang/invoke/BoundMethodHandle$Species_LLLLLLLLLLLL
Event: 12.105 Loading class java/lang/invoke/BoundMethodHandle$Species_LLLLLLLLLLLL done
Event: 12.105 Loading class java/lang/invoke/BoundMethodHandle$Species_LLLLLLLLLLLLL
Event: 12.105 Loading class java/lang/invoke/BoundMethodHandle$Species_LLLLLLLLLLLLL done
Event: 12.137 Loading class java/lang/annotation/ElementType
Event: 12.137 Loading class java/lang/annotation/ElementType done
Event: 12.192 Loading class java/lang/annotation/IncompleteAnnotationException
Event: 12.193 Loading class java/lang/annotation/IncompleteAnnotationException done

Classes unloaded (7 events):
Event: 11.498 Thread 0x0000014ff83b3870 Unloading class 0x0000000100254000 'java/lang/invoke/LambdaForm$MH+0x0000000100254000'
Event: 11.498 Thread 0x0000014ff83b3870 Unloading class 0x0000000100253c00 'java/lang/invoke/LambdaForm$MH+0x0000000100253c00'
Event: 11.498 Thread 0x0000014ff83b3870 Unloading class 0x0000000100253800 'java/lang/invoke/LambdaForm$MH+0x0000000100253800'
Event: 11.498 Thread 0x0000014ff83b3870 Unloading class 0x0000000100253400 'java/lang/invoke/LambdaForm$MH+0x0000000100253400'
Event: 11.498 Thread 0x0000014ff83b3870 Unloading class 0x0000000100253000 'java/lang/invoke/LambdaForm$BMH+0x0000000100253000'
Event: 11.499 Thread 0x0000014ff83b3870 Unloading class 0x0000000100252c00 'java/lang/invoke/LambdaForm$DMH+0x0000000100252c00'
Event: 11.499 Thread 0x0000014ff83b3870 Unloading class 0x0000000100250400 'java/lang/invoke/LambdaForm$DMH+0x0000000100250400'

Classes redefined (0 events):
No events

Internal exceptions (20 events):
Event: 11.950 Thread 0x0000014ff9f9b9c0 Exception <a 'sun/nio/fs/WindowsException'{0x00000000ebccbca8}> (0x00000000ebccbca8) 
thrown [s\src\hotspot\share\prims\jni.cpp, line 516]
Event: 11.951 Thread 0x0000014ff9f9afa0 Exception <a 'java/lang/NoSuchMethodError'{0x00000000ebce80d0}: 'int java.lang.invoke.Invokers$Holder.linkToTargetMethod(java.lang.Object, java.lang.Object)'> (0x00000000ebce80d0) 
thrown [s\src\hotspot\share\interpreter\linkResolver.cpp, line 759]
Event: 11.951 Thread 0x0000014ff9f9bed0 Exception <a 'java/lang/NoSuchMethodError'{0x00000000ebcfa800}: 'int java.lang.invoke.Invokers$Holder.linkToTargetMethod(java.lang.Object, java.lang.Object)'> (0x00000000ebcfa800) 
thrown [s\src\hotspot\share\interpreter\linkResolver.cpp, line 759]
Event: 11.956 Thread 0x0000014ff9f9afa0 Exception <a 'java/lang/NoSuchMethodError'{0x00000000ebd5fcb8}: 'java.lang.Object java.lang.invoke.DirectMethodHandle$Holder.invokeStatic(java.lang.Object, int, java.lang.Object, java.lang.Object)'> (0x00000000ebd5fcb8) 
thrown [s\src\hotspot\share\interpreter\linkResolver.cpp, line 759]
Event: 11.957 Thread 0x0000014ff9f9afa0 Exception <a 'java/lang/NoSuchMethodError'{0x00000000ebd63770}: 'java.lang.Object java.lang.invoke.DelegatingMethodHandle$Holder.delegate(java.lang.Object, int, java.lang.Object, java.lang.Object)'> (0x00000000ebd63770) 
thrown [s\src\hotspot\share\interpreter\linkResolver.cpp, line 759]
Event: 11.959 Thread 0x0000014ff9f9afa0 Exception <a 'java/lang/NoSuchMethodError'{0x00000000ebdde2b0}: 'int java.lang.invoke.Invokers$Holder.linkToTargetMethod(java.lang.Object, java.lang.Object, java.lang.Object)'> (0x00000000ebdde2b0) 
thrown [s\src\hotspot\share\interpreter\linkResolver.cpp, line 759]
Event: 11.982 Thread 0x0000014ff9f9bed0 Exception <a 'java/lang/NoSuchMethodError'{0x00000000eab48e18}: 'java.lang.Object java.lang.invoke.DirectMethodHandle$Holder.invokeSpecialIFC(java.lang.Object, java.lang.Object, java.lang.Object, java.lang.Object)'> (0x00000000eab48e18) 
thrown [s\src\hotspot\share\interpreter\linkResolver.cpp, line 759]
Event: 12.029 Thread 0x0000014ff9f9b4b0 Exception <a 'java/lang/NoSuchMethodError'{0x00000000eb22bb98}: 'java.lang.Object java.lang.invoke.Invokers$Holder.invoke_MT(java.lang.Object, java.lang.Object, java.lang.Object)'> (0x00000000eb22bb98) 
thrown [s\src\hotspot\share\interpreter\linkResolver.cpp, line 759]
Event: 12.070 Thread 0x0000014ff9f9b9c0 Exception <a 'sun/nio/fs/WindowsException'{0x00000000ebc925c0}> (0x00000000ebc925c0) 
thrown [s\src\hotspot\share\prims\jni.cpp, line 516]
Event: 12.071 Thread 0x0000014ff9f9b9c0 Exception <a 'sun/nio/fs/WindowsException'{0x00000000ebc92ea0}> (0x00000000ebc92ea0) 
thrown [s\src\hotspot\share\prims\jni.cpp, line 516]
Event: 12.094 Thread 0x0000014ff9f9b9c0 Exception <a 'java/lang/NoSuchMethodError'{0x00000000eac19aa0}: 'java.lang.Object java.lang.invoke.DirectMethodHandle$Holder.invokeSpecial(java.lang.Object, java.lang.Object, java.lang.Object, java.lang.Object, java.lang.Object, java.lang.Object, java.lang.Object, java.lang.Object, java.lang.Object, java.lang.Object)'> (0x00000000eac19aa0) 
thrown [s\src\hotspot\share\interpreter\linkResolver.cpp, line 759]
Event: 12.095 Thread 0x0000014ff9f9b9c0 Exception <a 'java/lang/NoSuchMethodError'{0x00000000eac56118}: 'java.lang.Object java.lang.invoke.Invokers$Holder.invoke_MT(java.lang.Object, java.lang.Object, java.lang.Object, java.lang.Object, java.lang.Object, java.lang.Object, java.lang.Object, java.lang.Object, java.lang.Object, java.lang.Object)'> (0x00000000eac56118) 
thrown [s\src\hotspot\share\interpreter\linkResolver.cpp, line 759]
Event: 12.110 Thread 0x0000014ff9f9bed0 Exception <a 'java/lang/NoSuchMethodError'{0x00000000eb008398}: 'int java.lang.invoke.DirectMethodHandle$Holder.invokeStatic(java.lang.Object, java.lang.Object, java.lang.Object, java.lang.Object, java.lang.Object)'> (0x00000000eb008398) 
thrown [s\src\hotspot\share\interpreter\linkResolver.cpp, line 759]
Event: 12.112 Thread 0x0000014ff9f9b4b0 Exception <a 'java/io/FileNotFoundException'{0x00000000eb080f50}> (0x00000000eb080f50) 
thrown [s\src\hotspot\share\prims\jni.cpp, line 516]
Event: 12.112 Thread 0x0000014ff9f9b4b0 Exception <a 'java/io/FileNotFoundException'{0x00000000eb0821b8}> (0x00000000eb0821b8) 
thrown [s\src\hotspot\share\prims\jni.cpp, line 516]
Event: 12.113 Thread 0x0000014ff9f9b4b0 Exception <a 'java/lang/NoSuchMethodError'{0x00000000eb0dd588}: 'java.lang.Object java.lang.invoke.DirectMethodHandle$Holder.newInvokeSpecial(java.lang.Object, java.lang.Object, java.lang.Object, int)'> (0x00000000eb0dd588) 
thrown [s\src\hotspot\share\interpreter\linkResolver.cpp, line 759]
Event: 12.113 Thread 0x0000014ff9f9b4b0 Exception <a 'java/lang/NoSuchMethodError'{0x00000000eb0e1690}: 'java.lang.Object java.lang.invoke.DirectMethodHandle$Holder.invokeSpecial(java.lang.Object, java.lang.Object, java.lang.Object, java.lang.Object, int)'> (0x00000000eb0e1690) 
thrown [s\src\hotspot\share\interpreter\linkResolver.cpp, line 759]
Event: 12.113 Thread 0x0000014ff9f9b4b0 Exception <a 'java/lang/NoSuchMethodError'{0x00000000eb0e4d98}: 'java.lang.Object java.lang.invoke.Invokers$Holder.linkToTargetMethod(java.lang.Object, java.lang.Object, int, java.lang.Object)'> (0x00000000eb0e4d98) 
thrown [s\src\hotspot\share\interpreter\linkResolver.cpp, line 759]
Event: 12.114 Thread 0x0000014ff9f9b4b0 Exception <a 'java/lang/NoSuchMethodError'{0x00000000eb1223c0}: 'void java.lang.invoke.DirectMethodHandle$Holder.invokeStaticInit(java.lang.Object, java.lang.Object, java.lang.Object)'> (0x00000000eb1223c0) 
thrown [s\src\hotspot\share\interpreter\linkResolver.cpp, line 759]
Event: 12.193 Thread 0x0000014ff9f9bed0 Exception <a 'java/lang/NoClassDefFoundError'{0x00000000eaef9e98}: javax/enterprise/inject/Typed> (0x00000000eaef9e98) 
thrown [s\src\hotspot\share\classfile\systemDictionary.cpp, line 245]

VM Operations (20 events):
Event: 12.046 Executing VM operation: HandshakeAllThreads done
Event: 12.069 Executing VM operation: HandshakeAllThreads
Event: 12.069 Executing VM operation: HandshakeAllThreads done
Event: 12.089 Executing VM operation: ParallelGCFailedAllocation
Event: 12.090 Executing VM operation: ParallelGCFailedAllocation done
Event: 12.099 Executing VM operation: HandshakeAllThreads
Event: 12.099 Executing VM operation: HandshakeAllThreads done
Event: 12.142 Executing VM operation: ParallelGCFailedAllocation
Event: 12.144 Executing VM operation: ParallelGCFailedAllocation done
Event: 12.177 Executing VM operation: HandshakeAllThreads
Event: 12.177 Executing VM operation: HandshakeAllThreads done
Event: 12.177 Executing VM operation: HandshakeAllThreads
Event: 12.177 Executing VM operation: HandshakeAllThreads done
Event: 12.180 Executing VM operation: ParallelGCFailedAllocation
Event: 12.184 Executing VM operation: ParallelGCFailedAllocation done
Event: 12.190 Executing VM operation: HandshakeAllThreads
Event: 12.190 Executing VM operation: HandshakeAllThreads done
Event: 12.198 Executing VM operation: HandshakeAllThreads
Event: 12.198 Executing VM operation: HandshakeAllThreads done
Event: 13.198 Executing VM operation: Cleanup

Memory protections (0 events):
No events

Nmethod flushes (20 events):
Event: 12.204 Thread 0x0000014ff8459ba0 flushing  nmethod 0x0000014f80a3a110
Event: 12.204 Thread 0x0000014ff8459ba0 flushing  nmethod 0x0000014f80a56d10
Event: 12.204 Thread 0x0000014ff8459ba0 flushing  nmethod 0x0000014f80a65a90
Event: 12.204 Thread 0x0000014ff8459ba0 flushing  nmethod 0x0000014f80a76c90
Event: 12.204 Thread 0x0000014ff8459ba0 flushing  nmethod 0x0000014f80a77e10
Event: 12.204 Thread 0x0000014ff8459ba0 flushing  nmethod 0x0000014f80a88410
Event: 12.205 Thread 0x0000014ff8459ba0 flushing  nmethod 0x0000014f80a9c310
Event: 12.205 Thread 0x0000014ff8459ba0 flushing  nmethod 0x0000014f80aa1f10
Event: 12.205 Thread 0x0000014ff8459ba0 flushing  nmethod 0x0000014f80aa2510
Event: 12.205 Thread 0x0000014ff8459ba0 flushing  nmethod 0x0000014f80aa7f90
Event: 12.205 Thread 0x0000014ff8459ba0 flushing  nmethod 0x0000014f80aaa490
Event: 12.205 Thread 0x0000014ff8459ba0 flushing  nmethod 0x0000014f80ac6890
Event: 12.205 Thread 0x0000014ff8459ba0 flushing  nmethod 0x0000014f80ad0690
Event: 12.205 Thread 0x0000014ff8459ba0 flushing  nmethod 0x0000014f80ad3c90
Event: 12.205 Thread 0x0000014ff8459ba0 flushing  nmethod 0x0000014f80ad5890
Event: 12.205 Thread 0x0000014ff8459ba0 flushing  nmethod 0x0000014f80ad6390
Event: 12.205 Thread 0x0000014ff8459ba0 flushing  nmethod 0x0000014f80ad7190
Event: 12.205 Thread 0x0000014ff8459ba0 flushing  nmethod 0x0000014f80ad9990
Event: 12.205 Thread 0x0000014ff8459ba0 flushing  nmethod 0x0000014f80adae10
Event: 12.205 Thread 0x0000014ff8459ba0 flushing  nmethod 0x0000014f80ae2d90

Events (20 events):
Event: 11.704 Thread 0x0000014fee3cf6b0 Thread added: 0x0000014ff9f9c3e0
Event: 11.704 Thread 0x0000014fee3cf6b0 Thread added: 0x0000014ffcf191f0
Event: 11.704 Thread 0x0000014fee3cf6b0 Thread added: 0x0000014ffcf19700
Event: 11.704 Thread 0x0000014fee3cf6b0 Thread added: 0x0000014ffcf1a120
Event: 11.705 Thread 0x0000014fee3cf6b0 Thread added: 0x0000014ffcf182c0
Event: 11.705 Thread 0x0000014fee3cf6b0 Thread added: 0x0000014ffcf18ce0
Event: 11.705 Thread 0x0000014fee3cf6b0 Thread added: 0x0000014ffcf187d0
Event: 11.705 Thread 0x0000014fee3cf6b0 Thread added: 0x0000014ffcf1b560
Event: 11.705 Thread 0x0000014fee3cf6b0 Thread added: 0x0000014ffcf1a630
Event: 11.705 Thread 0x0000014fee3cf6b0 Thread added: 0x0000014ffcf1bf80
Event: 11.705 Thread 0x0000014fee3cf6b0 Thread added: 0x0000014ffcf1c490
Event: 11.705 Thread 0x0000014fee3cf6b0 Thread added: 0x0000014ffcf1ab40
Event: 11.705 Thread 0x0000014fee3cf6b0 Thread added: 0x0000014ffcf1ba70
Event: 11.720 Thread 0x0000014fee3cf6b0 Thread added: 0x0000014ffcf1b050
Event: 11.870 Thread 0x0000014fee3cf6b0 Thread added: 0x0000014ffcf1ed10
Event: 11.870 Thread 0x0000014fee3cf6b0 Thread added: 0x0000014ffcf1c9a0
Event: 11.966 Thread 0x0000014ff9f9aa90 Thread added: 0x0000014ffcf1ceb0
Event: 11.966 Thread 0x0000014ffcf1ceb0 Thread added: 0x0000014ffcf1e800
Event: 11.983 Thread 0x0000014ff9f9aa90 Thread added: 0x0000014ffcf1d3c0
Event: 12.021 Thread 0x0000014ff9f9aa90 Thread added: 0x0000014ffcf1d8d0


Dynamic libraries:
0x00007ff6e1a90000 - 0x00007ff6e1a9e000 	c:\Users\dilee\.vscode\extensions\redhat.java-1.38.0-win32-x64\jre\17.0.13-win32-x86_64\bin\java.exe
0x00007ffea90a0000 - 0x00007ffea9303000 	C:\WINDOWS\SYSTEM32\ntdll.dll
0x00007ffea7420000 - 0x00007ffea74e8000 	C:\WINDOWS\System32\KERNEL32.DLL
0x00007ffea65f0000 - 0x00007ffea69a2000 	C:\WINDOWS\System32\KERNELBASE.dll
0x00007ffea6470000 - 0x00007ffea65bb000 	C:\WINDOWS\System32\ucrtbase.dll
0x00007ffe47db0000 - 0x00007ffe47dce000 	c:\Users\dilee\.vscode\extensions\redhat.java-1.38.0-win32-x64\jre\17.0.13-win32-x86_64\bin\VCRUNTIME140.dll
0x00007ffe47dd0000 - 0x00007ffe47de7000 	c:\Users\dilee\.vscode\extensions\redhat.java-1.38.0-win32-x64\jre\17.0.13-win32-x86_64\bin\jli.dll
0x00007ffea8e60000 - 0x00007ffea9028000 	C:\WINDOWS\System32\USER32.dll
0x00007ffea65c0000 - 0x00007ffea65e7000 	C:\WINDOWS\System32\win32u.dll
0x00007ffe87f30000 - 0x00007ffe881c0000 	C:\WINDOWS\WinSxS\amd64_microsoft.windows.common-controls_6595b64144ccf1df_6.0.26100.2454_none_3e0b68a2e331ad60\COMCTL32.dll
0x00007ffea9030000 - 0x00007ffea905a000 	C:\WINDOWS\System32\GDI32.dll
0x00007ffea7f70000 - 0x00007ffea8019000 	C:\WINDOWS\System32\msvcrt.dll
0x00007ffea6c70000 - 0x00007ffea6d9b000 	C:\WINDOWS\System32\gdi32full.dll
0x00007ffea6b30000 - 0x00007ffea6bd3000 	C:\WINDOWS\System32\msvcp_win.dll
0x00007ffea7650000 - 0x00007ffea767f000 	C:\WINDOWS\System32\IMM32.DLL
0x00007ffe9c800000 - 0x00007ffe9c80c000 	c:\Users\dilee\.vscode\extensions\redhat.java-1.38.0-win32-x64\jre\17.0.13-win32-x86_64\bin\vcruntime140_1.dll
0x00007ffe473b0000 - 0x00007ffe4743d000 	c:\Users\dilee\.vscode\extensions\redhat.java-1.38.0-win32-x64\jre\17.0.13-win32-x86_64\bin\msvcp140.dll
0x00007ffe354e0000 - 0x00007ffe3614b000 	c:\Users\dilee\.vscode\extensions\redhat.java-1.38.0-win32-x64\jre\17.0.13-win32-x86_64\bin\server\jvm.dll
0x00007ffea7eb0000 - 0x00007ffea7f64000 	C:\WINDOWS\System32\ADVAPI32.dll
0x00007ffea87b0000 - 0x00007ffea8856000 	C:\WINDOWS\System32\sechost.dll
0x00007ffea78e0000 - 0x00007ffea79f6000 	C:\WINDOWS\System32\RPCRT4.dll
0x00007ffea7860000 - 0x00007ffea78d4000 	C:\WINDOWS\System32\WS2_32.dll
0x00007ffea5140000 - 0x00007ffea518e000 	C:\WINDOWS\SYSTEM32\POWRPROF.dll
0x00007ffe98e90000 - 0x00007ffe98ec6000 	C:\WINDOWS\SYSTEM32\WINMM.dll
0x00007ffe90e70000 - 0x00007ffe90e7b000 	C:\WINDOWS\SYSTEM32\VERSION.dll
0x00007ffea5120000 - 0x00007ffea5134000 	C:\WINDOWS\SYSTEM32\UMPDC.dll
0x00007ffea53c0000 - 0x00007ffea53da000 	C:\WINDOWS\SYSTEM32\kernel.appcore.dll
0x00007ffe8a870000 - 0x00007ffe8a87a000 	c:\Users\dilee\.vscode\extensions\redhat.java-1.38.0-win32-x64\jre\17.0.13-win32-x86_64\bin\jimage.dll
0x00007ffea3d30000 - 0x00007ffea3f71000 	C:\WINDOWS\SYSTEM32\DBGHELP.DLL
0x00007ffea8ad0000 - 0x00007ffea8e4e000 	C:\WINDOWS\System32\combase.dll
0x00007ffea8890000 - 0x00007ffea8966000 	C:\WINDOWS\System32\OLEAUT32.dll
0x00007ffe8d500000 - 0x00007ffe8d539000 	C:\WINDOWS\SYSTEM32\dbgcore.DLL
0x00007ffea6da0000 - 0x00007ffea6e39000 	C:\WINDOWS\System32\bcryptPrimitives.dll
0x00007ffe7f660000 - 0x00007ffe7f66e000 	c:\Users\dilee\.vscode\extensions\redhat.java-1.38.0-win32-x64\jre\17.0.13-win32-x86_64\bin\instrument.dll
0x00007ffe47380000 - 0x00007ffe473a5000 	c:\Users\dilee\.vscode\extensions\redhat.java-1.38.0-win32-x64\jre\17.0.13-win32-x86_64\bin\java.dll
0x00007ffe47360000 - 0x00007ffe47378000 	c:\Users\dilee\.vscode\extensions\redhat.java-1.38.0-win32-x64\jre\17.0.13-win32-x86_64\bin\zip.dll
0x00007ffea80a0000 - 0x00007ffea87a0000 	C:\WINDOWS\System32\SHELL32.dll
0x00007ffea41c0000 - 0x00007ffea49f1000 	C:\WINDOWS\SYSTEM32\windows.storage.dll
0x00007ffea8970000 - 0x00007ffea8a4a000 	C:\WINDOWS\System32\SHCORE.dll
0x00007ffea7200000 - 0x00007ffea725d000 	C:\WINDOWS\System32\shlwapi.dll
0x00007ffea6380000 - 0x00007ffea63ae000 	C:\WINDOWS\SYSTEM32\profapi.dll
0x00007ffe46d80000 - 0x00007ffe46d99000 	C:\Users\dilee\.vscode\extensions\redhat.java-1.38.0-win32-x64\jre\17.0.13-win32-x86_64\bin\net.dll
0x00007ffe9e110000 - 0x00007ffe9e236000 	C:\WINDOWS\SYSTEM32\WINHTTP.dll
0x00007ffea58c0000 - 0x00007ffea5928000 	C:\WINDOWS\system32\mswsock.dll
0x00007ffe46d60000 - 0x00007ffe46d76000 	C:\Users\dilee\.vscode\extensions\redhat.java-1.38.0-win32-x64\jre\17.0.13-win32-x86_64\bin\nio.dll
0x00007ffe7f4d0000 - 0x00007ffe7f4e0000 	c:\Users\dilee\.vscode\extensions\redhat.java-1.38.0-win32-x64\jre\17.0.13-win32-x86_64\bin\verify.dll
0x00007ffe2f790000 - 0x00007ffe2f7d5000 	C:\Users\dilee\AppData\Roaming\Code\User\globalStorage\redhat.java\1.38.0\config_win\org.eclipse.equinox.launcher\org.eclipse.equinox.launcher.win32.win32.x86_64_1.2.1100.v20240722-2106\eclipse_11904.dll
0x00007ffea7280000 - 0x00007ffea7419000 	C:\WINDOWS\System32\ole32.dll
0x00007ffea5b60000 - 0x00007ffea5b7c000 	C:\WINDOWS\SYSTEM32\CRYPTSP.dll
0x00007ffea5320000 - 0x00007ffea5358000 	C:\WINDOWS\system32\rsaenh.dll
0x00007ffea5960000 - 0x00007ffea598b000 	C:\WINDOWS\SYSTEM32\USERENV.dll
0x00007ffea5da0000 - 0x00007ffea5dc6000 	C:\WINDOWS\SYSTEM32\bcrypt.dll
0x00007ffea5b80000 - 0x00007ffea5b8c000 	C:\WINDOWS\SYSTEM32\CRYPTBASE.dll
0x00007ffea4dd0000 - 0x00007ffea4e02000 	C:\WINDOWS\SYSTEM32\IPHLPAPI.DLL
0x00007ffea7260000 - 0x00007ffea726a000 	C:\WINDOWS\System32\NSI.dll
0x00007ffe9e5c0000 - 0x00007ffe9e5de000 	C:\WINDOWS\SYSTEM32\dhcpcsvc6.DLL
0x00007ffe9e590000 - 0x00007ffe9e5b5000 	C:\WINDOWS\SYSTEM32\dhcpcsvc.DLL
0x00007ffea4e70000 - 0x00007ffea4f95000 	C:\WINDOWS\SYSTEM32\DNSAPI.dll
0x00007ffe7e030000 - 0x00007ffe7e079000 	C:\Users\dilee\AppData\Local\Temp\jna-95587175\jna7053480683572669434.dll
0x00007ffea7ea0000 - 0x00007ffea7ea8000 	C:\WINDOWS\System32\PSAPI.DLL

dbghelp: loaded successfully - version: 4.0.5 - missing functions: none
symbol engine: initialized successfully - sym options: 0x614 - pdb path: .;c:\Users\dilee\.vscode\extensions\redhat.java-1.38.0-win32-x64\jre\17.0.13-win32-x86_64\bin;C:\WINDOWS\SYSTEM32;C:\WINDOWS\WinSxS\amd64_microsoft.windows.common-controls_6595b64144ccf1df_6.0.26100.2454_none_3e0b68a2e331ad60;c:\Users\dilee\.vscode\extensions\redhat.java-1.38.0-win32-x64\jre\17.0.13-win32-x86_64\bin\server;C:\Users\dilee\AppData\Roaming\Code\User\globalStorage\redhat.java\1.38.0\config_win\org.eclipse.equinox.launcher\org.eclipse.equinox.launcher.win32.win32.x86_64_1.2.1100.v20240722-2106;C:\Users\dilee\AppData\Local\Temp\jna-95587175

VM Arguments:
jvm_args: --add-modules=ALL-SYSTEM --add-opens=java.base/java.util=ALL-UNNAMED --add-opens=java.base/java.lang=ALL-UNNAMED --add-opens=java.base/sun.nio.fs=ALL-UNNAMED -Declipse.application=org.eclipse.jdt.ls.core.id1 -Dosgi.bundles.defaultStartLevel=4 -Declipse.product=org.eclipse.jdt.ls.core.product -Djava.import.generatesMetadataFilesAtProjectRoot=false -DDetectVMInstallationsJob.disabled=true -Dfile.encoding=utf8 -XX:+UseParallelGC -XX:GCTimeRatio=4 -XX:AdaptiveSizePolicyWeight=90 -Dsun.zip.disableMemoryMapping=true -Xmx1G -Xms100m -Xlog:disable -javaagent:c:\Users\dilee\.vscode\extensions\redhat.java-1.38.0-win32-x64\lombok\lombok-1.18.34.jar -XX:+HeapDumpOnOutOfMemoryError -XX:HeapDumpPath=c:\Users\dilee\AppData\Roaming\Code\User\workspaceStorage\59530ec292aceb0c47c04ba6be4cce8c\redhat.java -Daether.dependencyCollector.impl=bf 
java_command: c:\Users\dilee\.vscode\extensions\redhat.java-1.38.0-win32-x64\server\plugins\org.eclipse.equinox.launcher_1.6.900.v20240613-2009.jar -configuration c:\Users\dilee\AppData\Roaming\Code\User\globalStorage\redhat.java\1.38.0\config_win -data c:\Users\dilee\AppData\Roaming\Code\User\workspaceStorage\59530ec292aceb0c47c04ba6be4cce8c\redhat.java\jdt_ws --pipe=\\.\pipe\lsp-e005341cce59f87f771ffe7761770bcf-sock
java_class_path (initial): c:\Users\dilee\.vscode\extensions\redhat.java-1.38.0-win32-x64\server\plugins\org.eclipse.equinox.launcher_1.6.900.v20240613-2009.jar
Launcher Type: SUN_STANDARD

[Global flags]
    uintx AdaptiveSizePolicyWeight                 = 90                                        {product} {command line}
     intx CICompilerCount                          = 4                                         {product} {ergonomic}
    uintx GCTimeRatio                              = 4                                         {product} {command line}
     bool HeapDumpOnOutOfMemoryError               = true                                   {manageable} {command line}
    ccstr HeapDumpPath                             = c:\Users\dilee\AppData\Roaming\Code\User\workspaceStorage\59530ec292aceb0c47c04ba6be4cce8c\redhat.java         {manageable} {command line}
   size_t InitialHeapSize                          = 104857600                                 {product} {command line}
   size_t MaxHeapSize                              = 1073741824                                {product} {command line}
   size_t MaxNewSize                               = 357564416                                 {product} {ergonomic}
   size_t MinHeapDeltaBytes                        = 524288                                    {product} {ergonomic}
   size_t MinHeapSize                              = 104857600                                 {product} {command line}
   size_t NewSize                                  = 34603008                                  {product} {ergonomic}
    uintx NonNMethodCodeHeapSize                   = 5839372                                {pd product} {ergonomic}
    uintx NonProfiledCodeHeapSize                  = 122909434                              {pd product} {ergonomic}
   size_t OldSize                                  = 70254592                                  {product} {ergonomic}
    uintx ProfiledCodeHeapSize                     = 122909434                              {pd product} {ergonomic}
    uintx ReservedCodeCacheSize                    = 251658240                              {pd product} {ergonomic}
     bool SegmentedCodeCache                       = true                                      {product} {ergonomic}
   size_t SoftMaxHeapSize                          = 1073741824                             {manageable} {ergonomic}
     bool UseCompressedClassPointers               = true                           {product lp64_product} {ergonomic}
     bool UseCompressedOops                        = true                           {product lp64_product} {ergonomic}
     bool UseLargePagesIndividualAllocation        = false                                  {pd product} {ergonomic}
     bool UseParallelGC                            = true                                      {product} {command line}

Logging:
Log output configuration:
 #0: stdout all=off uptime,level,tags
 #1: stderr all=off uptime,level,tags

Environment Variables:
JAVA_HOME=C:\Program Files\Java\jdk-17
PATH=C:\Program Files\Common Files\Oracle\Java\javapath;C:\WINDOWS\system32;C:\WINDOWS;C:\WINDOWS\System32\Wbem;C:\WINDOWS\System32\WindowsPowerShell\v1.0\;C:\WINDOWS\System32\OpenSSH\;C:\Program Files\nodejs\;C:\ProgramData\chocolatey\bin;C:\Users\dilee\AppData\Local\Microsoft\WindowsApps;C:\Users\dilee\AppData\Local\Programs\Microsoft VS Code\bin;C:\Users\dilee\AppData\Roaming\npm;C:\Program Files\Java\jdk-17\bin;D:\Users\dilee\AppData\Local\Android\Sdk;D:\Users\dilee\AppData\Local\Android\Sdk\platform-tools;D:\Users\dilee\AppData\Local\Android\Sdk\platforms;D:\Users\dilee\AppData\Local\Android\Sdk\emulator;
USERNAME=dilee
OS=Windows_NT
PROCESSOR_IDENTIFIER=Intel64 Family 6 Model 154 Stepping 3, GenuineIntel
TMP=C:\Users\dilee\AppData\Local\Temp
TEMP=C:\Users\dilee\AppData\Local\Temp



Periodic native trim disabled


---------------  S Y S T E M  ---------------

OS:
 Windows 11 , 64 bit Build 26100 (10.0.26100.2454)
OS uptime: 0 days 4:22 hours

CPU: total 12 (initial active 12) (6 cores per cpu, 2 threads per core) family 6 model 154 stepping 3 microcode 0x423, cx8, cmov, fxsr, ht, mmx, 3dnowpref, sse, sse2, sse3, ssse3, sse4.1, sse4.2, popcnt, lzcnt, tsc, tscinvbit, avx, avx2, aes, erms, clmul, bmi1, bmi2, adx, sha, fma, vzeroupper, clflush, clflushopt, clwb
Processor Information for processor 0
  Max Mhz: 2000, Current Mhz: 2000, Mhz Limit: 2000
Processor Information for processor 1
  Max Mhz: 2000, Current Mhz: 1520, Mhz Limit: 2000
Processor Information for processor 2
  Max Mhz: 2000, Current Mhz: 2000, Mhz Limit: 2000
Processor Information for processor 3
  Max Mhz: 2000, Current Mhz: 2000, Mhz Limit: 2000
Processor Information for processor 4
  Max Mhz: 2000, Current Mhz: 2000, Mhz Limit: 2000
Processor Information for processor 5
  Max Mhz: 2000, Current Mhz: 2000, Mhz Limit: 2000
Processor Information for processor 6
  Max Mhz: 2000, Current Mhz: 2000, Mhz Limit: 2000
Processor Information for processor 7
  Max Mhz: 2000, Current Mhz: 2000, Mhz Limit: 2000
Processor Information for processor 8
  Max Mhz: 2000, Current Mhz: 1466, Mhz Limit: 2000
Processor Information for processor 9
  Max Mhz: 2000, Current Mhz: 1466, Mhz Limit: 2000
Processor Information for processor 10
  Max Mhz: 2000, Current Mhz: 2000, Mhz Limit: 2000
Processor Information for processor 11
  Max Mhz: 2000, Current Mhz: 1466, Mhz Limit: 2000

Memory: 4k page, system-wide physical 16092M (1173M free)
TotalPageFile size 31452M (AvailPageFile size 5M)
current process WorkingSet (physical memory assigned to process): 217M, peak: 217M
current process commit charge ("private bytes"): 302M, peak: 304M

vm_info: OpenJDK 64-Bit Server VM (17.0.13+11) for windows-amd64 JRE (17.0.13+11), built on Oct 16 2024 00:10:08 by "admin" with MS VC++ 17.7 (VS2022)

END.
